0000000000000000 T __code_start
0000000000000000 0000000000000004 b fsdev_last_result
0000000000000000 A __start__
0000000000000000 T _start
0000000000000000 b _TLS_MODULE_BASE_
0000000000000004 0000000000000004 b g_fsPriority
0000000000000008 0000000000000401 B __nx_dev_path_buf
0000000000000080 t startup
00000000000000a4 t bssclr_start
00000000000000cc t bss_loop
0000000000000120 T __nx_exit
0000000000000130 T __nx_mod0
0000000000000158 T _init
00000000000001c0 0000000000000038 T exit
0000000000000200 00000000000001a4 T main
00000000000003a8 t deregister_tm_clones
00000000000003d8 t register_tm_clones
0000000000000418 t __do_global_dtors_aux
0000000000000460 t frame_dummy
00000000000004a0 00000000000001f4 T Submenu
00000000000006a0 0000000000000094 T Help
0000000000000740 00000000000000bc T Time
0000000000000800 0000000000000024 t _appletInfiniteSleepLoop
0000000000000830 00000000000000c8 t _appletCmdNoIO
0000000000000900 00000000000000e0 t _appletCmdNoInOutU64
00000000000009e0 00000000000000f4 t _appletCmdGetSession
0000000000000ae0 00000000000000dc t _appletCmdNoInOutU32
0000000000000bc0 00000000000000e4 t _appletCmdNoInOutU8
0000000000000cb0 0000000000000040 t _appletCmdNoInOutBool
0000000000000cf0 0000000000000100 t _appletGetLaunchReason
0000000000000df0 00000000000000ec t _appletSetFocusHandlingMode
0000000000000ee0 00000000000000dc t _appletGetLibraryAppletInfo
0000000000000fc0 00000000000000c4 t _appletCmdInU8NoOut.isra.0
0000000000001090 00000000000000c4 t _appletCmdInU32NoOut.isra.0
0000000000001160 0000000000000118 t _appletGetSessionProxy.constprop.0
0000000000001280 0000000000000134 t _appletOpenLibraryAppletProxy.constprop.0
00000000000013c0 00000000000000d8 t _appletCmdGetHandle.constprop.0
00000000000014a0 0000000000000068 t _appletCmdGetEvent
0000000000001510 0000000000000010 T appletGetAppletType
0000000000001520 0000000000000110 T appletSetFocusHandlingMode
0000000000001630 0000000000000060 T appletSetCpuBoostMode
0000000000001690 0000000000000028 T appletCreateManagedDisplayLayer
00000000000016c0 0000000000000028 T appletGetAppletResourceUserId
00000000000016f0 000000000000010c t _appletGetIndirectLayerConsumerHandle.isra.0
0000000000001800 0000000000000078 t _appletHolderCreateState
0000000000001880 00000000000000b4 T appletHolderClose
0000000000001940 0000000000000018 T appletHolderGetLibraryAppletInfo
0000000000001960 0000000000000058 T appletNotifyRunning
00000000000019c0 0000000000000088 T appletSetGamePlayRecordingState
0000000000001a50 0000000000000ad0 t _appletCleanup
0000000000002520 0000000000000044 T appletExit
0000000000002570 0000000000000020 t _appletExitProcess
0000000000002590 000000000000003c T appletGetLibraryAppletInfo
00000000000025d0 0000000000000a14 T appletInitialize
0000000000002ff0 0000000000000070 T appletGetMessage
0000000000003060 0000000000000230 T appletProcessMessage
0000000000003290 0000000000000034 T appletMainLoop
00000000000032d0 00000000000000ec t _hidCmdWithNoInput
00000000000033c0 0000000000000104 t _hidCmdWithInputU32
00000000000034d0 00000000000000f8 t _hidCreateAppletResource.constprop.0
00000000000035d0 00000000000000c4 t _hidCmdGetHandle.isra.0.constprop.0
00000000000036a0 00000000000000f4 t _hidCmdWithInputU64.constprop.0
00000000000037a0 00000000000001f8 T hidReset
00000000000039a0 000000000000000c T hidGetSharedmemAddr
00000000000039b0 000000000000006c T hidKeysDown
0000000000003a20 000000000000000c T hidTouchCount
0000000000003a30 00000000000005c0 T hidScanInput
0000000000003ff0 0000000000000008 T hidSetSupportedNpadStyleSet
0000000000004000 0000000000000190 T hidSetSupportedNpadIdType
0000000000004190 0000000000000008 T hidSetNpadJoyHoldType
00000000000041a0 0000000000000020 T hidSetNpadJoyAssignmentModeDual
00000000000041c0 0000000000000080 T hidFinalizeSevenSixAxisSensor
0000000000004240 0000000000000100 t _hidCleanup
0000000000004340 00000000000001d8 T hidInitialize
0000000000004520 0000000000000044 T hidExit
0000000000004570 00000000000000c0 t _apmCleanup
0000000000004630 00000000000000dc t _apmCmdGetSession.constprop.0
0000000000004710 00000000000000a0 T apmInitialize
00000000000047b0 0000000000000044 T apmExit
0000000000004800 00000000000000c4 T apmSetPerformanceConfiguration
00000000000048d0 00000000000001a0 t _fatalCmd
0000000000004a70 000000000000000c T fatalThrowWithPolicy
0000000000004a80 0000000000000014 T fatalSimple
0000000000004a80 0000000000000014 T fatalThrow
0000000000004aa0 0000000000000068 t _smCleanup
0000000000004b10 0000000000000048 T smAddOverrideHandle
0000000000004b60 0000000000000054 T smGetServiceOverride
0000000000004bc0 0000000000000044 T smExit
0000000000004c10 00000000000000cc T smGetServiceOriginal
0000000000004ce0 000000000000027c T smInitialize
0000000000004f60 0000000000000110 T smGetServiceWrapper
0000000000005070 0000000000000010 T hosversionGet
0000000000005080 0000000000000010 T hosversionSet
0000000000005090 0000000000000234 T envSetup
00000000000052d0 0000000000000020 T envGetMainThreadHandle
00000000000052f0 000000000000000c T envIsNso
0000000000005300 0000000000000014 T envHasHeapOverride
0000000000005320 000000000000000c T envGetHeapOverrideAddr
0000000000005330 000000000000000c T envGetHeapOverrideSize
0000000000005340 0000000000000014 T envHasArgv
0000000000005360 000000000000000c T envGetArgv
0000000000005370 000000000000000c T envGetExitFuncPtr
0000000000005380 000000000000000c T envSetExitFuncPtr
0000000000005390 0000000000000048 t consoleDrawChar
00000000000053e0 0000000000000140 t consoleClearLine
0000000000005520 0000000000000048 t consoleNewRow
0000000000005570 0000000000000120 t consolePrintChar
0000000000005690 0000000000000150 t consoleCls
00000000000057e0 0000000000000814 t con_write
0000000000006000 000000000000011c T consoleInit
0000000000006120 0000000000000048 T consoleExit
0000000000006170 000000000000002c T consoleUpdate
00000000000061a0 0000000000000070 t ConsoleSwRenderer_flushAndSwap
0000000000006210 00000000000000c8 t ConsoleSwRenderer_scrollWindow
00000000000062e0 0000000000000194 t ConsoleSwRenderer_drawChar
0000000000006480 000000000000003c t ConsoleSwRenderer_deinit
00000000000064c0 00000000000000f4 t ConsoleSwRenderer_init
00000000000065c0 000000000000000c W getDefaultConsoleRenderer
00000000000065cc T svcSetHeapSize
00000000000065e0 T svcSetMemoryAttribute
00000000000065e8 T svcUnmapMemory
00000000000065f0 T svcQueryMemory
0000000000006604 T svcExitProcess
000000000000660c T svcSleepThread
0000000000006614 T svcMapSharedMemory
000000000000661c T svcUnmapSharedMemory
0000000000006624 T svcCreateTransferMemory
0000000000006638 T svcCloseHandle
0000000000006640 T svcResetSignal
0000000000006648 T svcWaitSynchronization
000000000000665c T svcArbitrateLock
0000000000006664 T svcArbitrateUnlock
000000000000666c T svcWaitProcessWideKeyAtomic
0000000000006674 T svcSignalProcessWideKey
000000000000667c T svcConnectToNamedPort
0000000000006690 T svcSendSyncRequest
0000000000006698 T svcBreak
00000000000066a0 T svcReturnFromException
00000000000066a8 T svcGetInfo
00000000000066bc T svcUnmapTransferMemory
00000000000066d0 000000000000017c T detectKernelVersion
0000000000006850 0000000000000030 T detectDebugger
0000000000006880 0000000000000014 T shmemLoadRemote
00000000000068a0 0000000000000084 T shmemMap
0000000000006930 0000000000000058 T shmemUnmap
0000000000006990 0000000000000044 T shmemClose
00000000000069e0 0000000000000104 t _waitLoop
0000000000006af0 0000000000000328 t _waitObjectsImpl
0000000000006e20 000000000000000c T waitObjects
0000000000006e30 0000000000000098 T rwlockReadLock
0000000000006ed0 00000000000000b4 T rwlockReadUnlock
0000000000006f90 00000000000000a4 T rwlockWriteLock
0000000000007040 0000000000000078 T rwlockWriteUnlock
00000000000070c0 00000000000000a8 T tmemCreate
0000000000007170 0000000000000058 T tmemUnmap
00000000000071d0 0000000000000068 T tmemClose
0000000000007240 000000000000008c T mutexLock
00000000000072d0 0000000000000030 T mutexUnlock
0000000000007300 000000000000004c T rmutexLock
0000000000007350 000000000000001c T rmutexUnlock
0000000000007370 000000000000007c t _GetRegionFromInfo.isra.0
00000000000073f0 0000000000000114 T virtmemSetup
0000000000007510 0000000000000124 T virtmemReserve
0000000000007640 0000000000000004 T virtmemFree
0000000000007650 000000000000000c T eventLoadRemote
0000000000007660 0000000000000038 T eventWait
00000000000076a0 0000000000000050 T eventClose
00000000000076f0 0000000000000060 T condvarWaitTimeout
0000000000007750 0000000000000080 T framebufferMakeLinear
00000000000077d0 0000000000000084 T framebufferClose
0000000000007860 000000000000029c T framebufferCreate
0000000000007b00 0000000000000088 T framebufferBegin
0000000000007b90 0000000000000174 T framebufferEnd
0000000000007d10 000000000000000c T nwindowGetDefault
0000000000007d20 00000000000000c0 T __nx_win_init
0000000000007de0 0000000000000034 T __nx_win_exit
0000000000007e20 0000000000000054 t _nwindowConnect
0000000000007e80 0000000000000040 t _nwindowDisconnect
0000000000007ec0 0000000000000024 T nwindowIsValid
0000000000007ef0 000000000000006c T nwindowClose
0000000000007f60 00000000000000d0 T nwindowCreate
0000000000008030 0000000000000034 T nwindowCreateFromLayer
0000000000008070 0000000000000088 T nwindowSetDimensions
0000000000008100 0000000000000154 T nwindowConfigureBuffer
0000000000008260 00000000000001e0 T nwindowDequeueBuffer
0000000000008440 0000000000000144 T nwindowQueueBuffer
0000000000008590 00000000000000ac T nwindowReleaseBuffers
0000000000008640 00000000000000a0 T __nx_dynamic
00000000000086e0 00000000000000d8 W __libnx_initheap
00000000000087c0 00000000000000e8 W __appInit
00000000000088b0 0000000000000044 W __appExit
0000000000008900 0000000000000028 W __libnx_init
0000000000008930 0000000000000020 W __libnx_exit
0000000000008950 000000000000001c T __syscall_exit
0000000000008970 0000000000000034 T __syscall_getreent
00000000000089b0 0000000000000004 T __syscall_lock_acquire
00000000000089c0 0000000000000004 T __syscall_lock_release
00000000000089d0 0000000000000004 T __syscall_lock_acquire_recursive
00000000000089e0 0000000000000004 T __syscall_lock_release_recursive
00000000000089f0 000000000000023c T __libnx_init_time
0000000000008c30 000000000000008c T __syscall_gettod_r
0000000000008cc0 0000000000000084 T newlibSetup
0000000000008d50 0000000000000328 T argvSetup
0000000000009080 0000000000000014 t fsdev_link
00000000000090a0 0000000000000014 t fsdev_dirreset
00000000000090c0 0000000000000014 t fsdev_chmod
00000000000090e0 000000000000001c t error_cmp
0000000000009100 000000000000005c t fsdev_translate_error
0000000000009160 0000000000000040 t fsdev_fsync
00000000000091a0 0000000000000058 t fsdev_ftruncate
0000000000009200 0000000000000020 t fsdev_dirclose
0000000000009220 000000000000001c t fsdev_close
0000000000009240 0000000000000080 t fsdev_converttimetoutc
00000000000092c0 00000000000000d0 t fsdev_fstat
0000000000009390 00000000000000b0 t fsdev_seek
0000000000009440 000000000000010c t fsdev_read_safe.isra.0
0000000000009550 00000000000000c4 t fsdev_read
0000000000009620 00000000000000fc t fsdev_write_safe.isra.0
0000000000009720 00000000000000e0 t fsdev_write
0000000000009800 00000000000000b8 t fsdevFindDevice.part.0
00000000000098c0 0000000000000214 t fsdev_getfspath
0000000000009ae0 0000000000000078 t fsdev_rmdir
0000000000009b60 00000000000000cc t fsdev_statvfs
0000000000009c30 00000000000000f0 t fsdev_diropen
0000000000009d20 0000000000000078 t fsdev_mkdir
0000000000009da0 0000000000000104 t fsdev_rename
0000000000009eb0 0000000000000114 t fsdev_chdir
0000000000009fd0 0000000000000078 t fsdev_unlink
000000000000a050 00000000000001c8 t fsdev_stat
000000000000a220 0000000000000190 t fsdev_open
000000000000a3b0 00000000000000a8 t _fsdevUnmountDeviceStruct.part.0
000000000000a460 0000000000000180 t fsdev_dirnext
000000000000a5e0 0000000000000014 t fsdev_fchmod
000000000000a600 00000000000001c8 T fsdevMountDevice
000000000000a7d0 0000000000000048 T fsdevMountSdmc
000000000000a820 00000000000000cc T __libnx_init_cwd
000000000000a8f0 0000000000000064 T fsdevUnmountAll
000000000000a960 000000000000012c T decode_utf8
000000000000aa8c T armDCacheFlush
000000000000aab0 t armDCacheFlush_L0
000000000000aac8 W __libnx_exception_entry
000000000000ab54 t __libnx_exception_entry_start
000000000000ac7c t __libnx_exception_entry_abort
000000000000ac80 t __libnx_exception_entry_end
000000000000ac88 T __libnx_exception_returnentry
000000000000aca0 T __aarch64_read_tp
000000000000acb0 00000000000000cc t _nvSetClientPID
000000000000ad80 00000000000000d0 t _nvCleanup
000000000000ae50 00000000000000dc t _nvCmdInitialize.constprop.0
000000000000af30 0000000000000248 T nvInitialize
000000000000b180 0000000000000044 T nvExit
000000000000b1d0 0000000000000140 T nvConvertError
000000000000b310 0000000000000110 T nvOpen
000000000000b420 000000000000024c T nvIoctl
000000000000b670 00000000000000d4 T nvClose
000000000000b750 0000000000000104 T nvQueryEvent
000000000000b860 00000000000001c8 t _timeCleanup
000000000000ba30 00000000000000c4 t _timeCmdNoInOutU64.isra.0.constprop.0
000000000000bb00 00000000000000e4 t _timeCmdGetSession.constprop.0
000000000000bbf0 00000000000001d0 T timeInitialize
000000000000bdc0 0000000000000044 T timeExit
000000000000be10 0000000000000038 T timeGetServiceSession_SystemClock
000000000000be50 0000000000000038 T timeGetCurrentTime
000000000000be90 0000000000000114 T timeToCalendarTimeWithMyRule
000000000000bfb0 0000000000000100 T timeToPosixTimeWithMyRule
000000000000c0b0 00000000000001dc t _viCleanup
000000000000c290 00000000000000e4 t _viCmdGetSessionNoParams.constprop.0
000000000000c380 00000000000000e0 t _viCmdGetSession.constprop.0
000000000000c460 0000000000000260 T viInitialize
000000000000c6c0 0000000000000044 T viExit
000000000000c710 000000000000000c T viGetSession_IHOSBinderDriverRelay
000000000000c720 000000000000011c T viOpenDisplay
000000000000c840 00000000000000f4 T viCloseDisplay
000000000000c940 00000000000000f4 T viCloseLayer
000000000000ca40 00000000000003a0 T viCreateLayer
000000000000cde0 00000000000000d4 T viSetLayerScalingMode
000000000000cec0 00000000000000d0 t _setsysGetFirmwareVersionImpl
000000000000cf90 0000000000000068 t _setsysCleanup
000000000000d000 00000000000000a0 T setsysInitialize
000000000000d0a0 0000000000000044 T setsysExit
000000000000d0f0 0000000000000044 T setsysGetFirmwareVersion
000000000000d140 00000000000000b4 t _fsCleanup
000000000000d200 00000000000001dc t _fsCmdNoIO
000000000000d3e0 00000000000001d4 t _fsFsCmdWithInPath
000000000000d5c0 00000000000001fc t _fsFsCmdWithTwoInPaths
000000000000d7c0 000000000000022c t _fsFsOpenCommon
000000000000d9f0 00000000000001f0 t _fsFsCmdWithInPathAndOutU64
000000000000dbe0 00000000000000f4 t _fsObjectClose
000000000000dce0 000000000000016c t _fsCmdGetSession.constprop.0
000000000000de50 000000000000030c T fsInitialize
000000000000e160 0000000000000044 T fsExit
000000000000e1b0 0000000000000008 T fsOpenSdCardFileSystem
000000000000e1c0 00000000000001e4 T fsFsCreateFile
000000000000e3b0 0000000000000008 T fsFsDeleteFile
000000000000e3c0 0000000000000008 T fsFsCreateDirectory
000000000000e3d0 0000000000000008 T fsFsDeleteDirectory
000000000000e3e0 0000000000000008 T fsFsRenameFile
000000000000e3f0 0000000000000008 T fsFsRenameDirectory
000000000000e400 00000000000001e8 T fsFsGetEntryType
000000000000e5f0 0000000000000008 T fsFsOpenFile
000000000000e600 0000000000000008 T fsFsOpenDirectory
000000000000e610 0000000000000008 T fsFsGetFreeSpace
000000000000e620 0000000000000008 T fsFsGetTotalSpace
000000000000e630 000000000000022c T fsFsGetFileTimeStampRaw
000000000000e860 0000000000000004 T fsFsClose
000000000000e870 0000000000000218 T fsFileRead
000000000000ea90 0000000000000208 T fsFileWrite
000000000000eca0 0000000000000008 T fsFileFlush
000000000000ecb0 00000000000001e0 T fsFileSetSize
000000000000ee90 00000000000001f0 T fsFileGetSize
000000000000f080 0000000000000004 T fsFileClose
000000000000f090 0000000000000004 T fsDirClose
000000000000f0a0 0000000000000200 T fsDirRead
000000000000f2a0 0000000000000060 t _nvFenceEventWaitCommon
000000000000f300 000000000000005c T nvFenceInit
000000000000f360 00000000000000b0 T nvFenceExit
000000000000f410 00000000000001cc T nvFenceWait
000000000000f5e0 0000000000000074 T nvMultiFenceWait
000000000000f660 000000000000006c T nvMapInit
000000000000f6d0 0000000000000068 T nvMapExit
000000000000f740 0000000000000080 T nvMapClose
000000000000f7c0 0000000000000160 T nvMapCreate
000000000000f920 0000000000000028 T nvioctlNvhostCtrl_EventSignal
000000000000f950 0000000000000044 T nvioctlNvhostCtrl_EventWait
000000000000f9a0 0000000000000030 T nvioctlNvhostCtrl_EventWaitAsync
000000000000f9d0 0000000000000028 T nvioctlNvhostCtrl_EventRegister
000000000000fa00 0000000000000028 T nvioctlNvhostCtrl_EventUnregister
000000000000fa30 0000000000000040 T nvioctlNvmap_Create
000000000000fa70 0000000000000044 T nvioctlNvmap_Alloc
000000000000fac0 0000000000000030 T nvioctlNvmap_Free
000000000000faf0 0000000000000040 T nvioctlNvmap_GetId
000000000000fb30 00000000000000d8 T bqRequestBuffer
000000000000fc10 0000000000000168 T bqDequeueBuffer
000000000000fd80 000000000000009c T bqDetachBuffer
000000000000fe20 00000000000000dc T bqQueueBuffer
000000000000ff00 0000000000000094 T bqCancelBuffer
000000000000ffa0 00000000000000e8 T bqConnect
0000000000010090 000000000000009c T bqDisconnect
0000000000010130 0000000000000174 T bqSetPreallocatedBuffer
00000000000102b0 0000000000000018 T binderCreate
00000000000102d0 000000000000039c T binderTransactParcel
0000000000010670 0000000000000124 T binderConvertErrorCode
00000000000107a0 0000000000000120 T binderAdjustRefcount
00000000000108c0 0000000000000098 T binderInitSession
0000000000010960 0000000000000068 T binderClose
00000000000109d0 0000000000000154 T binderGetNativeHandle
0000000000010b30 0000000000000030 T parcelCreate
0000000000010b60 000000000000019c T parcelTransact
0000000000010d00 0000000000000088 T parcelWriteData
0000000000010d90 0000000000000098 T parcelReadData
0000000000010e30 0000000000000020 T parcelWriteInt32
0000000000010e50 0000000000000020 T parcelWriteUInt32
0000000000010e70 000000000000007c T parcelWriteString16
0000000000010ef0 0000000000000030 T parcelWriteInterfaceToken
0000000000010f20 0000000000000024 T parcelReadInt32
0000000000010f50 0000000000000068 T parcelReadFlattenedObject
0000000000010fc0 000000000000004c T parcelWriteFlattenedObject
0000000000011010 00000000000000c4 T nxlinkSetup
00000000000110e0 0000000000000180 T sessionmgrCreate
0000000000011260 0000000000000084 T sessionmgrClose
00000000000112f0 00000000000000a4 T sessionmgrAttachClient
00000000000113a0 0000000000000074 T sessionmgrDetachClient
0000000000011418 000000000000003c T aligned_alloc
0000000000011458 00000000000000b8 T bsearch
0000000000011510 000000000000002c T calloc
0000000000011540 0000000000000094 T _calloc_r
00000000000115d8 0000000000000014 T __errno
00000000000115f0 000000000000004c T __libc_fini_array
0000000000011640 000000000000002c T gmtime
0000000000011670 000000000000029c T gmtime_r
0000000000011910 000000000000009c T __libc_init_array
00000000000119b0 000000000000002c T memalign
00000000000119e0 00000000000001a0 T _memalign_r
0000000000011b80 0000000000000024 T malloc
0000000000011ba8 0000000000000024 T free
0000000000011bd0 0000000000000874 T _malloc_r
0000000000012444 00000000000000d8 T memchr
0000000000012540 000000000000016c T memcpy
00000000000126c0 00000000000001dc T memset
00000000000128a0 000000000000000c T __malloc_lock
00000000000128b0 000000000000000c T __malloc_unlock
00000000000128c0 0000000000000090 T printf
0000000000012950 000000000000003c T setenv
0000000000012990 0000000000000268 T _setenv_r
0000000000012bf8 0000000000000278 T setvbuf
0000000000012e70 00000000000000c0 T sscanf
0000000000012f30 0000000000000050 T __sread
0000000000012f80 0000000000000008 T __seofread
0000000000012f88 000000000000006c T __swrite
0000000000012ff8 0000000000000050 T __sseek
0000000000013048 0000000000000008 T __sclose
0000000000013050 00000000000000dc T strchr
0000000000013140 00000000000000e4 T strcmp
0000000000013240 0000000000000140 T strlen
0000000000013380 0000000000000084 T strncat
000000000001345c 00000000000001b8 T strncmp
0000000000013618 000000000000009c T strncpy
00000000000136e4 00000000000000e0 T strnlen
00000000000137a0 00000000000001ac t _strtoul_l.isra.0
0000000000013950 0000000000000044 T _strtoul_r
0000000000013998 0000000000000048 T strtoul
00000000000139e0 0000000000000074 t get_arg
0000000000013a54 0000000000003204 T __ssvfscanf_r
0000000000016c58 0000000000000040 T time
0000000000016c98 0000000000000784 t get_arg
000000000001741c 0000000000003cc4 T _vfprintf_r
000000000001b0e0 00000000000000f4 t __sbprintf
000000000001b1d8 00000000000000d0 T _wcrtomb_r
000000000001b2a8 0000000000000010 T _wcsrtombs_r
000000000001b2b8 0000000000000138 T __swsetup_r
000000000001b3f0 000000000000012c T __call_exitprocs
000000000001b520 000000000000019c t quorem
000000000001b6c0 0000000000001124 T _dtoa_r
000000000001c7e8 000000000000000c T __env_lock
000000000001c7f8 000000000000000c T __env_unlock
000000000001c808 0000000000000214 T __sflush_r
000000000001ca20 00000000000000b8 T _fflush_r
000000000001cad8 0000000000000080 t std
000000000001cb58 000000000000000c T _cleanup_r
000000000001cb68 000000000000000c T __sfp_lock_acquire
000000000001cb78 000000000000000c T __sfp_lock_release
000000000001cb88 000000000000000c T __sinit_lock_acquire
000000000001cb98 000000000000000c T __sinit_lock_release
000000000001cba8 0000000000000080 T __sinit
000000000001cc28 0000000000000118 T _malloc_trim_r
000000000001cd40 0000000000000300 T _free_r
000000000001d040 00000000000000a4 T _fwalk_reent
000000000001d0e8 0000000000000100 T _findenv_r
000000000001d1e8 0000000000000008 T iswspace
000000000001d1f0 0000000000000008 T __localeconv_l
000000000001d1f8 0000000000000028 T _localeconv_r
000000000001d220 000000000000002c T __locale_mb_cur_max
000000000001d250 00000000000000a4 T __swhatbuf_r
000000000001d2f8 000000000000010c T __smakebuf_r
000000000001d408 00000000000000e8 T _mbrtowc_r
000000000001d4f0 00000000000002c8 T __utf8_mbtowc
000000000001d7b8 0000000000000090 T _Balloc
000000000001d848 000000000000001c T _Bfree
000000000001d868 00000000000000d8 T __multadd
000000000001d940 000000000000012c T __s2b
000000000001da70 000000000000005c T __hi0bits
000000000001dad0 00000000000000a0 T __lo0bits
000000000001db70 000000000000002c T __i2b
000000000001dba0 00000000000001dc T __multiply
000000000001dd80 0000000000000100 T __pow5mult
000000000001de80 0000000000000154 T __lshift
000000000001dfd8 0000000000000050 T __mcmp
000000000001e028 000000000000017c T __mdiff
000000000001e1a8 0000000000000068 T __ulp
000000000001e210 0000000000000150 T __b2d
000000000001e360 0000000000000138 T __d2b
000000000001e498 00000000000000a0 T __ratio
000000000001e538 0000000000000068 T __copybits
000000000001e5a0 000000000000006c T __any_on
000000000001e610 000000000000002c T realloc
000000000001e640 000000000000056c T _realloc_r
000000000001ebb0 00000000000000d4 T __sccl
000000000001ec88 000000000000000c T nanf
000000000001ec98 000000000000007c T frexp
000000000001ed18 00000000000000ac T sprintf
000000000001edc8 0000000000000098 T stpncpy
000000000001ee60 0000000000000054 t sulp
000000000001eeb8 000000000000112c T _strtod_l
000000000001ffe8 0000000000000054 T _strtod_r
0000000000020040 000000000000019c t _strtoll_l.isra.0
00000000000201e0 0000000000000044 T _strtoll_r
0000000000020228 000000000000019c t _strtol_l.isra.0
00000000000203c8 0000000000000044 T _strtol_r
0000000000020410 00000000000001ac t _strtoull_l.isra.0
00000000000205c0 0000000000000044 T _strtoull_r
0000000000020604 00000000000001c0 T __ssprint_r
00000000000207c4 00000000000000f0 T _sungetc_r
00000000000208b4 0000000000000070 T __ssrefill_r
0000000000020924 00000000000000e0 T _sfread_r
0000000000020a04 0000000000000784 t get_arg
0000000000021188 0000000000003be8 T _svfprintf_r
0000000000024d70 00000000000000c8 T __submore
0000000000024e38 000000000000003c T __sprint_r
0000000000024e78 00000000000001e4 T _wcsnrtombs_l
0000000000025060 0000000000000074 T _wcsnrtombs_r
00000000000250d8 00000000000000e4 T __utf8_wctomb
00000000000251c0 000000000000015c T _fclose_r
0000000000025320 00000000000004b8 T __sfvwrite_r
00000000000257d8 0000000000000114 t rshift
00000000000258f0 0000000000000814 T __gethex
0000000000026108 0000000000000048 T __match
0000000000026150 000000000000024c T __hexnan
00000000000263a0 000000000000004c T iswspace_l
00000000000263f0 0000000000000248 t __jp2uc
0000000000026638 00000000000000bc T _jp2uc_l
0000000000026700 00000000000000ac T memmove
00000000000267b0 000000000000000c T nan
00000000000267c0 0000000000000088 T category
0000000000026848 0000000000000008 t null_write
0000000000026850 0000000000000018 T setDefaultDevice
0000000000026868 0000000000000108 T FindDevice
0000000000026970 0000000000000034 T RemoveDevice
00000000000269a8 00000000000000dc T AddDevice
0000000000026a88 0000000000000034 T GetDeviceOpTab
0000000000026ac0 00000000000000a8 T _close_r
0000000000026b68 0000000000000084 T _fstat_r
0000000000026bf0 0000000000000024 T _gettimeofday_r
0000000000026c18 0000000000000008 T _isatty_r
0000000000026c20 0000000000000098 T _lseek_r
0000000000026cb8 00000000000000a4 T _read_r
0000000000026d60 0000000000000078 T _sbrk_r
0000000000026dd8 00000000000000a4 T _write_r
0000000000026e80 0000000000000020 T _exit
0000000000026ea0 0000000000000228 T _concatenate_path
00000000000270c8 0000000000000178 T chdir
0000000000027240 0000000000000014 T __libc_lock_acquire
0000000000027258 0000000000000014 T __libc_lock_release
0000000000027270 000000000000000c T __libc_lock_init_recursive
0000000000027280 0000000000000014 T __libc_lock_acquire_recursive
0000000000027298 0000000000000014 T __libc_lock_release_recursive
00000000000272b0 0000000000000004 T __libc_lock_close_recursive
00000000000272b8 000000000000003c T __free_handle
00000000000272f8 0000000000000058 T __release_handle
0000000000027350 0000000000000020 T __get_handle
0000000000027370 0000000000000020 T __getreent
0000000000027390 0000000000000150 t __extenddftf2
00000000000274e0 000000000000030c t __trunctfdf2
00000000000277f0 0000000000000070 t __sfp_handle_exceptions
0000000000027860 0000000000000100 T strrchr
0000000000027960 T _fini
0000000000028000 R __rodata_start
0000000000028400 0000000000000014 r CSWTCH.525
0000000000028520 0000000000000030 r colorTable
0000000000028550 R default_font_bin
000000000002a550 R default_font_bin_end
000000000002a550 R default_font_bin_size
000000000002a558 0000000000000038 r g_nvColorFmtTable
000000000002a5c0 0000000000000020 r error_table
000000000002a608 0000000000000023 r g_bq_InterfaceDescriptor
000000000002a640 0000000000000101 R _ctype_
000000000002a830 0000000000000022 r basefix.6725
000000000002a9e0 0000000000000010 r blanks.6707
000000000002a9f0 0000000000000010 r zeroes.6708
000000000002aa98 0000000000000028 R __mprec_bigtens
000000000002aac0 00000000000000c8 R __mprec_tens
000000000002ab88 000000000000000c r p05.5441
000000000002abc8 0000000000000014 r fpi.5521
000000000002abe0 0000000000000014 r fpinan.5557
000000000002abf8 0000000000000028 r tinytens
000000000002ac20 000000000000006c R __action_table
000000000002ac90 0000000000000100 R __chclass
000000000002ad90 000000000000006c R __state_table
000000000002af48 0000000000000010 r blanks.6692
000000000002af58 0000000000000010 r zeroes.6693
000000000002af68 0000000000000100 R __hexdig
000000000002b080 00000000000000bc r a1
000000000002b140 00000000000000bc r a2
000000000002b200 000000000000005b r a3
000000000002b260 0000000000000070 r a6
000000000002b2d0 00000000000000a2 r a7
000000000002b378 0000000000000040 r a8
000000000002b3b8 000000000000172a r b02cf
000000000002cae8 0000000000001a7c r d02f4
000000000002e568 000000000000309c r categories
0000000000031608 r __EH_FRAME_BEGIN__
0000000000031608 R __eh_frame_hdr_end
0000000000031608 R __eh_frame_hdr_start
00000000000371cc r __FRAME_END__
00000000000371d0 a _DYNAMIC
000000000003a000 R __data_start
000000000003a000 t __frame_dummy_init_array_entry
000000000003a000 T __init_array_start
000000000003a000 B __preinit_array_end
000000000003a000 B __preinit_array_start
000000000003a000 D __tdata_lma
000000000003a000 D __tdata_lma_end
000000000003a008 t __do_global_dtors_aux_fini_array_entry
000000000003a008 T __fini_array_start
000000000003a008 T __init_array_end
000000000003a010 T __fini_array_end
000000000003a010 a _GLOBAL_OFFSET_TABLE_
000000000003a010 T __got_start__
000000000003a2a8 D __got_end__
000000000003a2a8 0000000000000001 D sub1_on
000000000003a2ac 0000000000000004 D sub1_pos
000000000003a2b0 000000000000003c D SubmenuMenu
000000000003a2ec 0000000000000001 D Main
000000000003a2f0 0000000000000004 D main_pos
000000000003a2f8 000000000000003c D MainMenu
000000000003a338 0000000000000060 D months
000000000003a398 0000000000000038 D weekDays
000000000003a3d0 0000000000000001 V __nx_applet_auto_notifyrunning
000000000003a3d4 0000000000000004 V __nx_applet_type
000000000003a3d8 0000000000000001 d firstConsoleInit.6285
000000000003a3e0 0000000000000058 d defaultConsole
000000000003a438 0000000000000008 d currentConsole
000000000003a440 00000000000000e0 d dotab_stdout
000000000003a520 0000000000000088 d s_consoleSwRenderer
000000000003a5a8 0000000000000008 V __nx_exception_stack_size
000000000003a5b0 0000000000000004 V __nx_fsdev_direntry_cache_size
000000000003a5b4 0000000000000001 V __nx_fsdev_support_cwd
000000000003a5b8 00000000000000e0 d fsdev_devoptab
000000000003a698 0000000000000004 V __nx_nv_transfermem_size
000000000003a69c 0000000000000004 V __nx_vi_stray_layer_flags
000000000003a6a0 0000000000000004 d g_viServiceType
000000000003a6a4 0000000000000004 V __nx_fs_num_sessions
000000000003a6a8 0000000000000004 d g_ctrl_fd
000000000003a6ac 0000000000000004 d g_nvmap_fd
000000000003a6b0 0000000000000008 D _impure_ptr
000000000003a6b8 0000000000000768 d impure_data
000000000003ae20 0000000000000008 D _global_impure_ptr
000000000003ae28 0000000000000008 D __malloc_sbrk_base
000000000003ae30 0000000000000008 D __malloc_trim_threshold
000000000003ae38 0000000000000810 D __malloc_av_
000000000003b648 0000000000000008 D environ
000000000003b650 00000000000001a8 D __global_locale
000000000003b7f8 0000000000000002 d numempty
000000000003b800 0000000000000018 D _C_numeric_locale
000000000003b818 0000000000000004 d defaultDevice
000000000003b820 0000000000000080 D devoptab_list
000000000003b8a0 00000000000000e0 D dotab_stdnull
000000000003b980 0000000000000400 d _current_working_directory
000000000003bd80 0000000000000010 d __stderr_handle
000000000003bd90 0000000000000010 d __stdin_handle
000000000003bda0 0000000000000010 d __stdout_handle
000000000003bdb0 0000000000002000 d handles
000000000003ddb0 D __bss_start__
000000000003ddb0 b completed.8111
000000000003ddb0 D __TMC_END__
000000000003ddb8 b object.8116
000000000003dde8 0000000000000080 V __nx_applet_AppletAttribute
000000000003de68 0000000000000008 V __nx_applet_PerformanceConfiguration
000000000003de70 0000000000000004 V __nx_applet_exit_mode
000000000003de74 0000000000000001 b g_appletCopyrightInitialized
000000000003de78 0000000000000028 b g_appletCopyrightTmem
000000000003dea0 0000000000000004 b g_appletCpuBoostMode
000000000003dea4 0000000000000001 b g_appletExitProcessFlag
000000000003dea8 0000000000000004 b g_appletExitProcessResult
000000000003deb0 0000000000000018 b g_appletFirstHook
000000000003dec8 0000000000000001 b g_appletFocusState
000000000003ded0 0000000000000008 b g_appletGuard
000000000003ded8 0000000000000010 b g_appletIAppletCommonFunctions
000000000003dee8 0000000000000010 b g_appletIApplicationCreator
000000000003def8 0000000000000010 b g_appletIAudioController
000000000003df08 0000000000000010 b g_appletICommonStateGetter
000000000003df18 0000000000000010 b g_appletIDebugFunctions
000000000003df28 0000000000000010 b g_appletIDisplayController
000000000003df38 0000000000000010 b g_appletIFunctions
000000000003df48 0000000000000010 b g_appletIGlobalStateController
000000000003df58 0000000000000010 b g_appletILibraryAppletCreator
000000000003df68 0000000000000010 b g_appletILibraryAppletSelfAccessor
000000000003df78 0000000000000010 b g_appletIProcessWindingController
000000000003df88 0000000000000010 b g_appletISelfController
000000000003df98 0000000000000010 b g_appletIWindowController
000000000003dfa8 0000000000000050 b g_appletInfo
000000000003dff8 0000000000000001 b g_appletInfoInitialized
000000000003e000 0000000000000008 b g_appletInitTickBase
000000000003e008 0000000000000001 b g_appletLeftInitialized
000000000003e010 000000000000000c b g_appletLibraryAppletLaunchableEvent
000000000003e020 000000000000000c b g_appletMessageEvent
000000000003e02c 0000000000000001 b g_appletNotifiedRunning
000000000003e02d 0000000000000001 b g_appletOperationMode
000000000003e030 0000000000000004 b g_appletPerformanceMode
000000000003e038 0000000000000010 b g_appletProxySession
000000000003e048 0000000000000004 b g_appletRecordingInitialized
000000000003e050 0000000000000028 b g_appletRecordingTmem
000000000003e078 0000000000000008 b g_appletResourceUserId
000000000003e080 0000000000000010 b g_appletSrv
000000000003e090 0000000000000008 b g_appletSuspendedTick
000000000003e098 000000000000000c b g_appletSuspendedTickEvent
000000000003e0a4 0000000000000001 b g_appletSuspendedTickInitialized
000000000003e0a8 0000000000000050 b g_controllerDown
000000000003e0f8 00000000000001e0 b g_controllerEntries
000000000003e2d8 0000000000000190 b g_controllerHeaders
000000000003e468 0000000000000050 b g_controllerHeld
000000000003e4b8 0000000000000028 b g_controllerLayout
000000000003e4e0 0000000000000500 b g_controllerMisc
000000000003e9e0 0000000000000050 b g_controllerOld
000000000003ea30 0000000000000004 b g_controllerP1AutoID
000000000003ea38 0000000000000050 b g_controllerTimestamps
000000000003ea88 0000000000000050 b g_controllerUp
000000000003ead8 0000000000000008 b g_hidGuard
000000000003eae0 0000000000000010 b g_hidIAppletResource
000000000003eaf0 0000000000000020 b g_hidLock
000000000003eb10 0000000000000020 b g_hidSharedmem
000000000003eb30 0000000000000010 b g_hidSrv
000000000003eb40 0000000000000020 b g_keyboardDown
000000000003eb60 0000000000000038 b g_keyboardEntry
000000000003eb98 0000000000000020 b g_keyboardHeld
000000000003ebb8 0000000000000008 b g_keyboardModDown
000000000003ebc0 0000000000000008 b g_keyboardModHeld
000000000003ebc8 0000000000000008 b g_keyboardModOld
000000000003ebd0 0000000000000008 b g_keyboardModUp
000000000003ebd8 0000000000000020 b g_keyboardOld
000000000003ebf8 0000000000000008 b g_keyboardTimestamp
000000000003ec00 0000000000000020 b g_keyboardUp
000000000003ec20 0000000000000400 b g_mouse
000000000003f020 0000000000000008 b g_mouseDown
000000000003f028 0000000000000008 b g_mouseEntry
000000000003f030 0000000000000008 b g_mouseHeld
000000000003f038 0000000000000008 b g_mouseOld
000000000003f040 0000000000000008 b g_mouseTimestamp
000000000003f048 0000000000000008 b g_mouseUp
000000000003f050 0000000000000008 b g_sevenSixAxisSensorBuffer
000000000003f058 0000000000000028 b g_sevenSixAxisSensorTmem0
000000000003f080 0000000000000028 b g_sevenSixAxisSensorTmem1
000000000003f0a8 000000000000000a b g_sixaxisEnabled
000000000003f0b8 0000000000004650 b g_sixaxisLayouts
0000000000043708 0000000000000298 b g_touchEntry
00000000000439a0 0000000000000008 b g_touchTimestamp
00000000000439a8 0000000000000008 b g_apmGuard
00000000000439b0 0000000000000010 b g_apmISession
00000000000439c0 0000000000000010 b g_apmSrv
00000000000439d0 0000000000000008 b g_smGuard
00000000000439d8 0000000000000180 b g_smOverrides
0000000000043b58 0000000000000008 b g_smOverridesNum
0000000000043b60 0000000000000010 b g_smSrv
0000000000043b70 0000000000000004 b g_hosVersion
0000000000043b74 0000000000000001 b g_hasRandomSeed
0000000000043b75 0000000000000001 b g_isNso
0000000000043b78 0000000000000004 b g_lastLoadResult
0000000000043b80 0000000000000008 b g_loaderInfo
0000000000043b88 0000000000000008 b g_loaderInfoSize
0000000000043b90 0000000000000008 b g_loaderRetAddr
0000000000043b98 0000000000000004 b g_mainThreadHandle
0000000000043ba0 0000000000000008 b g_nextLoadArgv
0000000000043ba8 0000000000000008 b g_nextLoadPath
0000000000043bb0 0000000000000008 b g_overrideArgv
0000000000043bb8 0000000000000008 b g_overrideHeapAddr
0000000000043bc0 0000000000000008 b g_overrideHeapSize
0000000000043bc8 0000000000000004 b g_processHandle
0000000000043bd0 0000000000000010 b g_randomSeed
0000000000043be0 0000000000000010 b g_syscallHints
0000000000043bf0 0000000000000008 b g_userIdStorage
0000000000043bf8 0000000000000058 b currentCopy
0000000000043c50 0000000000000004 b g_Version
0000000000043c54 0000000000000001 b g_VersionCached
0000000000043c58 0000000000000004 b g_VersionMutex
0000000000043c60 0000000000000010 b g_AddressSpace
0000000000043c70 0000000000000008 b g_CurrentAddr
0000000000043c78 0000000000000030 b g_Region
0000000000043ca8 0000000000000004 b g_VirtMemMutex
0000000000043cb0 0000000000000080 b g_defaultWin
0000000000043d30 0000000000000050 b g_viDisplay
0000000000043d80 0000000000000010 b g_viLayer
0000000000043d90 0000000000000004 V __nx_exception_ignoredebug
0000000000043da0 0000000000000400 V __nx_exception_stack
00000000000441a0 0000000000000008 V __nx_heap_size
00000000000441a8 0000000000000008 b __bootticks
00000000000441b0 0000000000000008 b __boottime
00000000000441b8 0000000000000004 V __nx_time_type
00000000000441c0 0000000000000008 b g_argv_empty
00000000000441c8 0000000000000004 b fsdev_fsdevice_cwd
00000000000441d0 0000000000002400 b fsdev_fsdevices
00000000000465d0 0000000000000001 b fsdev_initialised
00000000000465d8 0000000000000008 b g_nvGuard
00000000000465e0 0000000000000010 b g_nvSrv
00000000000465f0 0000000000000010 b g_nvSrvClone
0000000000046600 0000000000000028 b g_nvTransfermem
0000000000046628 0000000000000004 V __nx_time_service_type
0000000000046630 0000000000000008 b g_timeGuard
0000000000046638 0000000000000010 b g_timeLocalSystemClock
0000000000046648 0000000000000010 b g_timeNetworkSystemClock
0000000000046658 0000000000000010 b g_timeSrv
0000000000046668 0000000000000010 b g_timeTimeZoneService
0000000000046678 0000000000000010 b g_timeUserSystemClock
0000000000046688 0000000000000008 V __nx_vi_layer_id
0000000000046690 0000000000000008 b g_viGuard
0000000000046698 0000000000000010 b g_viIApplicationDisplayService
00000000000466a8 0000000000000010 b g_viIHOSBinderDriverIndirect
00000000000466b8 0000000000000010 b g_viIHOSBinderDriverRelay
00000000000466c8 0000000000000010 b g_viIManagerDisplayService
00000000000466d8 0000000000000010 b g_viISystemDisplayService
00000000000466e8 0000000000000008 b g_setsysGuard
00000000000466f0 0000000000000010 b g_setsysSrv
0000000000046700 0000000000000008 b g_fsGuard
0000000000046708 0000000000000054 b g_fsSessionMgr
0000000000046760 0000000000000010 b g_fsSrv
0000000000046770 0000000000000008 b g_NvEventUsedMask
0000000000046778 0000000000000300 b g_NvEvents
0000000000046a78 0000000000000008 b g_refCnt
0000000000046a80 0000000000000008 b g_refCnt
0000000000046a88 0000000000000028 B __malloc_current_mallinfo
0000000000046ab0 0000000000000008 B __malloc_max_sbrked_mem
0000000000046ab8 0000000000000008 B __malloc_max_total_mem
0000000000046ac0 0000000000000008 B __malloc_top_pad
0000000000046ac8 000000000000000c b __malloc_recursive_mutex
0000000000046ad4 0000000000000004 b alloced.4188
0000000000046ad8 000000000000000c B __atexit_recursive_mutex
0000000000046ae8 0000000000000008 b initial_env
0000000000046af0 000000000000000c b __env_recursive_mutex
0000000000046b00 000000000000000c b __sfp_recursive_mutex
0000000000046b10 000000000000000c b __sinit_recursive_mutex
0000000000046b20 0000000000000008 b heap_start.5367
0000000000046b28 0000000000000008 B fake_heap_end
0000000000046b30 0000000000000008 B fake_heap_start
0000000000046b38 0000000000000400 b temp_cwd
0000000000046f38 0000000000000004 b __hndl_lock
0000000000046f40 0000000000000340 B __nx_exceptiondump
0000000000047280 0000000000000008 B __stack_top
0000000000047288 0000000000000008 B __system_argv
0000000000047290 0000000000000004 B __system_argc
0000000000047298 0000000000000004 B __nxlink_host
00000000000472a0 B __tls_start
00000000000476b0 B __bss_end__
00000000000476b0 A __end__
00000000000476b0 B __tls_end
0000000000048000 A __argdata__
