0000000000000000 T __code_start
0000000000000000 0000000000000004 b fsdev_last_result
0000000000000000 A __start__
0000000000000000 T _start
0000000000000000 b _TLS_MODULE_BASE_
0000000000000004 0000000000000004 b g_fsPriority
0000000000000008 0000000000000401 B __nx_dev_path_buf
0000000000000080 t startup
00000000000000a4 t bssclr_start
00000000000000cc t bss_loop
0000000000000120 T __nx_exit
0000000000000130 T __nx_mod0
0000000000000158 T _init
00000000000001c0 0000000000000038 T exit
0000000000000200 000000000000035c T main
0000000000000560 t deregister_tm_clones
0000000000000590 t register_tm_clones
00000000000005d0 t __do_global_dtors_aux
0000000000000618 t frame_dummy
0000000000000650 000000000000018c T diode
00000000000007e0 0000000000000024 t _appletInfiniteSleepLoop
0000000000000810 00000000000000c8 t _appletCmdNoIO
00000000000008e0 00000000000000e0 t _appletCmdNoInOutU64
00000000000009c0 00000000000000f4 t _appletCmdGetSession
0000000000000ac0 00000000000000dc t _appletCmdNoInOutU32
0000000000000ba0 00000000000000e4 t _appletCmdNoInOutU8
0000000000000c90 0000000000000040 t _appletCmdNoInOutBool
0000000000000cd0 0000000000000100 t _appletGetLaunchReason
0000000000000dd0 00000000000000ec t _appletSetFocusHandlingMode
0000000000000ec0 00000000000000dc t _appletGetLibraryAppletInfo
0000000000000fa0 00000000000000c4 t _appletCmdInU8NoOut.isra.0
0000000000001070 00000000000000c4 t _appletCmdInU32NoOut.isra.0
0000000000001140 0000000000000118 t _appletGetSessionProxy.constprop.0
0000000000001260 0000000000000134 t _appletOpenLibraryAppletProxy.constprop.0
00000000000013a0 00000000000000d8 t _appletCmdGetHandle.constprop.0
0000000000001480 0000000000000068 t _appletCmdGetEvent
00000000000014f0 0000000000000010 T appletGetAppletType
0000000000001500 0000000000000110 T appletSetFocusHandlingMode
0000000000001610 0000000000000060 T appletSetCpuBoostMode
0000000000001670 0000000000000028 T appletCreateManagedDisplayLayer
00000000000016a0 0000000000000028 T appletGetAppletResourceUserId
00000000000016d0 000000000000010c t _appletGetIndirectLayerConsumerHandle.isra.0
00000000000017e0 0000000000000078 t _appletHolderCreateState
0000000000001860 00000000000000b4 T appletHolderClose
0000000000001920 0000000000000018 T appletHolderGetLibraryAppletInfo
0000000000001940 0000000000000058 T appletNotifyRunning
00000000000019a0 0000000000000088 T appletSetGamePlayRecordingState
0000000000001a30 0000000000000ad0 t _appletCleanup
0000000000002500 0000000000000044 T appletExit
0000000000002550 0000000000000020 t _appletExitProcess
0000000000002570 000000000000003c T appletGetLibraryAppletInfo
00000000000025b0 0000000000000a14 T appletInitialize
0000000000002fd0 0000000000000070 T appletGetMessage
0000000000003040 0000000000000230 T appletProcessMessage
0000000000003270 0000000000000034 T appletMainLoop
00000000000032b0 00000000000000ec t _hidCmdWithNoInput
00000000000033a0 0000000000000104 t _hidCmdWithInputU32
00000000000034b0 00000000000000f8 t _hidCreateAppletResource.constprop.0
00000000000035b0 00000000000000c4 t _hidCmdGetHandle.isra.0.constprop.0
0000000000003680 00000000000000f4 t _hidCmdWithInputU64.constprop.0
0000000000003780 00000000000001f8 T hidReset
0000000000003980 000000000000000c T hidGetSharedmemAddr
0000000000003990 000000000000006c T hidKeysDown
0000000000003a00 000000000000000c T hidTouchCount
0000000000003a10 00000000000005c0 T hidScanInput
0000000000003fd0 0000000000000008 T hidSetSupportedNpadStyleSet
0000000000003fe0 0000000000000190 T hidSetSupportedNpadIdType
0000000000004170 0000000000000008 T hidSetNpadJoyHoldType
0000000000004180 0000000000000020 T hidSetNpadJoyAssignmentModeDual
00000000000041a0 0000000000000080 T hidFinalizeSevenSixAxisSensor
0000000000004220 0000000000000100 t _hidCleanup
0000000000004320 00000000000001d8 T hidInitialize
0000000000004500 0000000000000044 T hidExit
0000000000004550 00000000000000c0 t _apmCleanup
0000000000004610 00000000000000dc t _apmCmdGetSession.constprop.0
00000000000046f0 00000000000000a0 T apmInitialize
0000000000004790 0000000000000044 T apmExit
00000000000047e0 00000000000000c4 T apmSetPerformanceConfiguration
00000000000048b0 00000000000001a0 t _fatalCmd
0000000000004a50 000000000000000c T fatalThrowWithPolicy
0000000000004a60 0000000000000014 T fatalSimple
0000000000004a60 0000000000000014 T fatalThrow
0000000000004a80 0000000000000068 t _smCleanup
0000000000004af0 0000000000000048 T smAddOverrideHandle
0000000000004b40 0000000000000054 T smGetServiceOverride
0000000000004ba0 0000000000000044 T smExit
0000000000004bf0 00000000000000cc T smGetServiceOriginal
0000000000004cc0 000000000000027c T smInitialize
0000000000004f40 0000000000000110 T smGetServiceWrapper
0000000000005050 0000000000000010 T hosversionGet
0000000000005060 0000000000000010 T hosversionSet
0000000000005070 0000000000000234 T envSetup
00000000000052b0 0000000000000020 T envGetMainThreadHandle
00000000000052d0 000000000000000c T envIsNso
00000000000052e0 0000000000000014 T envHasHeapOverride
0000000000005300 000000000000000c T envGetHeapOverrideAddr
0000000000005310 000000000000000c T envGetHeapOverrideSize
0000000000005320 0000000000000014 T envHasArgv
0000000000005340 000000000000000c T envGetArgv
0000000000005350 000000000000000c T envGetExitFuncPtr
0000000000005360 000000000000000c T envSetExitFuncPtr
0000000000005370 0000000000000048 t consoleDrawChar
00000000000053c0 0000000000000140 t consoleClearLine
0000000000005500 0000000000000048 t consoleNewRow
0000000000005550 0000000000000120 t consolePrintChar
0000000000005670 0000000000000150 t consoleCls
00000000000057c0 0000000000000814 t con_write
0000000000005fe0 000000000000011c T consoleInit
0000000000006100 0000000000000048 T consoleExit
0000000000006150 000000000000002c T consoleUpdate
0000000000006180 0000000000000070 t ConsoleSwRenderer_flushAndSwap
00000000000061f0 00000000000000c8 t ConsoleSwRenderer_scrollWindow
00000000000062c0 0000000000000194 t ConsoleSwRenderer_drawChar
0000000000006460 000000000000003c t ConsoleSwRenderer_deinit
00000000000064a0 00000000000000f4 t ConsoleSwRenderer_init
00000000000065a0 000000000000000c W getDefaultConsoleRenderer
00000000000065ac T svcSetHeapSize
00000000000065c0 T svcSetMemoryAttribute
00000000000065c8 T svcUnmapMemory
00000000000065d0 T svcQueryMemory
00000000000065e4 T svcExitProcess
00000000000065ec T svcSleepThread
00000000000065f4 T svcMapSharedMemory
00000000000065fc T svcUnmapSharedMemory
0000000000006604 T svcCreateTransferMemory
0000000000006618 T svcCloseHandle
0000000000006620 T svcResetSignal
0000000000006628 T svcWaitSynchronization
000000000000663c T svcArbitrateLock
0000000000006644 T svcArbitrateUnlock
000000000000664c T svcWaitProcessWideKeyAtomic
0000000000006654 T svcSignalProcessWideKey
000000000000665c T svcConnectToNamedPort
0000000000006670 T svcSendSyncRequest
0000000000006678 T svcBreak
0000000000006680 T svcReturnFromException
0000000000006688 T svcGetInfo
000000000000669c T svcUnmapTransferMemory
00000000000066b0 000000000000017c T detectKernelVersion
0000000000006830 0000000000000030 T detectDebugger
0000000000006860 0000000000000014 T shmemLoadRemote
0000000000006880 0000000000000084 T shmemMap
0000000000006910 0000000000000058 T shmemUnmap
0000000000006970 0000000000000044 T shmemClose
00000000000069c0 0000000000000104 t _waitLoop
0000000000006ad0 0000000000000328 t _waitObjectsImpl
0000000000006e00 000000000000000c T waitObjects
0000000000006e10 0000000000000098 T rwlockReadLock
0000000000006eb0 00000000000000b4 T rwlockReadUnlock
0000000000006f70 00000000000000a4 T rwlockWriteLock
0000000000007020 0000000000000078 T rwlockWriteUnlock
00000000000070a0 00000000000000a8 T tmemCreate
0000000000007150 0000000000000058 T tmemUnmap
00000000000071b0 0000000000000068 T tmemClose
0000000000007220 000000000000008c T mutexLock
00000000000072b0 0000000000000030 T mutexUnlock
00000000000072e0 000000000000004c T rmutexLock
0000000000007330 000000000000001c T rmutexUnlock
0000000000007350 000000000000007c t _GetRegionFromInfo.isra.0
00000000000073d0 0000000000000114 T virtmemSetup
00000000000074f0 0000000000000124 T virtmemReserve
0000000000007620 0000000000000004 T virtmemFree
0000000000007630 000000000000000c T eventLoadRemote
0000000000007640 0000000000000038 T eventWait
0000000000007680 0000000000000050 T eventClose
00000000000076d0 0000000000000060 T condvarWaitTimeout
0000000000007730 0000000000000080 T framebufferMakeLinear
00000000000077b0 0000000000000084 T framebufferClose
0000000000007840 000000000000029c T framebufferCreate
0000000000007ae0 0000000000000088 T framebufferBegin
0000000000007b70 0000000000000174 T framebufferEnd
0000000000007cf0 000000000000000c T nwindowGetDefault
0000000000007d00 00000000000000c0 T __nx_win_init
0000000000007dc0 0000000000000034 T __nx_win_exit
0000000000007e00 0000000000000054 t _nwindowConnect
0000000000007e60 0000000000000040 t _nwindowDisconnect
0000000000007ea0 0000000000000024 T nwindowIsValid
0000000000007ed0 000000000000006c T nwindowClose
0000000000007f40 00000000000000d0 T nwindowCreate
0000000000008010 0000000000000034 T nwindowCreateFromLayer
0000000000008050 0000000000000088 T nwindowSetDimensions
00000000000080e0 0000000000000154 T nwindowConfigureBuffer
0000000000008240 00000000000001e0 T nwindowDequeueBuffer
0000000000008420 0000000000000144 T nwindowQueueBuffer
0000000000008570 00000000000000ac T nwindowReleaseBuffers
0000000000008620 00000000000000a0 T __nx_dynamic
00000000000086c0 00000000000000d8 W __libnx_initheap
00000000000087a0 00000000000000e8 W __appInit
0000000000008890 0000000000000044 W __appExit
00000000000088e0 0000000000000028 W __libnx_init
0000000000008910 0000000000000020 W __libnx_exit
0000000000008930 000000000000001c T __syscall_exit
0000000000008950 0000000000000034 T __syscall_getreent
0000000000008990 0000000000000004 T __syscall_lock_acquire
00000000000089a0 0000000000000004 T __syscall_lock_release
00000000000089b0 0000000000000004 T __syscall_lock_acquire_recursive
00000000000089c0 0000000000000004 T __syscall_lock_release_recursive
00000000000089d0 000000000000023c T __libnx_init_time
0000000000008c10 0000000000000084 T newlibSetup
0000000000008ca0 0000000000000328 T argvSetup
0000000000008fd0 0000000000000014 t fsdev_link
0000000000008ff0 0000000000000014 t fsdev_dirreset
0000000000009010 0000000000000014 t fsdev_chmod
0000000000009030 000000000000001c t error_cmp
0000000000009050 000000000000005c t fsdev_translate_error
00000000000090b0 0000000000000040 t fsdev_fsync
00000000000090f0 0000000000000058 t fsdev_ftruncate
0000000000009150 0000000000000020 t fsdev_dirclose
0000000000009170 000000000000001c t fsdev_close
0000000000009190 0000000000000080 t fsdev_converttimetoutc
0000000000009210 00000000000000d0 t fsdev_fstat
00000000000092e0 00000000000000b0 t fsdev_seek
0000000000009390 000000000000010c t fsdev_read_safe.isra.0
00000000000094a0 00000000000000c4 t fsdev_read
0000000000009570 00000000000000fc t fsdev_write_safe.isra.0
0000000000009670 00000000000000e0 t fsdev_write
0000000000009750 00000000000000b8 t fsdevFindDevice.part.0
0000000000009810 0000000000000214 t fsdev_getfspath
0000000000009a30 0000000000000078 t fsdev_rmdir
0000000000009ab0 00000000000000cc t fsdev_statvfs
0000000000009b80 00000000000000f0 t fsdev_diropen
0000000000009c70 0000000000000078 t fsdev_mkdir
0000000000009cf0 0000000000000104 t fsdev_rename
0000000000009e00 0000000000000114 t fsdev_chdir
0000000000009f20 0000000000000078 t fsdev_unlink
0000000000009fa0 00000000000001c8 t fsdev_stat
000000000000a170 0000000000000190 t fsdev_open
000000000000a300 00000000000000a8 t _fsdevUnmountDeviceStruct.part.0
000000000000a3b0 0000000000000180 t fsdev_dirnext
000000000000a530 0000000000000014 t fsdev_fchmod
000000000000a550 00000000000001c8 T fsdevMountDevice
000000000000a720 0000000000000048 T fsdevMountSdmc
000000000000a770 00000000000000cc T __libnx_init_cwd
000000000000a840 0000000000000064 T fsdevUnmountAll
000000000000a8b0 000000000000012c T decode_utf8
000000000000a9dc T armDCacheFlush
000000000000aa00 t armDCacheFlush_L0
000000000000aa18 W __libnx_exception_entry
000000000000aaa4 t __libnx_exception_entry_start
000000000000abcc t __libnx_exception_entry_abort
000000000000abd0 t __libnx_exception_entry_end
000000000000abd8 T __libnx_exception_returnentry
000000000000abf0 T __aarch64_read_tp
000000000000ac00 00000000000000cc t _nvSetClientPID
000000000000acd0 00000000000000d0 t _nvCleanup
000000000000ada0 00000000000000dc t _nvCmdInitialize.constprop.0
000000000000ae80 0000000000000248 T nvInitialize
000000000000b0d0 0000000000000044 T nvExit
000000000000b120 0000000000000140 T nvConvertError
000000000000b260 0000000000000110 T nvOpen
000000000000b370 000000000000024c T nvIoctl
000000000000b5c0 00000000000000d4 T nvClose
000000000000b6a0 0000000000000104 T nvQueryEvent
000000000000b7b0 00000000000001c8 t _timeCleanup
000000000000b980 00000000000000c4 t _timeCmdNoInOutU64.isra.0.constprop.0
000000000000ba50 00000000000000e4 t _timeCmdGetSession.constprop.0
000000000000bb40 00000000000001d0 T timeInitialize
000000000000bd10 0000000000000044 T timeExit
000000000000bd60 0000000000000038 T timeGetServiceSession_SystemClock
000000000000bda0 0000000000000038 T timeGetCurrentTime
000000000000bde0 0000000000000114 T timeToCalendarTimeWithMyRule
000000000000bf00 0000000000000100 T timeToPosixTimeWithMyRule
000000000000c000 00000000000001dc t _viCleanup
000000000000c1e0 00000000000000e4 t _viCmdGetSessionNoParams.constprop.0
000000000000c2d0 00000000000000e0 t _viCmdGetSession.constprop.0
000000000000c3b0 0000000000000260 T viInitialize
000000000000c610 0000000000000044 T viExit
000000000000c660 000000000000000c T viGetSession_IHOSBinderDriverRelay
000000000000c670 000000000000011c T viOpenDisplay
000000000000c790 00000000000000f4 T viCloseDisplay
000000000000c890 00000000000000f4 T viCloseLayer
000000000000c990 00000000000003a0 T viCreateLayer
000000000000cd30 00000000000000d4 T viSetLayerScalingMode
000000000000ce10 00000000000000d0 t _setsysGetFirmwareVersionImpl
000000000000cee0 0000000000000068 t _setsysCleanup
000000000000cf50 00000000000000a0 T setsysInitialize
000000000000cff0 0000000000000044 T setsysExit
000000000000d040 0000000000000044 T setsysGetFirmwareVersion
000000000000d090 00000000000000b4 t _fsCleanup
000000000000d150 00000000000001dc t _fsCmdNoIO
000000000000d330 00000000000001d4 t _fsFsCmdWithInPath
000000000000d510 00000000000001fc t _fsFsCmdWithTwoInPaths
000000000000d710 000000000000022c t _fsFsOpenCommon
000000000000d940 00000000000001f0 t _fsFsCmdWithInPathAndOutU64
000000000000db30 00000000000000f4 t _fsObjectClose
000000000000dc30 000000000000016c t _fsCmdGetSession.constprop.0
000000000000dda0 000000000000030c T fsInitialize
000000000000e0b0 0000000000000044 T fsExit
000000000000e100 0000000000000008 T fsOpenSdCardFileSystem
000000000000e110 00000000000001e4 T fsFsCreateFile
000000000000e300 0000000000000008 T fsFsDeleteFile
000000000000e310 0000000000000008 T fsFsCreateDirectory
000000000000e320 0000000000000008 T fsFsDeleteDirectory
000000000000e330 0000000000000008 T fsFsRenameFile
000000000000e340 0000000000000008 T fsFsRenameDirectory
000000000000e350 00000000000001e8 T fsFsGetEntryType
000000000000e540 0000000000000008 T fsFsOpenFile
000000000000e550 0000000000000008 T fsFsOpenDirectory
000000000000e560 0000000000000008 T fsFsGetFreeSpace
000000000000e570 0000000000000008 T fsFsGetTotalSpace
000000000000e580 000000000000022c T fsFsGetFileTimeStampRaw
000000000000e7b0 0000000000000004 T fsFsClose
000000000000e7c0 0000000000000218 T fsFileRead
000000000000e9e0 0000000000000208 T fsFileWrite
000000000000ebf0 0000000000000008 T fsFileFlush
000000000000ec00 00000000000001e0 T fsFileSetSize
000000000000ede0 00000000000001f0 T fsFileGetSize
000000000000efd0 0000000000000004 T fsFileClose
000000000000efe0 0000000000000004 T fsDirClose
000000000000eff0 0000000000000200 T fsDirRead
000000000000f1f0 0000000000000060 t _nvFenceEventWaitCommon
000000000000f250 000000000000005c T nvFenceInit
000000000000f2b0 00000000000000b0 T nvFenceExit
000000000000f360 00000000000001cc T nvFenceWait
000000000000f530 0000000000000074 T nvMultiFenceWait
000000000000f5b0 000000000000006c T nvMapInit
000000000000f620 0000000000000068 T nvMapExit
000000000000f690 0000000000000080 T nvMapClose
000000000000f710 0000000000000160 T nvMapCreate
000000000000f870 0000000000000028 T nvioctlNvhostCtrl_EventSignal
000000000000f8a0 0000000000000044 T nvioctlNvhostCtrl_EventWait
000000000000f8f0 0000000000000030 T nvioctlNvhostCtrl_EventWaitAsync
000000000000f920 0000000000000028 T nvioctlNvhostCtrl_EventRegister
000000000000f950 0000000000000028 T nvioctlNvhostCtrl_EventUnregister
000000000000f980 0000000000000040 T nvioctlNvmap_Create
000000000000f9c0 0000000000000044 T nvioctlNvmap_Alloc
000000000000fa10 0000000000000030 T nvioctlNvmap_Free
000000000000fa40 0000000000000040 T nvioctlNvmap_GetId
000000000000fa80 00000000000000d8 T bqRequestBuffer
000000000000fb60 0000000000000168 T bqDequeueBuffer
000000000000fcd0 000000000000009c T bqDetachBuffer
000000000000fd70 00000000000000dc T bqQueueBuffer
000000000000fe50 0000000000000094 T bqCancelBuffer
000000000000fef0 00000000000000e8 T bqConnect
000000000000ffe0 000000000000009c T bqDisconnect
0000000000010080 0000000000000174 T bqSetPreallocatedBuffer
0000000000010200 0000000000000018 T binderCreate
0000000000010220 000000000000039c T binderTransactParcel
00000000000105c0 0000000000000124 T binderConvertErrorCode
00000000000106f0 0000000000000120 T binderAdjustRefcount
0000000000010810 0000000000000098 T binderInitSession
00000000000108b0 0000000000000068 T binderClose
0000000000010920 0000000000000154 T binderGetNativeHandle
0000000000010a80 0000000000000030 T parcelCreate
0000000000010ab0 000000000000019c T parcelTransact
0000000000010c50 0000000000000088 T parcelWriteData
0000000000010ce0 0000000000000098 T parcelReadData
0000000000010d80 0000000000000020 T parcelWriteInt32
0000000000010da0 0000000000000020 T parcelWriteUInt32
0000000000010dc0 000000000000007c T parcelWriteString16
0000000000010e40 0000000000000030 T parcelWriteInterfaceToken
0000000000010e70 0000000000000024 T parcelReadInt32
0000000000010ea0 0000000000000068 T parcelReadFlattenedObject
0000000000010f10 000000000000004c T parcelWriteFlattenedObject
0000000000010f60 00000000000000c4 T nxlinkSetup
0000000000011030 0000000000000180 T sessionmgrCreate
00000000000111b0 0000000000000084 T sessionmgrClose
0000000000011240 00000000000000a4 T sessionmgrAttachClient
00000000000112f0 0000000000000074 T sessionmgrDetachClient
0000000000011368 000000000000044c T pow
00000000000117b8 0000000000000034 t with_errno
00000000000117f0 0000000000000018 t xflow
0000000000011808 000000000000000c t __math_uflow
0000000000011818 000000000000000c t __math_oflow
0000000000011828 0000000000000020 t __math_divzero
0000000000011848 000000000000001c t __math_invalid
0000000000011868 0000000000000014 t __math_check_uflow
0000000000011880 0000000000000020 t __math_check_oflow
00000000000118a0 000000000000003c T aligned_alloc
00000000000118e0 00000000000000b8 T bsearch
0000000000011998 000000000000002c T calloc
00000000000119c8 0000000000000094 T _calloc_r
0000000000011a60 0000000000000014 T __errno
0000000000011a78 000000000000004c T __libc_fini_array
0000000000011ac8 000000000000002c T gmtime
0000000000011af8 000000000000029c T gmtime_r
0000000000011d98 000000000000009c T __libc_init_array
0000000000011e38 000000000000002c T memalign
0000000000011e68 00000000000001a0 T _memalign_r
0000000000012008 0000000000000024 T malloc
0000000000012030 0000000000000024 T free
0000000000012058 0000000000000874 T _malloc_r
00000000000128cc 00000000000000d8 T memchr
00000000000129c0 000000000000016c T memcpy
0000000000012b40 00000000000001dc T memset
0000000000012d20 000000000000000c T __malloc_lock
0000000000012d30 000000000000000c T __malloc_unlock
0000000000012d40 0000000000000090 T printf
0000000000012dd0 00000000000000d0 T _puts_r
0000000000012ea0 0000000000000024 T puts
0000000000012ec8 0000000000000038 T rand
0000000000012f00 000000000000003c T setenv
0000000000012f40 0000000000000268 T _setenv_r
00000000000131a8 0000000000000278 T setvbuf
0000000000013420 00000000000000c0 T sscanf
00000000000134e0 0000000000000050 T __sread
0000000000013530 0000000000000008 T __seofread
0000000000013538 000000000000006c T __swrite
00000000000135a8 0000000000000050 T __sseek
00000000000135f8 0000000000000008 T __sclose
0000000000013600 00000000000000dc T strchr
0000000000013700 00000000000000e4 T strcmp
0000000000013800 0000000000000140 T strlen
0000000000013940 0000000000000084 T strncat
0000000000013a1c 00000000000001b8 T strncmp
0000000000013bd8 000000000000009c T strncpy
0000000000013ca4 00000000000000e0 T strnlen
0000000000013d60 00000000000001ac t _strtoul_l.isra.0
0000000000013f10 0000000000000044 T _strtoul_r
0000000000013f58 0000000000000048 T strtoul
0000000000013fa0 0000000000000074 t get_arg
0000000000014014 0000000000003204 T __ssvfscanf_r
0000000000017218 0000000000000784 t get_arg
000000000001799c 0000000000003cc4 T _vfprintf_r
000000000001b660 00000000000000f4 t __sbprintf
000000000001b758 00000000000000d0 T _wcrtomb_r
000000000001b828 0000000000000010 T _wcsrtombs_r
000000000001b838 0000000000000138 T __swsetup_r
000000000001b970 000000000000012c T __call_exitprocs
000000000001baa0 000000000000019c t quorem
000000000001bc40 0000000000001124 T _dtoa_r
000000000001cd68 000000000000000c T __env_lock
000000000001cd78 000000000000000c T __env_unlock
000000000001cd88 0000000000000214 T __sflush_r
000000000001cfa0 00000000000000b8 T _fflush_r
000000000001d058 0000000000000080 t std
000000000001d0d8 000000000000000c T _cleanup_r
000000000001d0e8 000000000000000c T __sfp_lock_acquire
000000000001d0f8 000000000000000c T __sfp_lock_release
000000000001d108 000000000000000c T __sinit_lock_acquire
000000000001d118 000000000000000c T __sinit_lock_release
000000000001d128 0000000000000080 T __sinit
000000000001d1a8 0000000000000118 T _malloc_trim_r
000000000001d2c0 0000000000000300 T _free_r
000000000001d5c0 00000000000004b8 T __sfvwrite_r
000000000001da78 00000000000000a4 T _fwalk_reent
000000000001db20 0000000000000100 T _findenv_r
000000000001dc20 0000000000000008 T iswspace
000000000001dc28 0000000000000008 T __localeconv_l
000000000001dc30 0000000000000028 T _localeconv_r
000000000001dc58 000000000000002c T __locale_mb_cur_max
000000000001dc88 00000000000000a4 T __swhatbuf_r
000000000001dd30 000000000000010c T __smakebuf_r
000000000001de40 00000000000000e8 T _mbrtowc_r
000000000001df28 00000000000002c8 T __utf8_mbtowc
000000000001e200 00000000000000ac T memmove
000000000001e2b0 0000000000000090 T _Balloc
000000000001e340 000000000000001c T _Bfree
000000000001e360 00000000000000d8 T __multadd
000000000001e438 000000000000012c T __s2b
000000000001e568 000000000000005c T __hi0bits
000000000001e5c8 00000000000000a0 T __lo0bits
000000000001e668 000000000000002c T __i2b
000000000001e698 00000000000001dc T __multiply
000000000001e878 0000000000000100 T __pow5mult
000000000001e978 0000000000000154 T __lshift
000000000001ead0 0000000000000050 T __mcmp
000000000001eb20 000000000000017c T __mdiff
000000000001eca0 0000000000000068 T __ulp
000000000001ed08 0000000000000150 T __b2d
000000000001ee58 0000000000000138 T __d2b
000000000001ef90 00000000000000a0 T __ratio
000000000001f030 0000000000000068 T __copybits
000000000001f098 000000000000006c T __any_on
000000000001f108 000000000000002c T realloc
000000000001f138 000000000000056c T _realloc_r
000000000001f6a8 00000000000000d4 T __sccl
000000000001f780 000000000000000c T nanf
000000000001f790 000000000000007c T frexp
000000000001f810 00000000000000ac T sprintf
000000000001f8c0 0000000000000098 T stpncpy
000000000001f958 0000000000000054 t sulp
000000000001f9b0 000000000000112c T _strtod_l
0000000000020ae0 0000000000000054 T _strtod_r
0000000000020b38 000000000000019c t _strtoll_l.isra.0
0000000000020cd8 0000000000000044 T _strtoll_r
0000000000020d20 000000000000019c t _strtol_l.isra.0
0000000000020ec0 0000000000000044 T _strtol_r
0000000000020f08 00000000000001ac t _strtoull_l.isra.0
00000000000210b8 0000000000000044 T _strtoull_r
00000000000210fc 00000000000001c0 T __ssprint_r
00000000000212bc 00000000000000f0 T _sungetc_r
00000000000213ac 0000000000000070 T __ssrefill_r
000000000002141c 00000000000000e0 T _sfread_r
00000000000214fc 0000000000000784 t get_arg
0000000000021c80 0000000000003be8 T _svfprintf_r
0000000000025868 00000000000000c8 T __submore
0000000000025930 000000000000003c T __sprint_r
0000000000025970 00000000000001e4 T _wcsnrtombs_l
0000000000025b58 0000000000000074 T _wcsnrtombs_r
0000000000025bd0 00000000000000e4 T __utf8_wctomb
0000000000025cb8 000000000000015c T _fclose_r
0000000000025e18 0000000000000114 t rshift
0000000000025f30 0000000000000814 T __gethex
0000000000026748 0000000000000048 T __match
0000000000026790 000000000000024c T __hexnan
00000000000269e0 000000000000004c T iswspace_l
0000000000026a30 0000000000000248 t __jp2uc
0000000000026c78 00000000000000bc T _jp2uc_l
0000000000026d38 000000000000000c T nan
0000000000026d48 0000000000000088 T category
0000000000026dd0 0000000000000008 t null_write
0000000000026dd8 0000000000000018 T setDefaultDevice
0000000000026df0 0000000000000108 T FindDevice
0000000000026ef8 0000000000000034 T RemoveDevice
0000000000026f30 00000000000000dc T AddDevice
0000000000027010 0000000000000034 T GetDeviceOpTab
0000000000027048 00000000000000a8 T _close_r
00000000000270f0 0000000000000084 T _fstat_r
0000000000027178 0000000000000008 T _isatty_r
0000000000027180 0000000000000098 T _lseek_r
0000000000027218 00000000000000a4 T _read_r
00000000000272c0 0000000000000078 T _sbrk_r
0000000000027338 00000000000000a4 T _write_r
00000000000273e0 0000000000000020 T _exit
0000000000027400 0000000000000228 T _concatenate_path
0000000000027628 0000000000000178 T chdir
00000000000277a0 0000000000000014 T __libc_lock_acquire
00000000000277b8 0000000000000014 T __libc_lock_release
00000000000277d0 000000000000000c T __libc_lock_init_recursive
00000000000277e0 0000000000000014 T __libc_lock_acquire_recursive
00000000000277f8 0000000000000014 T __libc_lock_release_recursive
0000000000027810 0000000000000004 T __libc_lock_close_recursive
0000000000027818 000000000000003c T __free_handle
0000000000027858 0000000000000058 T __release_handle
00000000000278b0 0000000000000020 T __get_handle
00000000000278d0 0000000000000020 T __getreent
00000000000278f0 0000000000000150 t __extenddftf2
0000000000027a40 000000000000030c t __trunctfdf2
0000000000027d50 0000000000000070 t __sfp_handle_exceptions
0000000000027dc0 0000000000000100 T strrchr
0000000000027ec0 T _fini
0000000000028000 R __rodata_start
00000000000282b8 0000000000000014 r CSWTCH.525
00000000000283d8 0000000000000030 r colorTable
0000000000028408 R default_font_bin
000000000002a408 R default_font_bin_end
000000000002a408 R default_font_bin_size
000000000002a410 0000000000000038 r g_nvColorFmtTable
000000000002a478 0000000000000020 r error_table
000000000002a4c0 0000000000000023 r g_bq_InterfaceDescriptor
000000000002a4f8 0000000000000870 R __exp_data
000000000002ad68 0000000000001048 R __pow_log_data
000000000002bdb0 0000000000000101 R _ctype_
000000000002bfa8 0000000000000022 r basefix.6725
000000000002c158 0000000000000010 r blanks.6707
000000000002c168 0000000000000010 r zeroes.6708
000000000002c210 0000000000000028 R __mprec_bigtens
000000000002c238 00000000000000c8 R __mprec_tens
000000000002c300 000000000000000c r p05.5441
000000000002c340 0000000000000014 r fpi.5521
000000000002c358 0000000000000014 r fpinan.5557
000000000002c370 0000000000000028 r tinytens
000000000002c398 000000000000006c R __action_table
000000000002c408 0000000000000100 R __chclass
000000000002c508 000000000000006c R __state_table
000000000002c6c0 0000000000000010 r blanks.6692
000000000002c6d0 0000000000000010 r zeroes.6693
000000000002c6e0 0000000000000100 R __hexdig
000000000002c7f8 00000000000000bc r a1
000000000002c8b8 00000000000000bc r a2
000000000002c978 000000000000005b r a3
000000000002c9d8 0000000000000070 r a6
000000000002ca48 00000000000000a2 r a7
000000000002caf0 0000000000000040 r a8
000000000002cb30 000000000000172a r b02cf
000000000002e260 0000000000001a7c r d02f4
000000000002fce0 000000000000309c r categories
0000000000032d80 r __EH_FRAME_BEGIN__
0000000000032d80 R __eh_frame_hdr_end
0000000000032d80 R __eh_frame_hdr_start
00000000000389fc r __FRAME_END__
0000000000038a00 a _DYNAMIC
000000000003c000 R __data_start
000000000003c000 t __frame_dummy_init_array_entry
000000000003c000 T __init_array_start
000000000003c000 B __preinit_array_end
000000000003c000 B __preinit_array_start
000000000003c000 D __tdata_lma
000000000003c000 D __tdata_lma_end
000000000003c008 t __do_global_dtors_aux_fini_array_entry
000000000003c008 T __fini_array_start
000000000003c008 T __init_array_end
000000000003c010 T __fini_array_end
000000000003c010 a _GLOBAL_OFFSET_TABLE_
000000000003c010 T __got_start__
000000000003c2a0 D __got_end__
000000000003c2a0 0000000000000001 V __nx_applet_auto_notifyrunning
000000000003c2a4 0000000000000004 V __nx_applet_type
000000000003c2a8 0000000000000001 d firstConsoleInit.6285
000000000003c2b0 0000000000000058 d defaultConsole
000000000003c308 0000000000000008 d currentConsole
000000000003c310 00000000000000e0 d dotab_stdout
000000000003c3f0 0000000000000088 d s_consoleSwRenderer
000000000003c478 0000000000000008 V __nx_exception_stack_size
000000000003c480 0000000000000004 V __nx_fsdev_direntry_cache_size
000000000003c484 0000000000000001 V __nx_fsdev_support_cwd
000000000003c488 00000000000000e0 d fsdev_devoptab
000000000003c568 0000000000000004 V __nx_nv_transfermem_size
000000000003c56c 0000000000000004 V __nx_vi_stray_layer_flags
000000000003c570 0000000000000004 d g_viServiceType
000000000003c574 0000000000000004 V __nx_fs_num_sessions
000000000003c578 0000000000000004 d g_ctrl_fd
000000000003c57c 0000000000000004 d g_nvmap_fd
000000000003c580 0000000000000008 D _impure_ptr
000000000003c588 0000000000000768 d impure_data
000000000003ccf0 0000000000000008 D _global_impure_ptr
000000000003ccf8 0000000000000008 D __malloc_sbrk_base
000000000003cd00 0000000000000008 D __malloc_trim_threshold
000000000003cd08 0000000000000810 D __malloc_av_
000000000003d518 0000000000000008 D environ
000000000003d520 00000000000001a8 D __global_locale
000000000003d6c8 0000000000000002 d numempty
000000000003d6d0 0000000000000018 D _C_numeric_locale
000000000003d6e8 0000000000000004 d defaultDevice
000000000003d6f0 0000000000000080 D devoptab_list
000000000003d770 00000000000000e0 D dotab_stdnull
000000000003d850 0000000000000400 d _current_working_directory
000000000003dc50 0000000000000010 d __stderr_handle
000000000003dc60 0000000000000010 d __stdin_handle
000000000003dc70 0000000000000010 d __stdout_handle
000000000003dc80 0000000000002000 d handles
000000000003fc80 D __bss_start__
000000000003fc80 b completed.8111
000000000003fc80 D __TMC_END__
000000000003fc88 b object.8116
000000000003fcb8 0000000000000080 V __nx_applet_AppletAttribute
000000000003fd38 0000000000000008 V __nx_applet_PerformanceConfiguration
000000000003fd40 0000000000000004 V __nx_applet_exit_mode
000000000003fd44 0000000000000001 b g_appletCopyrightInitialized
000000000003fd48 0000000000000028 b g_appletCopyrightTmem
000000000003fd70 0000000000000004 b g_appletCpuBoostMode
000000000003fd74 0000000000000001 b g_appletExitProcessFlag
000000000003fd78 0000000000000004 b g_appletExitProcessResult
000000000003fd80 0000000000000018 b g_appletFirstHook
000000000003fd98 0000000000000001 b g_appletFocusState
000000000003fda0 0000000000000008 b g_appletGuard
000000000003fda8 0000000000000010 b g_appletIAppletCommonFunctions
000000000003fdb8 0000000000000010 b g_appletIApplicationCreator
000000000003fdc8 0000000000000010 b g_appletIAudioController
000000000003fdd8 0000000000000010 b g_appletICommonStateGetter
000000000003fde8 0000000000000010 b g_appletIDebugFunctions
000000000003fdf8 0000000000000010 b g_appletIDisplayController
000000000003fe08 0000000000000010 b g_appletIFunctions
000000000003fe18 0000000000000010 b g_appletIGlobalStateController
000000000003fe28 0000000000000010 b g_appletILibraryAppletCreator
000000000003fe38 0000000000000010 b g_appletILibraryAppletSelfAccessor
000000000003fe48 0000000000000010 b g_appletIProcessWindingController
000000000003fe58 0000000000000010 b g_appletISelfController
000000000003fe68 0000000000000010 b g_appletIWindowController
000000000003fe78 0000000000000050 b g_appletInfo
000000000003fec8 0000000000000001 b g_appletInfoInitialized
000000000003fed0 0000000000000008 b g_appletInitTickBase
000000000003fed8 0000000000000001 b g_appletLeftInitialized
000000000003fee0 000000000000000c b g_appletLibraryAppletLaunchableEvent
000000000003fef0 000000000000000c b g_appletMessageEvent
000000000003fefc 0000000000000001 b g_appletNotifiedRunning
000000000003fefd 0000000000000001 b g_appletOperationMode
000000000003ff00 0000000000000004 b g_appletPerformanceMode
000000000003ff08 0000000000000010 b g_appletProxySession
000000000003ff18 0000000000000004 b g_appletRecordingInitialized
000000000003ff20 0000000000000028 b g_appletRecordingTmem
000000000003ff48 0000000000000008 b g_appletResourceUserId
000000000003ff50 0000000000000010 b g_appletSrv
000000000003ff60 0000000000000008 b g_appletSuspendedTick
000000000003ff68 000000000000000c b g_appletSuspendedTickEvent
000000000003ff74 0000000000000001 b g_appletSuspendedTickInitialized
000000000003ff78 0000000000000050 b g_controllerDown
000000000003ffc8 00000000000001e0 b g_controllerEntries
00000000000401a8 0000000000000190 b g_controllerHeaders
0000000000040338 0000000000000050 b g_controllerHeld
0000000000040388 0000000000000028 b g_controllerLayout
00000000000403b0 0000000000000500 b g_controllerMisc
00000000000408b0 0000000000000050 b g_controllerOld
0000000000040900 0000000000000004 b g_controllerP1AutoID
0000000000040908 0000000000000050 b g_controllerTimestamps
0000000000040958 0000000000000050 b g_controllerUp
00000000000409a8 0000000000000008 b g_hidGuard
00000000000409b0 0000000000000010 b g_hidIAppletResource
00000000000409c0 0000000000000020 b g_hidLock
00000000000409e0 0000000000000020 b g_hidSharedmem
0000000000040a00 0000000000000010 b g_hidSrv
0000000000040a10 0000000000000020 b g_keyboardDown
0000000000040a30 0000000000000038 b g_keyboardEntry
0000000000040a68 0000000000000020 b g_keyboardHeld
0000000000040a88 0000000000000008 b g_keyboardModDown
0000000000040a90 0000000000000008 b g_keyboardModHeld
0000000000040a98 0000000000000008 b g_keyboardModOld
0000000000040aa0 0000000000000008 b g_keyboardModUp
0000000000040aa8 0000000000000020 b g_keyboardOld
0000000000040ac8 0000000000000008 b g_keyboardTimestamp
0000000000040ad0 0000000000000020 b g_keyboardUp
0000000000040af0 0000000000000400 b g_mouse
0000000000040ef0 0000000000000008 b g_mouseDown
0000000000040ef8 0000000000000008 b g_mouseEntry
0000000000040f00 0000000000000008 b g_mouseHeld
0000000000040f08 0000000000000008 b g_mouseOld
0000000000040f10 0000000000000008 b g_mouseTimestamp
0000000000040f18 0000000000000008 b g_mouseUp
0000000000040f20 0000000000000008 b g_sevenSixAxisSensorBuffer
0000000000040f28 0000000000000028 b g_sevenSixAxisSensorTmem0
0000000000040f50 0000000000000028 b g_sevenSixAxisSensorTmem1
0000000000040f78 000000000000000a b g_sixaxisEnabled
0000000000040f88 0000000000004650 b g_sixaxisLayouts
00000000000455d8 0000000000000298 b g_touchEntry
0000000000045870 0000000000000008 b g_touchTimestamp
0000000000045878 0000000000000008 b g_apmGuard
0000000000045880 0000000000000010 b g_apmISession
0000000000045890 0000000000000010 b g_apmSrv
00000000000458a0 0000000000000008 b g_smGuard
00000000000458a8 0000000000000180 b g_smOverrides
0000000000045a28 0000000000000008 b g_smOverridesNum
0000000000045a30 0000000000000010 b g_smSrv
0000000000045a40 0000000000000004 b g_hosVersion
0000000000045a44 0000000000000001 b g_hasRandomSeed
0000000000045a45 0000000000000001 b g_isNso
0000000000045a48 0000000000000004 b g_lastLoadResult
0000000000045a50 0000000000000008 b g_loaderInfo
0000000000045a58 0000000000000008 b g_loaderInfoSize
0000000000045a60 0000000000000008 b g_loaderRetAddr
0000000000045a68 0000000000000004 b g_mainThreadHandle
0000000000045a70 0000000000000008 b g_nextLoadArgv
0000000000045a78 0000000000000008 b g_nextLoadPath
0000000000045a80 0000000000000008 b g_overrideArgv
0000000000045a88 0000000000000008 b g_overrideHeapAddr
0000000000045a90 0000000000000008 b g_overrideHeapSize
0000000000045a98 0000000000000004 b g_processHandle
0000000000045aa0 0000000000000010 b g_randomSeed
0000000000045ab0 0000000000000010 b g_syscallHints
0000000000045ac0 0000000000000008 b g_userIdStorage
0000000000045ac8 0000000000000058 b currentCopy
0000000000045b20 0000000000000004 b g_Version
0000000000045b24 0000000000000001 b g_VersionCached
0000000000045b28 0000000000000004 b g_VersionMutex
0000000000045b30 0000000000000010 b g_AddressSpace
0000000000045b40 0000000000000008 b g_CurrentAddr
0000000000045b48 0000000000000030 b g_Region
0000000000045b78 0000000000000004 b g_VirtMemMutex
0000000000045b80 0000000000000080 b g_defaultWin
0000000000045c00 0000000000000050 b g_viDisplay
0000000000045c50 0000000000000010 b g_viLayer
0000000000045c60 0000000000000004 V __nx_exception_ignoredebug
0000000000045c70 0000000000000400 V __nx_exception_stack
0000000000046070 0000000000000008 V __nx_heap_size
0000000000046078 0000000000000008 b __bootticks
0000000000046080 0000000000000008 b __boottime
0000000000046088 0000000000000004 V __nx_time_type
0000000000046090 0000000000000008 b g_argv_empty
0000000000046098 0000000000000004 b fsdev_fsdevice_cwd
00000000000460a0 0000000000002400 b fsdev_fsdevices
00000000000484a0 0000000000000001 b fsdev_initialised
00000000000484a8 0000000000000008 b g_nvGuard
00000000000484b0 0000000000000010 b g_nvSrv
00000000000484c0 0000000000000010 b g_nvSrvClone
00000000000484d0 0000000000000028 b g_nvTransfermem
00000000000484f8 0000000000000004 V __nx_time_service_type
0000000000048500 0000000000000008 b g_timeGuard
0000000000048508 0000000000000010 b g_timeLocalSystemClock
0000000000048518 0000000000000010 b g_timeNetworkSystemClock
0000000000048528 0000000000000010 b g_timeSrv
0000000000048538 0000000000000010 b g_timeTimeZoneService
0000000000048548 0000000000000010 b g_timeUserSystemClock
0000000000048558 0000000000000008 V __nx_vi_layer_id
0000000000048560 0000000000000008 b g_viGuard
0000000000048568 0000000000000010 b g_viIApplicationDisplayService
0000000000048578 0000000000000010 b g_viIHOSBinderDriverIndirect
0000000000048588 0000000000000010 b g_viIHOSBinderDriverRelay
0000000000048598 0000000000000010 b g_viIManagerDisplayService
00000000000485a8 0000000000000010 b g_viISystemDisplayService
00000000000485b8 0000000000000008 b g_setsysGuard
00000000000485c0 0000000000000010 b g_setsysSrv
00000000000485d0 0000000000000008 b g_fsGuard
00000000000485d8 0000000000000054 b g_fsSessionMgr
0000000000048630 0000000000000010 b g_fsSrv
0000000000048640 0000000000000008 b g_NvEventUsedMask
0000000000048648 0000000000000300 b g_NvEvents
0000000000048948 0000000000000008 b g_refCnt
0000000000048950 0000000000000008 b g_refCnt
0000000000048958 0000000000000028 B __malloc_current_mallinfo
0000000000048980 0000000000000008 B __malloc_max_sbrked_mem
0000000000048988 0000000000000008 B __malloc_max_total_mem
0000000000048990 0000000000000008 B __malloc_top_pad
0000000000048998 000000000000000c b __malloc_recursive_mutex
00000000000489a4 0000000000000004 b alloced.4188
00000000000489a8 000000000000000c B __atexit_recursive_mutex
00000000000489b8 0000000000000008 b initial_env
00000000000489c0 000000000000000c b __env_recursive_mutex
00000000000489d0 000000000000000c b __sfp_recursive_mutex
00000000000489e0 000000000000000c b __sinit_recursive_mutex
00000000000489f0 0000000000000008 b heap_start.5367
00000000000489f8 0000000000000008 B fake_heap_end
0000000000048a00 0000000000000008 B fake_heap_start
0000000000048a08 0000000000000400 b temp_cwd
0000000000048e08 0000000000000004 b __hndl_lock
0000000000048e10 0000000000000340 B __nx_exceptiondump
0000000000049150 0000000000000008 B __stack_top
0000000000049158 0000000000000008 B __system_argv
0000000000049160 0000000000000004 B __system_argc
0000000000049168 0000000000000004 B __nxlink_host
0000000000049170 B __tls_start
0000000000049580 B __bss_end__
0000000000049580 A __end__
0000000000049580 B __tls_end
000000000004a000 A __argdata__
