0000000000000000 T __code_start
0000000000000000 0000000000000004 b fsdev_last_result
0000000000000000 A __start__
0000000000000000 T _start
0000000000000000 b _TLS_MODULE_BASE_
0000000000000004 0000000000000004 b g_fsPriority
0000000000000008 0000000000000401 B __nx_dev_path_buf
0000000000000080 t startup
00000000000000a4 t bssclr_start
00000000000000cc t bss_loop
0000000000000120 T __nx_exit
0000000000000130 T __nx_mod0
0000000000000158 T _init
00000000000001c0 0000000000000038 T exit
0000000000000200 00000000000000d8 T main
00000000000002d8 t deregister_tm_clones
0000000000000308 t register_tm_clones
0000000000000348 t __do_global_dtors_aux
0000000000000390 t frame_dummy
00000000000003d0 0000000000000024 t _appletInfiniteSleepLoop
0000000000000400 00000000000000c8 t _appletCmdNoIO
00000000000004d0 00000000000000e0 t _appletCmdNoInOutU64
00000000000005b0 00000000000000f4 t _appletCmdGetSession
00000000000006b0 00000000000000dc t _appletCmdNoInOutU32
0000000000000790 00000000000000e4 t _appletCmdNoInOutU8
0000000000000880 0000000000000040 t _appletCmdNoInOutBool
00000000000008c0 0000000000000100 t _appletGetLaunchReason
00000000000009c0 00000000000000ec t _appletSetFocusHandlingMode
0000000000000ab0 00000000000000dc t _appletGetLibraryAppletInfo
0000000000000b90 00000000000000c4 t _appletCmdInU8NoOut.isra.0
0000000000000c60 00000000000000c4 t _appletCmdInU32NoOut.isra.0
0000000000000d30 0000000000000118 t _appletGetSessionProxy.constprop.0
0000000000000e50 0000000000000134 t _appletOpenLibraryAppletProxy.constprop.0
0000000000000f90 00000000000000d8 t _appletCmdGetHandle.constprop.0
0000000000001070 0000000000000068 t _appletCmdGetEvent
00000000000010e0 0000000000000010 T appletGetAppletType
00000000000010f0 0000000000000110 T appletSetFocusHandlingMode
0000000000001200 0000000000000060 T appletSetCpuBoostMode
0000000000001260 0000000000000028 T appletCreateManagedDisplayLayer
0000000000001290 0000000000000028 T appletGetAppletResourceUserId
00000000000012c0 000000000000010c t _appletGetIndirectLayerConsumerHandle.isra.0
00000000000013d0 0000000000000078 t _appletHolderCreateState
0000000000001450 00000000000000b4 T appletHolderClose
0000000000001510 0000000000000018 T appletHolderGetLibraryAppletInfo
0000000000001530 0000000000000058 T appletNotifyRunning
0000000000001590 0000000000000088 T appletSetGamePlayRecordingState
0000000000001620 0000000000000ad0 t _appletCleanup
00000000000020f0 0000000000000044 T appletExit
0000000000002140 0000000000000020 t _appletExitProcess
0000000000002160 000000000000003c T appletGetLibraryAppletInfo
00000000000021a0 0000000000000a14 T appletInitialize
0000000000002bc0 0000000000000070 T appletGetMessage
0000000000002c30 0000000000000230 T appletProcessMessage
0000000000002e60 0000000000000034 T appletMainLoop
0000000000002ea0 00000000000000ec t _hidCmdWithNoInput
0000000000002f90 0000000000000104 t _hidCmdWithInputU32
00000000000030a0 00000000000000f8 t _hidCreateAppletResource.constprop.0
00000000000031a0 00000000000000c4 t _hidCmdGetHandle.isra.0.constprop.0
0000000000003270 00000000000000f4 t _hidCmdWithInputU64.constprop.0
0000000000003370 00000000000001f8 T hidReset
0000000000003570 000000000000000c T hidGetSharedmemAddr
0000000000003580 000000000000006c T hidKeysDown
00000000000035f0 000000000000000c T hidTouchCount
0000000000003600 00000000000005c0 T hidScanInput
0000000000003bc0 0000000000000008 T hidSetSupportedNpadStyleSet
0000000000003bd0 0000000000000190 T hidSetSupportedNpadIdType
0000000000003d60 0000000000000008 T hidSetNpadJoyHoldType
0000000000003d70 0000000000000020 T hidSetNpadJoyAssignmentModeDual
0000000000003d90 0000000000000080 T hidFinalizeSevenSixAxisSensor
0000000000003e10 0000000000000100 t _hidCleanup
0000000000003f10 00000000000001d8 T hidInitialize
00000000000040f0 0000000000000044 T hidExit
0000000000004140 00000000000000c0 t _apmCleanup
0000000000004200 00000000000000dc t _apmCmdGetSession.constprop.0
00000000000042e0 00000000000000a0 T apmInitialize
0000000000004380 0000000000000044 T apmExit
00000000000043d0 00000000000000c4 T apmSetPerformanceConfiguration
00000000000044a0 00000000000001a0 t _fatalCmd
0000000000004640 000000000000000c T fatalThrowWithPolicy
0000000000004650 0000000000000014 T fatalSimple
0000000000004650 0000000000000014 T fatalThrow
0000000000004670 0000000000000068 t _smCleanup
00000000000046e0 0000000000000048 T smAddOverrideHandle
0000000000004730 0000000000000054 T smGetServiceOverride
0000000000004790 0000000000000044 T smExit
00000000000047e0 00000000000000cc T smGetServiceOriginal
00000000000048b0 000000000000027c T smInitialize
0000000000004b30 0000000000000110 T smGetServiceWrapper
0000000000004c40 0000000000000010 T hosversionGet
0000000000004c50 0000000000000010 T hosversionSet
0000000000004c60 0000000000000234 T envSetup
0000000000004ea0 0000000000000020 T envGetMainThreadHandle
0000000000004ec0 000000000000000c T envIsNso
0000000000004ed0 0000000000000014 T envHasHeapOverride
0000000000004ef0 000000000000000c T envGetHeapOverrideAddr
0000000000004f00 000000000000000c T envGetHeapOverrideSize
0000000000004f10 0000000000000014 T envHasArgv
0000000000004f30 000000000000000c T envGetArgv
0000000000004f40 000000000000000c T envGetExitFuncPtr
0000000000004f50 000000000000000c T envSetExitFuncPtr
0000000000004f60 0000000000000048 t consoleDrawChar
0000000000004fb0 0000000000000140 t consoleClearLine
00000000000050f0 0000000000000048 t consoleNewRow
0000000000005140 0000000000000120 t consolePrintChar
0000000000005260 0000000000000150 t consoleCls
00000000000053b0 0000000000000814 t con_write
0000000000005bd0 000000000000011c T consoleInit
0000000000005cf0 0000000000000048 T consoleExit
0000000000005d40 000000000000002c T consoleUpdate
0000000000005d70 0000000000000070 t ConsoleSwRenderer_flushAndSwap
0000000000005de0 00000000000000c8 t ConsoleSwRenderer_scrollWindow
0000000000005eb0 0000000000000194 t ConsoleSwRenderer_drawChar
0000000000006050 000000000000003c t ConsoleSwRenderer_deinit
0000000000006090 00000000000000f4 t ConsoleSwRenderer_init
0000000000006190 000000000000000c W getDefaultConsoleRenderer
000000000000619c T svcSetHeapSize
00000000000061b0 T svcSetMemoryAttribute
00000000000061b8 T svcUnmapMemory
00000000000061c0 T svcQueryMemory
00000000000061d4 T svcExitProcess
00000000000061dc T svcSleepThread
00000000000061e4 T svcMapSharedMemory
00000000000061ec T svcUnmapSharedMemory
00000000000061f4 T svcCreateTransferMemory
0000000000006208 T svcCloseHandle
0000000000006210 T svcResetSignal
0000000000006218 T svcWaitSynchronization
000000000000622c T svcArbitrateLock
0000000000006234 T svcArbitrateUnlock
000000000000623c T svcWaitProcessWideKeyAtomic
0000000000006244 T svcSignalProcessWideKey
000000000000624c T svcConnectToNamedPort
0000000000006260 T svcSendSyncRequest
0000000000006268 T svcBreak
0000000000006270 T svcReturnFromException
0000000000006278 T svcGetInfo
000000000000628c T svcUnmapTransferMemory
00000000000062a0 000000000000017c T detectKernelVersion
0000000000006420 0000000000000030 T detectDebugger
0000000000006450 0000000000000014 T shmemLoadRemote
0000000000006470 0000000000000084 T shmemMap
0000000000006500 0000000000000058 T shmemUnmap
0000000000006560 0000000000000044 T shmemClose
00000000000065b0 0000000000000104 t _waitLoop
00000000000066c0 0000000000000328 t _waitObjectsImpl
00000000000069f0 000000000000000c T waitObjects
0000000000006a00 0000000000000098 T rwlockReadLock
0000000000006aa0 00000000000000b4 T rwlockReadUnlock
0000000000006b60 00000000000000a4 T rwlockWriteLock
0000000000006c10 0000000000000078 T rwlockWriteUnlock
0000000000006c90 00000000000000a8 T tmemCreate
0000000000006d40 0000000000000058 T tmemUnmap
0000000000006da0 0000000000000068 T tmemClose
0000000000006e10 000000000000008c T mutexLock
0000000000006ea0 0000000000000030 T mutexUnlock
0000000000006ed0 000000000000004c T rmutexLock
0000000000006f20 000000000000001c T rmutexUnlock
0000000000006f40 000000000000007c t _GetRegionFromInfo.isra.0
0000000000006fc0 0000000000000114 T virtmemSetup
00000000000070e0 0000000000000124 T virtmemReserve
0000000000007210 0000000000000004 T virtmemFree
0000000000007220 000000000000000c T eventLoadRemote
0000000000007230 0000000000000038 T eventWait
0000000000007270 0000000000000050 T eventClose
00000000000072c0 0000000000000060 T condvarWaitTimeout
0000000000007320 0000000000000080 T framebufferMakeLinear
00000000000073a0 0000000000000084 T framebufferClose
0000000000007430 000000000000029c T framebufferCreate
00000000000076d0 0000000000000088 T framebufferBegin
0000000000007760 0000000000000174 T framebufferEnd
00000000000078e0 000000000000000c T nwindowGetDefault
00000000000078f0 00000000000000c0 T __nx_win_init
00000000000079b0 0000000000000034 T __nx_win_exit
00000000000079f0 0000000000000054 t _nwindowConnect
0000000000007a50 0000000000000040 t _nwindowDisconnect
0000000000007a90 0000000000000024 T nwindowIsValid
0000000000007ac0 000000000000006c T nwindowClose
0000000000007b30 00000000000000d0 T nwindowCreate
0000000000007c00 0000000000000034 T nwindowCreateFromLayer
0000000000007c40 0000000000000088 T nwindowSetDimensions
0000000000007cd0 0000000000000154 T nwindowConfigureBuffer
0000000000007e30 00000000000001e0 T nwindowDequeueBuffer
0000000000008010 0000000000000144 T nwindowQueueBuffer
0000000000008160 00000000000000ac T nwindowReleaseBuffers
0000000000008210 00000000000000a0 T __nx_dynamic
00000000000082b0 00000000000000d8 W __libnx_initheap
0000000000008390 00000000000000e8 W __appInit
0000000000008480 0000000000000044 W __appExit
00000000000084d0 0000000000000028 W __libnx_init
0000000000008500 0000000000000020 W __libnx_exit
0000000000008520 000000000000001c T __syscall_exit
0000000000008540 0000000000000034 T __syscall_getreent
0000000000008580 0000000000000004 T __syscall_lock_acquire
0000000000008590 0000000000000004 T __syscall_lock_release
00000000000085a0 0000000000000004 T __syscall_lock_acquire_recursive
00000000000085b0 0000000000000004 T __syscall_lock_release_recursive
00000000000085c0 000000000000023c T __libnx_init_time
0000000000008800 0000000000000084 T newlibSetup
0000000000008890 0000000000000328 T argvSetup
0000000000008bc0 0000000000000014 t fsdev_link
0000000000008be0 0000000000000014 t fsdev_dirreset
0000000000008c00 0000000000000014 t fsdev_chmod
0000000000008c20 000000000000001c t error_cmp
0000000000008c40 000000000000005c t fsdev_translate_error
0000000000008ca0 0000000000000040 t fsdev_fsync
0000000000008ce0 0000000000000058 t fsdev_ftruncate
0000000000008d40 0000000000000020 t fsdev_dirclose
0000000000008d60 000000000000001c t fsdev_close
0000000000008d80 0000000000000080 t fsdev_converttimetoutc
0000000000008e00 00000000000000d0 t fsdev_fstat
0000000000008ed0 00000000000000b0 t fsdev_seek
0000000000008f80 000000000000010c t fsdev_read_safe.isra.0
0000000000009090 00000000000000c4 t fsdev_read
0000000000009160 00000000000000fc t fsdev_write_safe.isra.0
0000000000009260 00000000000000e0 t fsdev_write
0000000000009340 00000000000000b8 t fsdevFindDevice.part.0
0000000000009400 0000000000000214 t fsdev_getfspath
0000000000009620 0000000000000078 t fsdev_rmdir
00000000000096a0 00000000000000cc t fsdev_statvfs
0000000000009770 00000000000000f0 t fsdev_diropen
0000000000009860 0000000000000078 t fsdev_mkdir
00000000000098e0 0000000000000104 t fsdev_rename
00000000000099f0 0000000000000114 t fsdev_chdir
0000000000009b10 0000000000000078 t fsdev_unlink
0000000000009b90 00000000000001c8 t fsdev_stat
0000000000009d60 0000000000000190 t fsdev_open
0000000000009ef0 00000000000000a8 t _fsdevUnmountDeviceStruct.part.0
0000000000009fa0 0000000000000180 t fsdev_dirnext
000000000000a120 0000000000000014 t fsdev_fchmod
000000000000a140 00000000000001c8 T fsdevMountDevice
000000000000a310 0000000000000048 T fsdevMountSdmc
000000000000a360 00000000000000cc T __libnx_init_cwd
000000000000a430 0000000000000064 T fsdevUnmountAll
000000000000a4a0 000000000000012c T decode_utf8
000000000000a5cc T armDCacheFlush
000000000000a5f0 t armDCacheFlush_L0
000000000000a608 W __libnx_exception_entry
000000000000a694 t __libnx_exception_entry_start
000000000000a7bc t __libnx_exception_entry_abort
000000000000a7c0 t __libnx_exception_entry_end
000000000000a7c8 T __libnx_exception_returnentry
000000000000a7e0 T __aarch64_read_tp
000000000000a7f0 00000000000000cc t _nvSetClientPID
000000000000a8c0 00000000000000d0 t _nvCleanup
000000000000a990 00000000000000dc t _nvCmdInitialize.constprop.0
000000000000aa70 0000000000000248 T nvInitialize
000000000000acc0 0000000000000044 T nvExit
000000000000ad10 0000000000000140 T nvConvertError
000000000000ae50 0000000000000110 T nvOpen
000000000000af60 000000000000024c T nvIoctl
000000000000b1b0 00000000000000d4 T nvClose
000000000000b290 0000000000000104 T nvQueryEvent
000000000000b3a0 00000000000001c8 t _timeCleanup
000000000000b570 00000000000000c4 t _timeCmdNoInOutU64.isra.0.constprop.0
000000000000b640 00000000000000e4 t _timeCmdGetSession.constprop.0
000000000000b730 00000000000001d0 T timeInitialize
000000000000b900 0000000000000044 T timeExit
000000000000b950 0000000000000038 T timeGetServiceSession_SystemClock
000000000000b990 0000000000000038 T timeGetCurrentTime
000000000000b9d0 0000000000000114 T timeToCalendarTimeWithMyRule
000000000000baf0 0000000000000100 T timeToPosixTimeWithMyRule
000000000000bbf0 00000000000001dc t _viCleanup
000000000000bdd0 00000000000000e4 t _viCmdGetSessionNoParams.constprop.0
000000000000bec0 00000000000000e0 t _viCmdGetSession.constprop.0
000000000000bfa0 0000000000000260 T viInitialize
000000000000c200 0000000000000044 T viExit
000000000000c250 000000000000000c T viGetSession_IHOSBinderDriverRelay
000000000000c260 000000000000011c T viOpenDisplay
000000000000c380 00000000000000f4 T viCloseDisplay
000000000000c480 00000000000000f4 T viCloseLayer
000000000000c580 00000000000003a0 T viCreateLayer
000000000000c920 00000000000000d4 T viSetLayerScalingMode
000000000000ca00 00000000000000d0 t _setsysGetFirmwareVersionImpl
000000000000cad0 0000000000000068 t _setsysCleanup
000000000000cb40 00000000000000a0 T setsysInitialize
000000000000cbe0 0000000000000044 T setsysExit
000000000000cc30 0000000000000044 T setsysGetFirmwareVersion
000000000000cc80 00000000000000b4 t _fsCleanup
000000000000cd40 00000000000001dc t _fsCmdNoIO
000000000000cf20 00000000000001d4 t _fsFsCmdWithInPath
000000000000d100 00000000000001fc t _fsFsCmdWithTwoInPaths
000000000000d300 000000000000022c t _fsFsOpenCommon
000000000000d530 00000000000001f0 t _fsFsCmdWithInPathAndOutU64
000000000000d720 00000000000000f4 t _fsObjectClose
000000000000d820 000000000000016c t _fsCmdGetSession.constprop.0
000000000000d990 000000000000030c T fsInitialize
000000000000dca0 0000000000000044 T fsExit
000000000000dcf0 0000000000000008 T fsOpenSdCardFileSystem
000000000000dd00 00000000000001e4 T fsFsCreateFile
000000000000def0 0000000000000008 T fsFsDeleteFile
000000000000df00 0000000000000008 T fsFsCreateDirectory
000000000000df10 0000000000000008 T fsFsDeleteDirectory
000000000000df20 0000000000000008 T fsFsRenameFile
000000000000df30 0000000000000008 T fsFsRenameDirectory
000000000000df40 00000000000001e8 T fsFsGetEntryType
000000000000e130 0000000000000008 T fsFsOpenFile
000000000000e140 0000000000000008 T fsFsOpenDirectory
000000000000e150 0000000000000008 T fsFsGetFreeSpace
000000000000e160 0000000000000008 T fsFsGetTotalSpace
000000000000e170 000000000000022c T fsFsGetFileTimeStampRaw
000000000000e3a0 0000000000000004 T fsFsClose
000000000000e3b0 0000000000000218 T fsFileRead
000000000000e5d0 0000000000000208 T fsFileWrite
000000000000e7e0 0000000000000008 T fsFileFlush
000000000000e7f0 00000000000001e0 T fsFileSetSize
000000000000e9d0 00000000000001f0 T fsFileGetSize
000000000000ebc0 0000000000000004 T fsFileClose
000000000000ebd0 0000000000000004 T fsDirClose
000000000000ebe0 0000000000000200 T fsDirRead
000000000000ede0 0000000000000060 t _nvFenceEventWaitCommon
000000000000ee40 000000000000005c T nvFenceInit
000000000000eea0 00000000000000b0 T nvFenceExit
000000000000ef50 00000000000001cc T nvFenceWait
000000000000f120 0000000000000074 T nvMultiFenceWait
000000000000f1a0 000000000000006c T nvMapInit
000000000000f210 0000000000000068 T nvMapExit
000000000000f280 0000000000000080 T nvMapClose
000000000000f300 0000000000000160 T nvMapCreate
000000000000f460 0000000000000028 T nvioctlNvhostCtrl_EventSignal
000000000000f490 0000000000000044 T nvioctlNvhostCtrl_EventWait
000000000000f4e0 0000000000000030 T nvioctlNvhostCtrl_EventWaitAsync
000000000000f510 0000000000000028 T nvioctlNvhostCtrl_EventRegister
000000000000f540 0000000000000028 T nvioctlNvhostCtrl_EventUnregister
000000000000f570 0000000000000040 T nvioctlNvmap_Create
000000000000f5b0 0000000000000044 T nvioctlNvmap_Alloc
000000000000f600 0000000000000030 T nvioctlNvmap_Free
000000000000f630 0000000000000040 T nvioctlNvmap_GetId
000000000000f670 00000000000000d8 T bqRequestBuffer
000000000000f750 0000000000000168 T bqDequeueBuffer
000000000000f8c0 000000000000009c T bqDetachBuffer
000000000000f960 00000000000000dc T bqQueueBuffer
000000000000fa40 0000000000000094 T bqCancelBuffer
000000000000fae0 00000000000000e8 T bqConnect
000000000000fbd0 000000000000009c T bqDisconnect
000000000000fc70 0000000000000174 T bqSetPreallocatedBuffer
000000000000fdf0 0000000000000018 T binderCreate
000000000000fe10 000000000000039c T binderTransactParcel
00000000000101b0 0000000000000124 T binderConvertErrorCode
00000000000102e0 0000000000000120 T binderAdjustRefcount
0000000000010400 0000000000000098 T binderInitSession
00000000000104a0 0000000000000068 T binderClose
0000000000010510 0000000000000154 T binderGetNativeHandle
0000000000010670 0000000000000030 T parcelCreate
00000000000106a0 000000000000019c T parcelTransact
0000000000010840 0000000000000088 T parcelWriteData
00000000000108d0 0000000000000098 T parcelReadData
0000000000010970 0000000000000020 T parcelWriteInt32
0000000000010990 0000000000000020 T parcelWriteUInt32
00000000000109b0 000000000000007c T parcelWriteString16
0000000000010a30 0000000000000030 T parcelWriteInterfaceToken
0000000000010a60 0000000000000024 T parcelReadInt32
0000000000010a90 0000000000000068 T parcelReadFlattenedObject
0000000000010b00 000000000000004c T parcelWriteFlattenedObject
0000000000010b50 00000000000000c4 T nxlinkSetup
0000000000010c20 0000000000000180 T sessionmgrCreate
0000000000010da0 0000000000000084 T sessionmgrClose
0000000000010e30 00000000000000a4 T sessionmgrAttachClient
0000000000010ee0 0000000000000074 T sessionmgrDetachClient
0000000000010f58 000000000000003c T aligned_alloc
0000000000010f98 00000000000000b8 T bsearch
0000000000011050 000000000000002c T calloc
0000000000011080 0000000000000094 T _calloc_r
0000000000011118 0000000000000014 T __errno
0000000000011130 000000000000004c T __libc_fini_array
0000000000011180 000000000000002c T gmtime
00000000000111b0 000000000000029c T gmtime_r
0000000000011450 000000000000009c T __libc_init_array
00000000000114f0 000000000000002c T memalign
0000000000011520 00000000000001a0 T _memalign_r
00000000000116c0 0000000000000024 T malloc
00000000000116e8 0000000000000024 T free
0000000000011710 0000000000000874 T _malloc_r
0000000000011f84 00000000000000d8 T memchr
0000000000012080 000000000000016c T memcpy
0000000000012200 00000000000001dc T memset
00000000000123e0 000000000000000c T __malloc_lock
00000000000123f0 000000000000000c T __malloc_unlock
0000000000012400 0000000000000090 T printf
0000000000012490 0000000000000028 T putchar
00000000000124b8 00000000000000e0 T _putc_r
0000000000012598 00000000000000d0 T _puts_r
0000000000012668 0000000000000024 T puts
0000000000012690 000000000000003c T setenv
00000000000126d0 0000000000000268 T _setenv_r
0000000000012938 0000000000000278 T setvbuf
0000000000012bb0 00000000000000c0 T sscanf
0000000000012c70 0000000000000050 T __sread
0000000000012cc0 0000000000000008 T __seofread
0000000000012cc8 000000000000006c T __swrite
0000000000012d38 0000000000000050 T __sseek
0000000000012d88 0000000000000008 T __sclose
0000000000012d90 00000000000000dc T strchr
0000000000012e80 00000000000000e4 T strcmp
0000000000012f80 0000000000000140 T strlen
00000000000130c0 0000000000000084 T strncat
000000000001319c 00000000000001b8 T strncmp
0000000000013358 000000000000009c T strncpy
0000000000013424 00000000000000e0 T strnlen
00000000000134e0 00000000000001ac t _strtoul_l.isra.0
0000000000013690 0000000000000044 T _strtoul_r
00000000000136d8 0000000000000048 T strtoul
0000000000013720 0000000000000074 t get_arg
0000000000013794 0000000000003204 T __ssvfscanf_r
0000000000016998 0000000000000784 t get_arg
000000000001711c 0000000000003cc4 T _vfprintf_r
000000000001ade0 00000000000000f4 t __sbprintf
000000000001aed8 0000000000000118 T __swbuf_r
000000000001aff0 00000000000000d0 T _wcrtomb_r
000000000001b0c0 0000000000000010 T _wcsrtombs_r
000000000001b0d0 0000000000000138 T __swsetup_r
000000000001b208 000000000000012c T __call_exitprocs
000000000001b338 000000000000019c t quorem
000000000001b4d8 0000000000001124 T _dtoa_r
000000000001c600 000000000000000c T __env_lock
000000000001c610 000000000000000c T __env_unlock
000000000001c620 0000000000000214 T __sflush_r
000000000001c838 00000000000000b8 T _fflush_r
000000000001c8f0 0000000000000080 t std
000000000001c970 000000000000000c T _cleanup_r
000000000001c980 000000000000000c T __sfp_lock_acquire
000000000001c990 000000000000000c T __sfp_lock_release
000000000001c9a0 000000000000000c T __sinit_lock_acquire
000000000001c9b0 000000000000000c T __sinit_lock_release
000000000001c9c0 0000000000000080 T __sinit
000000000001ca40 0000000000000118 T _malloc_trim_r
000000000001cb58 0000000000000300 T _free_r
000000000001ce58 00000000000004b8 T __sfvwrite_r
000000000001d310 00000000000000a4 T _fwalk_reent
000000000001d3b8 0000000000000100 T _findenv_r
000000000001d4b8 0000000000000008 T iswspace
000000000001d4c0 0000000000000008 T __localeconv_l
000000000001d4c8 0000000000000028 T _localeconv_r
000000000001d4f0 000000000000002c T __locale_mb_cur_max
000000000001d520 00000000000000a4 T __swhatbuf_r
000000000001d5c8 000000000000010c T __smakebuf_r
000000000001d6d8 00000000000000e8 T _mbrtowc_r
000000000001d7c0 00000000000002c8 T __utf8_mbtowc
000000000001dac0 00000000000000ac T memmove
000000000001db70 0000000000000090 T _Balloc
000000000001dc00 000000000000001c T _Bfree
000000000001dc20 00000000000000d8 T __multadd
000000000001dcf8 000000000000012c T __s2b
000000000001de28 000000000000005c T __hi0bits
000000000001de88 00000000000000a0 T __lo0bits
000000000001df28 000000000000002c T __i2b
000000000001df58 00000000000001dc T __multiply
000000000001e138 0000000000000100 T __pow5mult
000000000001e238 0000000000000154 T __lshift
000000000001e390 0000000000000050 T __mcmp
000000000001e3e0 000000000000017c T __mdiff
000000000001e560 0000000000000068 T __ulp
000000000001e5c8 0000000000000150 T __b2d
000000000001e718 0000000000000138 T __d2b
000000000001e850 00000000000000a0 T __ratio
000000000001e8f0 0000000000000068 T __copybits
000000000001e958 000000000000006c T __any_on
000000000001e9c8 000000000000002c T realloc
000000000001e9f8 000000000000056c T _realloc_r
000000000001ef68 00000000000000d4 T __sccl
000000000001f040 000000000000000c T nanf
000000000001f050 000000000000007c T frexp
000000000001f0d0 00000000000000ac T sprintf
000000000001f180 0000000000000098 T stpncpy
000000000001f218 0000000000000054 t sulp
000000000001f270 000000000000112c T _strtod_l
00000000000203a0 0000000000000054 T _strtod_r
00000000000203f8 000000000000019c t _strtoll_l.isra.0
0000000000020598 0000000000000044 T _strtoll_r
00000000000205e0 000000000000019c t _strtol_l.isra.0
0000000000020780 0000000000000044 T _strtol_r
00000000000207c8 00000000000001ac t _strtoull_l.isra.0
0000000000020978 0000000000000044 T _strtoull_r
00000000000209bc 00000000000001c0 T __ssprint_r
0000000000020b7c 00000000000000f0 T _sungetc_r
0000000000020c6c 0000000000000070 T __ssrefill_r
0000000000020cdc 00000000000000e0 T _sfread_r
0000000000020dbc 0000000000000784 t get_arg
0000000000021540 0000000000003be8 T _svfprintf_r
0000000000025128 00000000000000c8 T __submore
00000000000251f0 000000000000003c T __sprint_r
0000000000025230 00000000000001e4 T _wcsnrtombs_l
0000000000025418 0000000000000074 T _wcsnrtombs_r
0000000000025490 00000000000000e4 T __utf8_wctomb
0000000000025578 000000000000015c T _fclose_r
00000000000256d8 0000000000000114 t rshift
00000000000257f0 0000000000000814 T __gethex
0000000000026008 0000000000000048 T __match
0000000000026050 000000000000024c T __hexnan
00000000000262a0 000000000000004c T iswspace_l
00000000000262f0 0000000000000248 t __jp2uc
0000000000026538 00000000000000bc T _jp2uc_l
00000000000265f8 000000000000000c T nan
0000000000026608 0000000000000088 T category
0000000000026690 0000000000000008 t null_write
0000000000026698 0000000000000018 T setDefaultDevice
00000000000266b0 0000000000000108 T FindDevice
00000000000267b8 0000000000000034 T RemoveDevice
00000000000267f0 00000000000000dc T AddDevice
00000000000268d0 0000000000000034 T GetDeviceOpTab
0000000000026908 00000000000000a8 T _close_r
00000000000269b0 0000000000000084 T _fstat_r
0000000000026a38 0000000000000008 T _isatty_r
0000000000026a40 0000000000000098 T _lseek_r
0000000000026ad8 00000000000000a4 T _read_r
0000000000026b80 0000000000000078 T _sbrk_r
0000000000026bf8 00000000000000a4 T _write_r
0000000000026ca0 0000000000000020 T _exit
0000000000026cc0 0000000000000228 T _concatenate_path
0000000000026ee8 0000000000000178 T chdir
0000000000027060 0000000000000014 T __libc_lock_acquire
0000000000027078 0000000000000014 T __libc_lock_release
0000000000027090 000000000000000c T __libc_lock_init_recursive
00000000000270a0 0000000000000014 T __libc_lock_acquire_recursive
00000000000270b8 0000000000000014 T __libc_lock_release_recursive
00000000000270d0 0000000000000004 T __libc_lock_close_recursive
00000000000270d8 000000000000003c T __free_handle
0000000000027118 0000000000000058 T __release_handle
0000000000027170 0000000000000020 T __get_handle
0000000000027190 0000000000000020 T __getreent
00000000000271b0 0000000000000150 t __extenddftf2
0000000000027300 000000000000030c t __trunctfdf2
0000000000027610 0000000000000070 t __sfp_handle_exceptions
0000000000027680 0000000000000100 T strrchr
0000000000027780 T _fini
0000000000028000 R __rodata_start
0000000000028038 0000000000000014 r CSWTCH.525
0000000000028158 0000000000000030 r colorTable
0000000000028188 R default_font_bin
000000000002a188 R default_font_bin_end
000000000002a188 R default_font_bin_size
000000000002a190 0000000000000038 r g_nvColorFmtTable
000000000002a1f8 0000000000000020 r error_table
000000000002a240 0000000000000023 r g_bq_InterfaceDescriptor
000000000002a278 0000000000000101 R _ctype_
000000000002a470 0000000000000022 r basefix.6725
000000000002a620 0000000000000010 r blanks.6707
000000000002a630 0000000000000010 r zeroes.6708
000000000002a6d8 0000000000000028 R __mprec_bigtens
000000000002a700 00000000000000c8 R __mprec_tens
000000000002a7c8 000000000000000c r p05.5441
000000000002a808 0000000000000014 r fpi.5521
000000000002a820 0000000000000014 r fpinan.5557
000000000002a838 0000000000000028 r tinytens
000000000002a860 000000000000006c R __action_table
000000000002a8d0 0000000000000100 R __chclass
000000000002a9d0 000000000000006c R __state_table
000000000002ab88 0000000000000010 r blanks.6692
000000000002ab98 0000000000000010 r zeroes.6693
000000000002aba8 0000000000000100 R __hexdig
000000000002acc0 00000000000000bc r a1
000000000002ad80 00000000000000bc r a2
000000000002ae40 000000000000005b r a3
000000000002aea0 0000000000000070 r a6
000000000002af10 00000000000000a2 r a7
000000000002afb8 0000000000000040 r a8
000000000002aff8 000000000000172a r b02cf
000000000002c728 0000000000001a7c r d02f4
000000000002e1a8 000000000000309c r categories
0000000000031248 r __EH_FRAME_BEGIN__
0000000000031248 R __eh_frame_hdr_end
0000000000031248 R __eh_frame_hdr_start
0000000000036de4 r __FRAME_END__
0000000000036de8 a _DYNAMIC
000000000003a000 R __data_start
000000000003a000 t __frame_dummy_init_array_entry
000000000003a000 T __init_array_start
000000000003a000 B __preinit_array_end
000000000003a000 B __preinit_array_start
000000000003a000 D __tdata_lma
000000000003a000 D __tdata_lma_end
000000000003a008 t __do_global_dtors_aux_fini_array_entry
000000000003a008 T __fini_array_start
000000000003a008 T __init_array_end
000000000003a010 T __fini_array_end
000000000003a010 a _GLOBAL_OFFSET_TABLE_
000000000003a010 T __got_start__
000000000003a2a0 D __got_end__
000000000003a2a0 0000000000000001 V __nx_applet_auto_notifyrunning
000000000003a2a4 0000000000000004 V __nx_applet_type
000000000003a2a8 0000000000000001 d firstConsoleInit.6285
000000000003a2b0 0000000000000058 d defaultConsole
000000000003a308 0000000000000008 d currentConsole
000000000003a310 00000000000000e0 d dotab_stdout
000000000003a3f0 0000000000000088 d s_consoleSwRenderer
000000000003a478 0000000000000008 V __nx_exception_stack_size
000000000003a480 0000000000000004 V __nx_fsdev_direntry_cache_size
000000000003a484 0000000000000001 V __nx_fsdev_support_cwd
000000000003a488 00000000000000e0 d fsdev_devoptab
000000000003a568 0000000000000004 V __nx_nv_transfermem_size
000000000003a56c 0000000000000004 V __nx_vi_stray_layer_flags
000000000003a570 0000000000000004 d g_viServiceType
000000000003a574 0000000000000004 V __nx_fs_num_sessions
000000000003a578 0000000000000004 d g_ctrl_fd
000000000003a57c 0000000000000004 d g_nvmap_fd
000000000003a580 0000000000000008 D _impure_ptr
000000000003a588 0000000000000768 d impure_data
000000000003acf0 0000000000000008 D _global_impure_ptr
000000000003acf8 0000000000000008 D __malloc_sbrk_base
000000000003ad00 0000000000000008 D __malloc_trim_threshold
000000000003ad08 0000000000000810 D __malloc_av_
000000000003b518 0000000000000008 D environ
000000000003b520 00000000000001a8 D __global_locale
000000000003b6c8 0000000000000002 d numempty
000000000003b6d0 0000000000000018 D _C_numeric_locale
000000000003b6e8 0000000000000004 d defaultDevice
000000000003b6f0 0000000000000080 D devoptab_list
000000000003b770 00000000000000e0 D dotab_stdnull
000000000003b850 0000000000000400 d _current_working_directory
000000000003bc50 0000000000000010 d __stderr_handle
000000000003bc60 0000000000000010 d __stdin_handle
000000000003bc70 0000000000000010 d __stdout_handle
000000000003bc80 0000000000002000 d handles
000000000003dc80 D __bss_start__
000000000003dc80 b completed.8111
000000000003dc80 D __TMC_END__
000000000003dc88 b object.8116
000000000003dcb8 0000000000000080 V __nx_applet_AppletAttribute
000000000003dd38 0000000000000008 V __nx_applet_PerformanceConfiguration
000000000003dd40 0000000000000004 V __nx_applet_exit_mode
000000000003dd44 0000000000000001 b g_appletCopyrightInitialized
000000000003dd48 0000000000000028 b g_appletCopyrightTmem
000000000003dd70 0000000000000004 b g_appletCpuBoostMode
000000000003dd74 0000000000000001 b g_appletExitProcessFlag
000000000003dd78 0000000000000004 b g_appletExitProcessResult
000000000003dd80 0000000000000018 b g_appletFirstHook
000000000003dd98 0000000000000001 b g_appletFocusState
000000000003dda0 0000000000000008 b g_appletGuard
000000000003dda8 0000000000000010 b g_appletIAppletCommonFunctions
000000000003ddb8 0000000000000010 b g_appletIApplicationCreator
000000000003ddc8 0000000000000010 b g_appletIAudioController
000000000003ddd8 0000000000000010 b g_appletICommonStateGetter
000000000003dde8 0000000000000010 b g_appletIDebugFunctions
000000000003ddf8 0000000000000010 b g_appletIDisplayController
000000000003de08 0000000000000010 b g_appletIFunctions
000000000003de18 0000000000000010 b g_appletIGlobalStateController
000000000003de28 0000000000000010 b g_appletILibraryAppletCreator
000000000003de38 0000000000000010 b g_appletILibraryAppletSelfAccessor
000000000003de48 0000000000000010 b g_appletIProcessWindingController
000000000003de58 0000000000000010 b g_appletISelfController
000000000003de68 0000000000000010 b g_appletIWindowController
000000000003de78 0000000000000050 b g_appletInfo
000000000003dec8 0000000000000001 b g_appletInfoInitialized
000000000003ded0 0000000000000008 b g_appletInitTickBase
000000000003ded8 0000000000000001 b g_appletLeftInitialized
000000000003dee0 000000000000000c b g_appletLibraryAppletLaunchableEvent
000000000003def0 000000000000000c b g_appletMessageEvent
000000000003defc 0000000000000001 b g_appletNotifiedRunning
000000000003defd 0000000000000001 b g_appletOperationMode
000000000003df00 0000000000000004 b g_appletPerformanceMode
000000000003df08 0000000000000010 b g_appletProxySession
000000000003df18 0000000000000004 b g_appletRecordingInitialized
000000000003df20 0000000000000028 b g_appletRecordingTmem
000000000003df48 0000000000000008 b g_appletResourceUserId
000000000003df50 0000000000000010 b g_appletSrv
000000000003df60 0000000000000008 b g_appletSuspendedTick
000000000003df68 000000000000000c b g_appletSuspendedTickEvent
000000000003df74 0000000000000001 b g_appletSuspendedTickInitialized
000000000003df78 0000000000000050 b g_controllerDown
000000000003dfc8 00000000000001e0 b g_controllerEntries
000000000003e1a8 0000000000000190 b g_controllerHeaders
000000000003e338 0000000000000050 b g_controllerHeld
000000000003e388 0000000000000028 b g_controllerLayout
000000000003e3b0 0000000000000500 b g_controllerMisc
000000000003e8b0 0000000000000050 b g_controllerOld
000000000003e900 0000000000000004 b g_controllerP1AutoID
000000000003e908 0000000000000050 b g_controllerTimestamps
000000000003e958 0000000000000050 b g_controllerUp
000000000003e9a8 0000000000000008 b g_hidGuard
000000000003e9b0 0000000000000010 b g_hidIAppletResource
000000000003e9c0 0000000000000020 b g_hidLock
000000000003e9e0 0000000000000020 b g_hidSharedmem
000000000003ea00 0000000000000010 b g_hidSrv
000000000003ea10 0000000000000020 b g_keyboardDown
000000000003ea30 0000000000000038 b g_keyboardEntry
000000000003ea68 0000000000000020 b g_keyboardHeld
000000000003ea88 0000000000000008 b g_keyboardModDown
000000000003ea90 0000000000000008 b g_keyboardModHeld
000000000003ea98 0000000000000008 b g_keyboardModOld
000000000003eaa0 0000000000000008 b g_keyboardModUp
000000000003eaa8 0000000000000020 b g_keyboardOld
000000000003eac8 0000000000000008 b g_keyboardTimestamp
000000000003ead0 0000000000000020 b g_keyboardUp
000000000003eaf0 0000000000000400 b g_mouse
000000000003eef0 0000000000000008 b g_mouseDown
000000000003eef8 0000000000000008 b g_mouseEntry
000000000003ef00 0000000000000008 b g_mouseHeld
000000000003ef08 0000000000000008 b g_mouseOld
000000000003ef10 0000000000000008 b g_mouseTimestamp
000000000003ef18 0000000000000008 b g_mouseUp
000000000003ef20 0000000000000008 b g_sevenSixAxisSensorBuffer
000000000003ef28 0000000000000028 b g_sevenSixAxisSensorTmem0
000000000003ef50 0000000000000028 b g_sevenSixAxisSensorTmem1
000000000003ef78 000000000000000a b g_sixaxisEnabled
000000000003ef88 0000000000004650 b g_sixaxisLayouts
00000000000435d8 0000000000000298 b g_touchEntry
0000000000043870 0000000000000008 b g_touchTimestamp
0000000000043878 0000000000000008 b g_apmGuard
0000000000043880 0000000000000010 b g_apmISession
0000000000043890 0000000000000010 b g_apmSrv
00000000000438a0 0000000000000008 b g_smGuard
00000000000438a8 0000000000000180 b g_smOverrides
0000000000043a28 0000000000000008 b g_smOverridesNum
0000000000043a30 0000000000000010 b g_smSrv
0000000000043a40 0000000000000004 b g_hosVersion
0000000000043a44 0000000000000001 b g_hasRandomSeed
0000000000043a45 0000000000000001 b g_isNso
0000000000043a48 0000000000000004 b g_lastLoadResult
0000000000043a50 0000000000000008 b g_loaderInfo
0000000000043a58 0000000000000008 b g_loaderInfoSize
0000000000043a60 0000000000000008 b g_loaderRetAddr
0000000000043a68 0000000000000004 b g_mainThreadHandle
0000000000043a70 0000000000000008 b g_nextLoadArgv
0000000000043a78 0000000000000008 b g_nextLoadPath
0000000000043a80 0000000000000008 b g_overrideArgv
0000000000043a88 0000000000000008 b g_overrideHeapAddr
0000000000043a90 0000000000000008 b g_overrideHeapSize
0000000000043a98 0000000000000004 b g_processHandle
0000000000043aa0 0000000000000010 b g_randomSeed
0000000000043ab0 0000000000000010 b g_syscallHints
0000000000043ac0 0000000000000008 b g_userIdStorage
0000000000043ac8 0000000000000058 b currentCopy
0000000000043b20 0000000000000004 b g_Version
0000000000043b24 0000000000000001 b g_VersionCached
0000000000043b28 0000000000000004 b g_VersionMutex
0000000000043b30 0000000000000010 b g_AddressSpace
0000000000043b40 0000000000000008 b g_CurrentAddr
0000000000043b48 0000000000000030 b g_Region
0000000000043b78 0000000000000004 b g_VirtMemMutex
0000000000043b80 0000000000000080 b g_defaultWin
0000000000043c00 0000000000000050 b g_viDisplay
0000000000043c50 0000000000000010 b g_viLayer
0000000000043c60 0000000000000004 V __nx_exception_ignoredebug
0000000000043c70 0000000000000400 V __nx_exception_stack
0000000000044070 0000000000000008 V __nx_heap_size
0000000000044078 0000000000000008 b __bootticks
0000000000044080 0000000000000008 b __boottime
0000000000044088 0000000000000004 V __nx_time_type
0000000000044090 0000000000000008 b g_argv_empty
0000000000044098 0000000000000004 b fsdev_fsdevice_cwd
00000000000440a0 0000000000002400 b fsdev_fsdevices
00000000000464a0 0000000000000001 b fsdev_initialised
00000000000464a8 0000000000000008 b g_nvGuard
00000000000464b0 0000000000000010 b g_nvSrv
00000000000464c0 0000000000000010 b g_nvSrvClone
00000000000464d0 0000000000000028 b g_nvTransfermem
00000000000464f8 0000000000000004 V __nx_time_service_type
0000000000046500 0000000000000008 b g_timeGuard
0000000000046508 0000000000000010 b g_timeLocalSystemClock
0000000000046518 0000000000000010 b g_timeNetworkSystemClock
0000000000046528 0000000000000010 b g_timeSrv
0000000000046538 0000000000000010 b g_timeTimeZoneService
0000000000046548 0000000000000010 b g_timeUserSystemClock
0000000000046558 0000000000000008 V __nx_vi_layer_id
0000000000046560 0000000000000008 b g_viGuard
0000000000046568 0000000000000010 b g_viIApplicationDisplayService
0000000000046578 0000000000000010 b g_viIHOSBinderDriverIndirect
0000000000046588 0000000000000010 b g_viIHOSBinderDriverRelay
0000000000046598 0000000000000010 b g_viIManagerDisplayService
00000000000465a8 0000000000000010 b g_viISystemDisplayService
00000000000465b8 0000000000000008 b g_setsysGuard
00000000000465c0 0000000000000010 b g_setsysSrv
00000000000465d0 0000000000000008 b g_fsGuard
00000000000465d8 0000000000000054 b g_fsSessionMgr
0000000000046630 0000000000000010 b g_fsSrv
0000000000046640 0000000000000008 b g_NvEventUsedMask
0000000000046648 0000000000000300 b g_NvEvents
0000000000046948 0000000000000008 b g_refCnt
0000000000046950 0000000000000008 b g_refCnt
0000000000046958 0000000000000028 B __malloc_current_mallinfo
0000000000046980 0000000000000008 B __malloc_max_sbrked_mem
0000000000046988 0000000000000008 B __malloc_max_total_mem
0000000000046990 0000000000000008 B __malloc_top_pad
0000000000046998 000000000000000c b __malloc_recursive_mutex
00000000000469a4 0000000000000004 b alloced.4188
00000000000469a8 000000000000000c B __atexit_recursive_mutex
00000000000469b8 0000000000000008 b initial_env
00000000000469c0 000000000000000c b __env_recursive_mutex
00000000000469d0 000000000000000c b __sfp_recursive_mutex
00000000000469e0 000000000000000c b __sinit_recursive_mutex
00000000000469f0 0000000000000008 b heap_start.5367
00000000000469f8 0000000000000008 B fake_heap_end
0000000000046a00 0000000000000008 B fake_heap_start
0000000000046a08 0000000000000400 b temp_cwd
0000000000046e08 0000000000000004 b __hndl_lock
0000000000046e10 0000000000000340 B __nx_exceptiondump
0000000000047150 0000000000000008 B __stack_top
0000000000047158 0000000000000008 B __system_argv
0000000000047160 0000000000000004 B __system_argc
0000000000047168 0000000000000004 B __nxlink_host
0000000000047170 B __tls_start
0000000000047580 B __bss_end__
0000000000047580 A __end__
0000000000047580 B __tls_end
0000000000048000 A __argdata__
