0000000000000000 T __code_start
0000000000000000 0000000000000004 b fsdev_last_result
0000000000000000 A __start__
0000000000000000 T _start
0000000000000000 b _TLS_MODULE_BASE_
0000000000000004 0000000000000004 b g_fsPriority
0000000000000008 0000000000000401 B __nx_dev_path_buf
0000000000000080 t startup
00000000000000a4 t bssclr_start
00000000000000cc t bss_loop
0000000000000120 T __nx_exit
0000000000000130 T __nx_mod0
0000000000000158 T _init
00000000000001c0 0000000000000038 T exit
0000000000000200 00000000000003b0 T main
00000000000005b0 t deregister_tm_clones
00000000000005e0 t register_tm_clones
0000000000000620 t __do_global_dtors_aux
0000000000000668 t frame_dummy
00000000000006a0 0000000000000024 t _appletInfiniteSleepLoop
00000000000006d0 00000000000000c8 t _appletCmdNoIO
00000000000007a0 00000000000000e0 t _appletCmdNoInOutU64
0000000000000880 00000000000000f4 t _appletCmdGetSession
0000000000000980 00000000000000dc t _appletCmdNoInOutU32
0000000000000a60 00000000000000e4 t _appletCmdNoInOutU8
0000000000000b50 0000000000000040 t _appletCmdNoInOutBool
0000000000000b90 0000000000000100 t _appletGetLaunchReason
0000000000000c90 00000000000000ec t _appletSetFocusHandlingMode
0000000000000d80 00000000000000dc t _appletGetLibraryAppletInfo
0000000000000e60 00000000000000c4 t _appletCmdInU8NoOut.isra.0
0000000000000f30 00000000000000c4 t _appletCmdInU32NoOut.isra.0
0000000000001000 0000000000000118 t _appletGetSessionProxy.constprop.0
0000000000001120 0000000000000134 t _appletOpenLibraryAppletProxy.constprop.0
0000000000001260 00000000000000d8 t _appletCmdGetHandle.constprop.0
0000000000001340 0000000000000068 t _appletCmdGetEvent
00000000000013b0 0000000000000010 T appletGetAppletType
00000000000013c0 0000000000000110 T appletSetFocusHandlingMode
00000000000014d0 0000000000000060 T appletSetCpuBoostMode
0000000000001530 0000000000000028 T appletCreateManagedDisplayLayer
0000000000001560 0000000000000028 T appletGetAppletResourceUserId
0000000000001590 000000000000010c t _appletGetIndirectLayerConsumerHandle.isra.0
00000000000016a0 0000000000000078 t _appletHolderCreateState
0000000000001720 00000000000000b4 T appletHolderClose
00000000000017e0 0000000000000018 T appletHolderGetLibraryAppletInfo
0000000000001800 0000000000000058 T appletNotifyRunning
0000000000001860 0000000000000088 T appletSetGamePlayRecordingState
00000000000018f0 0000000000000ad0 t _appletCleanup
00000000000023c0 0000000000000044 T appletExit
0000000000002410 0000000000000020 t _appletExitProcess
0000000000002430 000000000000003c T appletGetLibraryAppletInfo
0000000000002470 0000000000000a14 T appletInitialize
0000000000002e90 0000000000000070 T appletGetMessage
0000000000002f00 0000000000000230 T appletProcessMessage
0000000000003130 0000000000000034 T appletMainLoop
0000000000003170 00000000000000ec t _hidCmdWithNoInput
0000000000003260 0000000000000104 t _hidCmdWithInputU32
0000000000003370 00000000000000f8 t _hidCreateAppletResource.constprop.0
0000000000003470 00000000000000c4 t _hidCmdGetHandle.isra.0.constprop.0
0000000000003540 00000000000000f4 t _hidCmdWithInputU64.constprop.0
0000000000003640 00000000000001f8 T hidReset
0000000000003840 000000000000000c T hidGetSharedmemAddr
0000000000003850 000000000000006c T hidKeysDown
00000000000038c0 000000000000000c T hidTouchCount
00000000000038d0 00000000000005c0 T hidScanInput
0000000000003e90 0000000000000008 T hidSetSupportedNpadStyleSet
0000000000003ea0 0000000000000190 T hidSetSupportedNpadIdType
0000000000004030 0000000000000008 T hidSetNpadJoyHoldType
0000000000004040 0000000000000020 T hidSetNpadJoyAssignmentModeDual
0000000000004060 0000000000000080 T hidFinalizeSevenSixAxisSensor
00000000000040e0 0000000000000100 t _hidCleanup
00000000000041e0 00000000000001d8 T hidInitialize
00000000000043c0 0000000000000044 T hidExit
0000000000004410 00000000000000c0 t _apmCleanup
00000000000044d0 00000000000000dc t _apmCmdGetSession.constprop.0
00000000000045b0 00000000000000a0 T apmInitialize
0000000000004650 0000000000000044 T apmExit
00000000000046a0 00000000000000c4 T apmSetPerformanceConfiguration
0000000000004770 00000000000001a0 t _fatalCmd
0000000000004910 000000000000000c T fatalThrowWithPolicy
0000000000004920 0000000000000014 T fatalSimple
0000000000004920 0000000000000014 T fatalThrow
0000000000004940 0000000000000068 t _smCleanup
00000000000049b0 0000000000000048 T smAddOverrideHandle
0000000000004a00 0000000000000054 T smGetServiceOverride
0000000000004a60 0000000000000044 T smExit
0000000000004ab0 00000000000000cc T smGetServiceOriginal
0000000000004b80 000000000000027c T smInitialize
0000000000004e00 0000000000000110 T smGetServiceWrapper
0000000000004f10 0000000000000010 T hosversionGet
0000000000004f20 0000000000000010 T hosversionSet
0000000000004f30 0000000000000234 T envSetup
0000000000005170 0000000000000020 T envGetMainThreadHandle
0000000000005190 000000000000000c T envIsNso
00000000000051a0 0000000000000014 T envHasHeapOverride
00000000000051c0 000000000000000c T envGetHeapOverrideAddr
00000000000051d0 000000000000000c T envGetHeapOverrideSize
00000000000051e0 0000000000000014 T envHasArgv
0000000000005200 000000000000000c T envGetArgv
0000000000005210 000000000000000c T envGetExitFuncPtr
0000000000005220 000000000000000c T envSetExitFuncPtr
0000000000005230 0000000000000048 t consoleDrawChar
0000000000005280 0000000000000140 t consoleClearLine
00000000000053c0 0000000000000048 t consoleNewRow
0000000000005410 0000000000000120 t consolePrintChar
0000000000005530 0000000000000150 t consoleCls
0000000000005680 0000000000000814 t con_write
0000000000005ea0 000000000000011c T consoleInit
0000000000005fc0 0000000000000048 T consoleExit
0000000000006010 000000000000002c T consoleUpdate
0000000000006040 0000000000000070 t ConsoleSwRenderer_flushAndSwap
00000000000060b0 00000000000000c8 t ConsoleSwRenderer_scrollWindow
0000000000006180 0000000000000194 t ConsoleSwRenderer_drawChar
0000000000006320 000000000000003c t ConsoleSwRenderer_deinit
0000000000006360 00000000000000f4 t ConsoleSwRenderer_init
0000000000006460 000000000000000c W getDefaultConsoleRenderer
000000000000646c T svcSetHeapSize
0000000000006480 T svcSetMemoryAttribute
0000000000006488 T svcUnmapMemory
0000000000006490 T svcQueryMemory
00000000000064a4 T svcExitProcess
00000000000064ac T svcSleepThread
00000000000064b4 T svcMapSharedMemory
00000000000064bc T svcUnmapSharedMemory
00000000000064c4 T svcCreateTransferMemory
00000000000064d8 T svcCloseHandle
00000000000064e0 T svcResetSignal
00000000000064e8 T svcWaitSynchronization
00000000000064fc T svcArbitrateLock
0000000000006504 T svcArbitrateUnlock
000000000000650c T svcWaitProcessWideKeyAtomic
0000000000006514 T svcSignalProcessWideKey
000000000000651c T svcConnectToNamedPort
0000000000006530 T svcSendSyncRequest
0000000000006538 T svcBreak
0000000000006540 T svcReturnFromException
0000000000006548 T svcGetInfo
000000000000655c T svcUnmapTransferMemory
0000000000006570 000000000000017c T detectKernelVersion
00000000000066f0 0000000000000030 T detectDebugger
0000000000006720 0000000000000014 T shmemLoadRemote
0000000000006740 0000000000000084 T shmemMap
00000000000067d0 0000000000000058 T shmemUnmap
0000000000006830 0000000000000044 T shmemClose
0000000000006880 0000000000000104 t _waitLoop
0000000000006990 0000000000000328 t _waitObjectsImpl
0000000000006cc0 000000000000000c T waitObjects
0000000000006cd0 0000000000000098 T rwlockReadLock
0000000000006d70 00000000000000b4 T rwlockReadUnlock
0000000000006e30 00000000000000a4 T rwlockWriteLock
0000000000006ee0 0000000000000078 T rwlockWriteUnlock
0000000000006f60 00000000000000a8 T tmemCreate
0000000000007010 0000000000000058 T tmemUnmap
0000000000007070 0000000000000068 T tmemClose
00000000000070e0 000000000000008c T mutexLock
0000000000007170 0000000000000030 T mutexUnlock
00000000000071a0 000000000000004c T rmutexLock
00000000000071f0 000000000000001c T rmutexUnlock
0000000000007210 000000000000007c t _GetRegionFromInfo.isra.0
0000000000007290 0000000000000114 T virtmemSetup
00000000000073b0 0000000000000124 T virtmemReserve
00000000000074e0 0000000000000004 T virtmemFree
00000000000074f0 000000000000000c T eventLoadRemote
0000000000007500 0000000000000038 T eventWait
0000000000007540 0000000000000050 T eventClose
0000000000007590 0000000000000060 T condvarWaitTimeout
00000000000075f0 0000000000000080 T framebufferMakeLinear
0000000000007670 0000000000000084 T framebufferClose
0000000000007700 000000000000029c T framebufferCreate
00000000000079a0 0000000000000088 T framebufferBegin
0000000000007a30 0000000000000174 T framebufferEnd
0000000000007bb0 000000000000000c T nwindowGetDefault
0000000000007bc0 00000000000000c0 T __nx_win_init
0000000000007c80 0000000000000034 T __nx_win_exit
0000000000007cc0 0000000000000054 t _nwindowConnect
0000000000007d20 0000000000000040 t _nwindowDisconnect
0000000000007d60 0000000000000024 T nwindowIsValid
0000000000007d90 000000000000006c T nwindowClose
0000000000007e00 00000000000000d0 T nwindowCreate
0000000000007ed0 0000000000000034 T nwindowCreateFromLayer
0000000000007f10 0000000000000088 T nwindowSetDimensions
0000000000007fa0 0000000000000154 T nwindowConfigureBuffer
0000000000008100 00000000000001e0 T nwindowDequeueBuffer
00000000000082e0 0000000000000144 T nwindowQueueBuffer
0000000000008430 00000000000000ac T nwindowReleaseBuffers
00000000000084e0 00000000000000a0 T __nx_dynamic
0000000000008580 00000000000000d8 W __libnx_initheap
0000000000008660 00000000000000e8 W __appInit
0000000000008750 0000000000000044 W __appExit
00000000000087a0 0000000000000028 W __libnx_init
00000000000087d0 0000000000000020 W __libnx_exit
00000000000087f0 000000000000001c T __syscall_exit
0000000000008810 0000000000000034 T __syscall_getreent
0000000000008850 0000000000000004 T __syscall_lock_acquire
0000000000008860 0000000000000004 T __syscall_lock_release
0000000000008870 0000000000000004 T __syscall_lock_acquire_recursive
0000000000008880 0000000000000004 T __syscall_lock_release_recursive
0000000000008890 000000000000023c T __libnx_init_time
0000000000008ad0 000000000000008c T __syscall_gettod_r
0000000000008b60 0000000000000084 T newlibSetup
0000000000008bf0 0000000000000328 T argvSetup
0000000000008f20 0000000000000014 t fsdev_link
0000000000008f40 0000000000000014 t fsdev_dirreset
0000000000008f60 0000000000000014 t fsdev_chmod
0000000000008f80 000000000000001c t error_cmp
0000000000008fa0 000000000000005c t fsdev_translate_error
0000000000009000 0000000000000040 t fsdev_fsync
0000000000009040 0000000000000058 t fsdev_ftruncate
00000000000090a0 0000000000000020 t fsdev_dirclose
00000000000090c0 000000000000001c t fsdev_close
00000000000090e0 0000000000000080 t fsdev_converttimetoutc
0000000000009160 00000000000000d0 t fsdev_fstat
0000000000009230 00000000000000b0 t fsdev_seek
00000000000092e0 000000000000010c t fsdev_read_safe.isra.0
00000000000093f0 00000000000000c4 t fsdev_read
00000000000094c0 00000000000000fc t fsdev_write_safe.isra.0
00000000000095c0 00000000000000e0 t fsdev_write
00000000000096a0 00000000000000b8 t fsdevFindDevice.part.0
0000000000009760 0000000000000214 t fsdev_getfspath
0000000000009980 0000000000000078 t fsdev_rmdir
0000000000009a00 00000000000000cc t fsdev_statvfs
0000000000009ad0 00000000000000f0 t fsdev_diropen
0000000000009bc0 0000000000000078 t fsdev_mkdir
0000000000009c40 0000000000000104 t fsdev_rename
0000000000009d50 0000000000000114 t fsdev_chdir
0000000000009e70 0000000000000078 t fsdev_unlink
0000000000009ef0 00000000000001c8 t fsdev_stat
000000000000a0c0 0000000000000190 t fsdev_open
000000000000a250 00000000000000a8 t _fsdevUnmountDeviceStruct.part.0
000000000000a300 0000000000000180 t fsdev_dirnext
000000000000a480 0000000000000014 t fsdev_fchmod
000000000000a4a0 00000000000001c8 T fsdevMountDevice
000000000000a670 0000000000000048 T fsdevMountSdmc
000000000000a6c0 00000000000000cc T __libnx_init_cwd
000000000000a790 0000000000000064 T fsdevUnmountAll
000000000000a800 000000000000012c T decode_utf8
000000000000a92c T armDCacheFlush
000000000000a950 t armDCacheFlush_L0
000000000000a968 W __libnx_exception_entry
000000000000a9f4 t __libnx_exception_entry_start
000000000000ab1c t __libnx_exception_entry_abort
000000000000ab20 t __libnx_exception_entry_end
000000000000ab28 T __libnx_exception_returnentry
000000000000ab40 T __aarch64_read_tp
000000000000ab50 00000000000000cc t _nvSetClientPID
000000000000ac20 00000000000000d0 t _nvCleanup
000000000000acf0 00000000000000dc t _nvCmdInitialize.constprop.0
000000000000add0 0000000000000248 T nvInitialize
000000000000b020 0000000000000044 T nvExit
000000000000b070 0000000000000140 T nvConvertError
000000000000b1b0 0000000000000110 T nvOpen
000000000000b2c0 000000000000024c T nvIoctl
000000000000b510 00000000000000d4 T nvClose
000000000000b5f0 0000000000000104 T nvQueryEvent
000000000000b700 00000000000001c8 t _timeCleanup
000000000000b8d0 00000000000000c4 t _timeCmdNoInOutU64.isra.0.constprop.0
000000000000b9a0 00000000000000e4 t _timeCmdGetSession.constprop.0
000000000000ba90 00000000000001d0 T timeInitialize
000000000000bc60 0000000000000044 T timeExit
000000000000bcb0 0000000000000038 T timeGetServiceSession_SystemClock
000000000000bcf0 0000000000000038 T timeGetCurrentTime
000000000000bd30 0000000000000114 T timeToCalendarTimeWithMyRule
000000000000be50 0000000000000100 T timeToPosixTimeWithMyRule
000000000000bf50 00000000000001dc t _viCleanup
000000000000c130 00000000000000e4 t _viCmdGetSessionNoParams.constprop.0
000000000000c220 00000000000000e0 t _viCmdGetSession.constprop.0
000000000000c300 0000000000000260 T viInitialize
000000000000c560 0000000000000044 T viExit
000000000000c5b0 000000000000000c T viGetSession_IHOSBinderDriverRelay
000000000000c5c0 000000000000011c T viOpenDisplay
000000000000c6e0 00000000000000f4 T viCloseDisplay
000000000000c7e0 00000000000000f4 T viCloseLayer
000000000000c8e0 00000000000003a0 T viCreateLayer
000000000000cc80 00000000000000d4 T viSetLayerScalingMode
000000000000cd60 00000000000000d0 t _setsysGetFirmwareVersionImpl
000000000000ce30 0000000000000068 t _setsysCleanup
000000000000cea0 00000000000000a0 T setsysInitialize
000000000000cf40 0000000000000044 T setsysExit
000000000000cf90 0000000000000044 T setsysGetFirmwareVersion
000000000000cfe0 00000000000000b4 t _fsCleanup
000000000000d0a0 00000000000001dc t _fsCmdNoIO
000000000000d280 00000000000001d4 t _fsFsCmdWithInPath
000000000000d460 00000000000001fc t _fsFsCmdWithTwoInPaths
000000000000d660 000000000000022c t _fsFsOpenCommon
000000000000d890 00000000000001f0 t _fsFsCmdWithInPathAndOutU64
000000000000da80 00000000000000f4 t _fsObjectClose
000000000000db80 000000000000016c t _fsCmdGetSession.constprop.0
000000000000dcf0 000000000000030c T fsInitialize
000000000000e000 0000000000000044 T fsExit
000000000000e050 0000000000000008 T fsOpenSdCardFileSystem
000000000000e060 00000000000001e4 T fsFsCreateFile
000000000000e250 0000000000000008 T fsFsDeleteFile
000000000000e260 0000000000000008 T fsFsCreateDirectory
000000000000e270 0000000000000008 T fsFsDeleteDirectory
000000000000e280 0000000000000008 T fsFsRenameFile
000000000000e290 0000000000000008 T fsFsRenameDirectory
000000000000e2a0 00000000000001e8 T fsFsGetEntryType
000000000000e490 0000000000000008 T fsFsOpenFile
000000000000e4a0 0000000000000008 T fsFsOpenDirectory
000000000000e4b0 0000000000000008 T fsFsGetFreeSpace
000000000000e4c0 0000000000000008 T fsFsGetTotalSpace
000000000000e4d0 000000000000022c T fsFsGetFileTimeStampRaw
000000000000e700 0000000000000004 T fsFsClose
000000000000e710 0000000000000218 T fsFileRead
000000000000e930 0000000000000208 T fsFileWrite
000000000000eb40 0000000000000008 T fsFileFlush
000000000000eb50 00000000000001e0 T fsFileSetSize
000000000000ed30 00000000000001f0 T fsFileGetSize
000000000000ef20 0000000000000004 T fsFileClose
000000000000ef30 0000000000000004 T fsDirClose
000000000000ef40 0000000000000200 T fsDirRead
000000000000f140 0000000000000060 t _nvFenceEventWaitCommon
000000000000f1a0 000000000000005c T nvFenceInit
000000000000f200 00000000000000b0 T nvFenceExit
000000000000f2b0 00000000000001cc T nvFenceWait
000000000000f480 0000000000000074 T nvMultiFenceWait
000000000000f500 000000000000006c T nvMapInit
000000000000f570 0000000000000068 T nvMapExit
000000000000f5e0 0000000000000080 T nvMapClose
000000000000f660 0000000000000160 T nvMapCreate
000000000000f7c0 0000000000000028 T nvioctlNvhostCtrl_EventSignal
000000000000f7f0 0000000000000044 T nvioctlNvhostCtrl_EventWait
000000000000f840 0000000000000030 T nvioctlNvhostCtrl_EventWaitAsync
000000000000f870 0000000000000028 T nvioctlNvhostCtrl_EventRegister
000000000000f8a0 0000000000000028 T nvioctlNvhostCtrl_EventUnregister
000000000000f8d0 0000000000000040 T nvioctlNvmap_Create
000000000000f910 0000000000000044 T nvioctlNvmap_Alloc
000000000000f960 0000000000000030 T nvioctlNvmap_Free
000000000000f990 0000000000000040 T nvioctlNvmap_GetId
000000000000f9d0 00000000000000d8 T bqRequestBuffer
000000000000fab0 0000000000000168 T bqDequeueBuffer
000000000000fc20 000000000000009c T bqDetachBuffer
000000000000fcc0 00000000000000dc T bqQueueBuffer
000000000000fda0 0000000000000094 T bqCancelBuffer
000000000000fe40 00000000000000e8 T bqConnect
000000000000ff30 000000000000009c T bqDisconnect
000000000000ffd0 0000000000000174 T bqSetPreallocatedBuffer
0000000000010150 0000000000000018 T binderCreate
0000000000010170 000000000000039c T binderTransactParcel
0000000000010510 0000000000000124 T binderConvertErrorCode
0000000000010640 0000000000000120 T binderAdjustRefcount
0000000000010760 0000000000000098 T binderInitSession
0000000000010800 0000000000000068 T binderClose
0000000000010870 0000000000000154 T binderGetNativeHandle
00000000000109d0 0000000000000030 T parcelCreate
0000000000010a00 000000000000019c T parcelTransact
0000000000010ba0 0000000000000088 T parcelWriteData
0000000000010c30 0000000000000098 T parcelReadData
0000000000010cd0 0000000000000020 T parcelWriteInt32
0000000000010cf0 0000000000000020 T parcelWriteUInt32
0000000000010d10 000000000000007c T parcelWriteString16
0000000000010d90 0000000000000030 T parcelWriteInterfaceToken
0000000000010dc0 0000000000000024 T parcelReadInt32
0000000000010df0 0000000000000068 T parcelReadFlattenedObject
0000000000010e60 000000000000004c T parcelWriteFlattenedObject
0000000000010eb0 00000000000000c4 T nxlinkSetup
0000000000010f80 0000000000000180 T sessionmgrCreate
0000000000011100 0000000000000084 T sessionmgrClose
0000000000011190 00000000000000a4 T sessionmgrAttachClient
0000000000011240 0000000000000074 T sessionmgrDetachClient
00000000000112b8 000000000000003c T aligned_alloc
00000000000112f8 00000000000000b8 T bsearch
00000000000113b0 000000000000002c T calloc
00000000000113e0 0000000000000094 T _calloc_r
0000000000011478 0000000000000014 T __errno
0000000000011490 000000000000004c T __libc_fini_array
00000000000114e0 000000000000002c T gmtime
0000000000011510 000000000000029c T gmtime_r
00000000000117b0 000000000000009c T __libc_init_array
0000000000011850 000000000000002c T memalign
0000000000011880 00000000000001a0 T _memalign_r
0000000000011a20 0000000000000024 T malloc
0000000000011a48 0000000000000024 T free
0000000000011a70 0000000000000874 T _malloc_r
00000000000122e4 00000000000000d8 T memchr
00000000000123c0 000000000000016c T memcpy
0000000000012540 00000000000001dc T memset
0000000000012720 000000000000000c T __malloc_lock
0000000000012730 000000000000000c T __malloc_unlock
0000000000012740 0000000000000090 T printf
00000000000127d0 000000000000003c T setenv
0000000000012810 0000000000000268 T _setenv_r
0000000000012a78 0000000000000278 T setvbuf
0000000000012cf0 00000000000000c0 T sscanf
0000000000012db0 0000000000000050 T __sread
0000000000012e00 0000000000000008 T __seofread
0000000000012e08 000000000000006c T __swrite
0000000000012e78 0000000000000050 T __sseek
0000000000012ec8 0000000000000008 T __sclose
0000000000012ed0 00000000000000dc T strchr
0000000000012fc0 00000000000000e4 T strcmp
00000000000130c0 0000000000000140 T strlen
0000000000013200 0000000000000084 T strncat
00000000000132dc 00000000000001b8 T strncmp
0000000000013498 000000000000009c T strncpy
0000000000013564 00000000000000e0 T strnlen
0000000000013620 00000000000001ac t _strtoul_l.isra.0
00000000000137d0 0000000000000044 T _strtoul_r
0000000000013818 0000000000000048 T strtoul
0000000000013860 0000000000000074 t get_arg
00000000000138d4 0000000000003204 T __ssvfscanf_r
0000000000016ad8 0000000000000040 T time
0000000000016b18 0000000000000784 t get_arg
000000000001729c 0000000000003cc4 T _vfprintf_r
000000000001af60 00000000000000f4 t __sbprintf
000000000001b058 00000000000000d0 T _wcrtomb_r
000000000001b128 0000000000000010 T _wcsrtombs_r
000000000001b138 0000000000000138 T __swsetup_r
000000000001b270 000000000000012c T __call_exitprocs
000000000001b3a0 000000000000019c t quorem
000000000001b540 0000000000001124 T _dtoa_r
000000000001c668 000000000000000c T __env_lock
000000000001c678 000000000000000c T __env_unlock
000000000001c688 0000000000000214 T __sflush_r
000000000001c8a0 00000000000000b8 T _fflush_r
000000000001c958 0000000000000080 t std
000000000001c9d8 000000000000000c T _cleanup_r
000000000001c9e8 000000000000000c T __sfp_lock_acquire
000000000001c9f8 000000000000000c T __sfp_lock_release
000000000001ca08 000000000000000c T __sinit_lock_acquire
000000000001ca18 000000000000000c T __sinit_lock_release
000000000001ca28 0000000000000080 T __sinit
000000000001caa8 0000000000000118 T _malloc_trim_r
000000000001cbc0 0000000000000300 T _free_r
000000000001cec0 00000000000000a4 T _fwalk_reent
000000000001cf68 0000000000000100 T _findenv_r
000000000001d068 0000000000000008 T iswspace
000000000001d070 0000000000000008 T __localeconv_l
000000000001d078 0000000000000028 T _localeconv_r
000000000001d0a0 000000000000002c T __locale_mb_cur_max
000000000001d0d0 00000000000000a4 T __swhatbuf_r
000000000001d178 000000000000010c T __smakebuf_r
000000000001d288 00000000000000e8 T _mbrtowc_r
000000000001d370 00000000000002c8 T __utf8_mbtowc
000000000001d638 0000000000000090 T _Balloc
000000000001d6c8 000000000000001c T _Bfree
000000000001d6e8 00000000000000d8 T __multadd
000000000001d7c0 000000000000012c T __s2b
000000000001d8f0 000000000000005c T __hi0bits
000000000001d950 00000000000000a0 T __lo0bits
000000000001d9f0 000000000000002c T __i2b
000000000001da20 00000000000001dc T __multiply
000000000001dc00 0000000000000100 T __pow5mult
000000000001dd00 0000000000000154 T __lshift
000000000001de58 0000000000000050 T __mcmp
000000000001dea8 000000000000017c T __mdiff
000000000001e028 0000000000000068 T __ulp
000000000001e090 0000000000000150 T __b2d
000000000001e1e0 0000000000000138 T __d2b
000000000001e318 00000000000000a0 T __ratio
000000000001e3b8 0000000000000068 T __copybits
000000000001e420 000000000000006c T __any_on
000000000001e490 000000000000002c T realloc
000000000001e4c0 000000000000056c T _realloc_r
000000000001ea30 00000000000000d4 T __sccl
000000000001eb08 000000000000000c T nanf
000000000001eb18 000000000000007c T frexp
000000000001eb98 00000000000000ac T sprintf
000000000001ec48 0000000000000098 T stpncpy
000000000001ece0 0000000000000054 t sulp
000000000001ed38 000000000000112c T _strtod_l
000000000001fe68 0000000000000054 T _strtod_r
000000000001fec0 000000000000019c t _strtoll_l.isra.0
0000000000020060 0000000000000044 T _strtoll_r
00000000000200a8 000000000000019c t _strtol_l.isra.0
0000000000020248 0000000000000044 T _strtol_r
0000000000020290 00000000000001ac t _strtoull_l.isra.0
0000000000020440 0000000000000044 T _strtoull_r
0000000000020484 00000000000001c0 T __ssprint_r
0000000000020644 00000000000000f0 T _sungetc_r
0000000000020734 0000000000000070 T __ssrefill_r
00000000000207a4 00000000000000e0 T _sfread_r
0000000000020884 0000000000000784 t get_arg
0000000000021008 0000000000003be8 T _svfprintf_r
0000000000024bf0 00000000000000c8 T __submore
0000000000024cb8 000000000000003c T __sprint_r
0000000000024cf8 00000000000001e4 T _wcsnrtombs_l
0000000000024ee0 0000000000000074 T _wcsnrtombs_r
0000000000024f58 00000000000000e4 T __utf8_wctomb
0000000000025040 000000000000015c T _fclose_r
00000000000251a0 00000000000004b8 T __sfvwrite_r
0000000000025658 0000000000000114 t rshift
0000000000025770 0000000000000814 T __gethex
0000000000025f88 0000000000000048 T __match
0000000000025fd0 000000000000024c T __hexnan
0000000000026220 000000000000004c T iswspace_l
0000000000026270 0000000000000248 t __jp2uc
00000000000264b8 00000000000000bc T _jp2uc_l
0000000000026580 00000000000000ac T memmove
0000000000026630 000000000000000c T nan
0000000000026640 0000000000000088 T category
00000000000266c8 0000000000000008 t null_write
00000000000266d0 0000000000000018 T setDefaultDevice
00000000000266e8 0000000000000108 T FindDevice
00000000000267f0 0000000000000034 T RemoveDevice
0000000000026828 00000000000000dc T AddDevice
0000000000026908 0000000000000034 T GetDeviceOpTab
0000000000026940 00000000000000a8 T _close_r
00000000000269e8 0000000000000084 T _fstat_r
0000000000026a70 0000000000000024 T _gettimeofday_r
0000000000026a98 0000000000000008 T _isatty_r
0000000000026aa0 0000000000000098 T _lseek_r
0000000000026b38 00000000000000a4 T _read_r
0000000000026be0 0000000000000078 T _sbrk_r
0000000000026c58 00000000000000a4 T _write_r
0000000000026d00 0000000000000020 T _exit
0000000000026d20 0000000000000228 T _concatenate_path
0000000000026f48 0000000000000178 T chdir
00000000000270c0 0000000000000014 T __libc_lock_acquire
00000000000270d8 0000000000000014 T __libc_lock_release
00000000000270f0 000000000000000c T __libc_lock_init_recursive
0000000000027100 0000000000000014 T __libc_lock_acquire_recursive
0000000000027118 0000000000000014 T __libc_lock_release_recursive
0000000000027130 0000000000000004 T __libc_lock_close_recursive
0000000000027138 000000000000003c T __free_handle
0000000000027178 0000000000000058 T __release_handle
00000000000271d0 0000000000000020 T __get_handle
00000000000271f0 0000000000000020 T __getreent
0000000000027210 0000000000000150 t __extenddftf2
0000000000027360 000000000000030c t __trunctfdf2
0000000000027670 0000000000000070 t __sfp_handle_exceptions
00000000000276e0 0000000000000100 T strrchr
00000000000277e0 T _fini
0000000000028000 R __rodata_start
0000000000028300 0000000000000014 r CSWTCH.525
0000000000028420 0000000000000030 r colorTable
0000000000028450 R default_font_bin
000000000002a450 R default_font_bin_end
000000000002a450 R default_font_bin_size
000000000002a458 0000000000000038 r g_nvColorFmtTable
000000000002a4c0 0000000000000020 r error_table
000000000002a508 0000000000000023 r g_bq_InterfaceDescriptor
000000000002a540 0000000000000101 R _ctype_
000000000002a730 0000000000000022 r basefix.6725
000000000002a8e0 0000000000000010 r blanks.6707
000000000002a8f0 0000000000000010 r zeroes.6708
000000000002a998 0000000000000028 R __mprec_bigtens
000000000002a9c0 00000000000000c8 R __mprec_tens
000000000002aa88 000000000000000c r p05.5441
000000000002aac8 0000000000000014 r fpi.5521
000000000002aae0 0000000000000014 r fpinan.5557
000000000002aaf8 0000000000000028 r tinytens
000000000002ab20 000000000000006c R __action_table
000000000002ab90 0000000000000100 R __chclass
000000000002ac90 000000000000006c R __state_table
000000000002ae48 0000000000000010 r blanks.6692
000000000002ae58 0000000000000010 r zeroes.6693
000000000002ae68 0000000000000100 R __hexdig
000000000002af80 00000000000000bc r a1
000000000002b040 00000000000000bc r a2
000000000002b100 000000000000005b r a3
000000000002b160 0000000000000070 r a6
000000000002b1d0 00000000000000a2 r a7
000000000002b278 0000000000000040 r a8
000000000002b2b8 000000000000172a r b02cf
000000000002c9e8 0000000000001a7c r d02f4
000000000002e468 000000000000309c r categories
0000000000031508 r __EH_FRAME_BEGIN__
0000000000031508 R __eh_frame_hdr_end
0000000000031508 R __eh_frame_hdr_start
0000000000037024 r __FRAME_END__
0000000000037028 a _DYNAMIC
000000000003a000 R __data_start
000000000003a000 t __frame_dummy_init_array_entry
000000000003a000 T __init_array_start
000000000003a000 B __preinit_array_end
000000000003a000 B __preinit_array_start
000000000003a000 D __tdata_lma
000000000003a000 D __tdata_lma_end
000000000003a008 t __do_global_dtors_aux_fini_array_entry
000000000003a008 T __fini_array_start
000000000003a008 T __init_array_end
000000000003a010 T __fini_array_end
000000000003a010 a _GLOBAL_OFFSET_TABLE_
000000000003a010 T __got_start__
000000000003a2a8 D __got_end__
000000000003a2a8 0000000000000060 D months
000000000003a308 0000000000000038 D weekDays
000000000003a340 0000000000000001 V __nx_applet_auto_notifyrunning
000000000003a344 0000000000000004 V __nx_applet_type
000000000003a348 0000000000000001 d firstConsoleInit.6285
000000000003a350 0000000000000058 d defaultConsole
000000000003a3a8 0000000000000008 d currentConsole
000000000003a3b0 00000000000000e0 d dotab_stdout
000000000003a490 0000000000000088 d s_consoleSwRenderer
000000000003a518 0000000000000008 V __nx_exception_stack_size
000000000003a520 0000000000000004 V __nx_fsdev_direntry_cache_size
000000000003a524 0000000000000001 V __nx_fsdev_support_cwd
000000000003a528 00000000000000e0 d fsdev_devoptab
000000000003a608 0000000000000004 V __nx_nv_transfermem_size
000000000003a60c 0000000000000004 V __nx_vi_stray_layer_flags
000000000003a610 0000000000000004 d g_viServiceType
000000000003a614 0000000000000004 V __nx_fs_num_sessions
000000000003a618 0000000000000004 d g_ctrl_fd
000000000003a61c 0000000000000004 d g_nvmap_fd
000000000003a620 0000000000000008 D _impure_ptr
000000000003a628 0000000000000768 d impure_data
000000000003ad90 0000000000000008 D _global_impure_ptr
000000000003ad98 0000000000000008 D __malloc_sbrk_base
000000000003ada0 0000000000000008 D __malloc_trim_threshold
000000000003ada8 0000000000000810 D __malloc_av_
000000000003b5b8 0000000000000008 D environ
000000000003b5c0 00000000000001a8 D __global_locale
000000000003b768 0000000000000002 d numempty
000000000003b770 0000000000000018 D _C_numeric_locale
000000000003b788 0000000000000004 d defaultDevice
000000000003b790 0000000000000080 D devoptab_list
000000000003b810 00000000000000e0 D dotab_stdnull
000000000003b8f0 0000000000000400 d _current_working_directory
000000000003bcf0 0000000000000010 d __stderr_handle
000000000003bd00 0000000000000010 d __stdin_handle
000000000003bd10 0000000000000010 d __stdout_handle
000000000003bd20 0000000000002000 d handles
000000000003dd20 D __bss_start__
000000000003dd20 b completed.8111
000000000003dd20 D __TMC_END__
000000000003dd28 b object.8116
000000000003dd58 0000000000000080 V __nx_applet_AppletAttribute
000000000003ddd8 0000000000000008 V __nx_applet_PerformanceConfiguration
000000000003dde0 0000000000000004 V __nx_applet_exit_mode
000000000003dde4 0000000000000001 b g_appletCopyrightInitialized
000000000003dde8 0000000000000028 b g_appletCopyrightTmem
000000000003de10 0000000000000004 b g_appletCpuBoostMode
000000000003de14 0000000000000001 b g_appletExitProcessFlag
000000000003de18 0000000000000004 b g_appletExitProcessResult
000000000003de20 0000000000000018 b g_appletFirstHook
000000000003de38 0000000000000001 b g_appletFocusState
000000000003de40 0000000000000008 b g_appletGuard
000000000003de48 0000000000000010 b g_appletIAppletCommonFunctions
000000000003de58 0000000000000010 b g_appletIApplicationCreator
000000000003de68 0000000000000010 b g_appletIAudioController
000000000003de78 0000000000000010 b g_appletICommonStateGetter
000000000003de88 0000000000000010 b g_appletIDebugFunctions
000000000003de98 0000000000000010 b g_appletIDisplayController
000000000003dea8 0000000000000010 b g_appletIFunctions
000000000003deb8 0000000000000010 b g_appletIGlobalStateController
000000000003dec8 0000000000000010 b g_appletILibraryAppletCreator
000000000003ded8 0000000000000010 b g_appletILibraryAppletSelfAccessor
000000000003dee8 0000000000000010 b g_appletIProcessWindingController
000000000003def8 0000000000000010 b g_appletISelfController
000000000003df08 0000000000000010 b g_appletIWindowController
000000000003df18 0000000000000050 b g_appletInfo
000000000003df68 0000000000000001 b g_appletInfoInitialized
000000000003df70 0000000000000008 b g_appletInitTickBase
000000000003df78 0000000000000001 b g_appletLeftInitialized
000000000003df80 000000000000000c b g_appletLibraryAppletLaunchableEvent
000000000003df90 000000000000000c b g_appletMessageEvent
000000000003df9c 0000000000000001 b g_appletNotifiedRunning
000000000003df9d 0000000000000001 b g_appletOperationMode
000000000003dfa0 0000000000000004 b g_appletPerformanceMode
000000000003dfa8 0000000000000010 b g_appletProxySession
000000000003dfb8 0000000000000004 b g_appletRecordingInitialized
000000000003dfc0 0000000000000028 b g_appletRecordingTmem
000000000003dfe8 0000000000000008 b g_appletResourceUserId
000000000003dff0 0000000000000010 b g_appletSrv
000000000003e000 0000000000000008 b g_appletSuspendedTick
000000000003e008 000000000000000c b g_appletSuspendedTickEvent
000000000003e014 0000000000000001 b g_appletSuspendedTickInitialized
000000000003e018 0000000000000050 b g_controllerDown
000000000003e068 00000000000001e0 b g_controllerEntries
000000000003e248 0000000000000190 b g_controllerHeaders
000000000003e3d8 0000000000000050 b g_controllerHeld
000000000003e428 0000000000000028 b g_controllerLayout
000000000003e450 0000000000000500 b g_controllerMisc
000000000003e950 0000000000000050 b g_controllerOld
000000000003e9a0 0000000000000004 b g_controllerP1AutoID
000000000003e9a8 0000000000000050 b g_controllerTimestamps
000000000003e9f8 0000000000000050 b g_controllerUp
000000000003ea48 0000000000000008 b g_hidGuard
000000000003ea50 0000000000000010 b g_hidIAppletResource
000000000003ea60 0000000000000020 b g_hidLock
000000000003ea80 0000000000000020 b g_hidSharedmem
000000000003eaa0 0000000000000010 b g_hidSrv
000000000003eab0 0000000000000020 b g_keyboardDown
000000000003ead0 0000000000000038 b g_keyboardEntry
000000000003eb08 0000000000000020 b g_keyboardHeld
000000000003eb28 0000000000000008 b g_keyboardModDown
000000000003eb30 0000000000000008 b g_keyboardModHeld
000000000003eb38 0000000000000008 b g_keyboardModOld
000000000003eb40 0000000000000008 b g_keyboardModUp
000000000003eb48 0000000000000020 b g_keyboardOld
000000000003eb68 0000000000000008 b g_keyboardTimestamp
000000000003eb70 0000000000000020 b g_keyboardUp
000000000003eb90 0000000000000400 b g_mouse
000000000003ef90 0000000000000008 b g_mouseDown
000000000003ef98 0000000000000008 b g_mouseEntry
000000000003efa0 0000000000000008 b g_mouseHeld
000000000003efa8 0000000000000008 b g_mouseOld
000000000003efb0 0000000000000008 b g_mouseTimestamp
000000000003efb8 0000000000000008 b g_mouseUp
000000000003efc0 0000000000000008 b g_sevenSixAxisSensorBuffer
000000000003efc8 0000000000000028 b g_sevenSixAxisSensorTmem0
000000000003eff0 0000000000000028 b g_sevenSixAxisSensorTmem1
000000000003f018 000000000000000a b g_sixaxisEnabled
000000000003f028 0000000000004650 b g_sixaxisLayouts
0000000000043678 0000000000000298 b g_touchEntry
0000000000043910 0000000000000008 b g_touchTimestamp
0000000000043918 0000000000000008 b g_apmGuard
0000000000043920 0000000000000010 b g_apmISession
0000000000043930 0000000000000010 b g_apmSrv
0000000000043940 0000000000000008 b g_smGuard
0000000000043948 0000000000000180 b g_smOverrides
0000000000043ac8 0000000000000008 b g_smOverridesNum
0000000000043ad0 0000000000000010 b g_smSrv
0000000000043ae0 0000000000000004 b g_hosVersion
0000000000043ae4 0000000000000001 b g_hasRandomSeed
0000000000043ae5 0000000000000001 b g_isNso
0000000000043ae8 0000000000000004 b g_lastLoadResult
0000000000043af0 0000000000000008 b g_loaderInfo
0000000000043af8 0000000000000008 b g_loaderInfoSize
0000000000043b00 0000000000000008 b g_loaderRetAddr
0000000000043b08 0000000000000004 b g_mainThreadHandle
0000000000043b10 0000000000000008 b g_nextLoadArgv
0000000000043b18 0000000000000008 b g_nextLoadPath
0000000000043b20 0000000000000008 b g_overrideArgv
0000000000043b28 0000000000000008 b g_overrideHeapAddr
0000000000043b30 0000000000000008 b g_overrideHeapSize
0000000000043b38 0000000000000004 b g_processHandle
0000000000043b40 0000000000000010 b g_randomSeed
0000000000043b50 0000000000000010 b g_syscallHints
0000000000043b60 0000000000000008 b g_userIdStorage
0000000000043b68 0000000000000058 b currentCopy
0000000000043bc0 0000000000000004 b g_Version
0000000000043bc4 0000000000000001 b g_VersionCached
0000000000043bc8 0000000000000004 b g_VersionMutex
0000000000043bd0 0000000000000010 b g_AddressSpace
0000000000043be0 0000000000000008 b g_CurrentAddr
0000000000043be8 0000000000000030 b g_Region
0000000000043c18 0000000000000004 b g_VirtMemMutex
0000000000043c20 0000000000000080 b g_defaultWin
0000000000043ca0 0000000000000050 b g_viDisplay
0000000000043cf0 0000000000000010 b g_viLayer
0000000000043d00 0000000000000004 V __nx_exception_ignoredebug
0000000000043d10 0000000000000400 V __nx_exception_stack
0000000000044110 0000000000000008 V __nx_heap_size
0000000000044118 0000000000000008 b __bootticks
0000000000044120 0000000000000008 b __boottime
0000000000044128 0000000000000004 V __nx_time_type
0000000000044130 0000000000000008 b g_argv_empty
0000000000044138 0000000000000004 b fsdev_fsdevice_cwd
0000000000044140 0000000000002400 b fsdev_fsdevices
0000000000046540 0000000000000001 b fsdev_initialised
0000000000046548 0000000000000008 b g_nvGuard
0000000000046550 0000000000000010 b g_nvSrv
0000000000046560 0000000000000010 b g_nvSrvClone
0000000000046570 0000000000000028 b g_nvTransfermem
0000000000046598 0000000000000004 V __nx_time_service_type
00000000000465a0 0000000000000008 b g_timeGuard
00000000000465a8 0000000000000010 b g_timeLocalSystemClock
00000000000465b8 0000000000000010 b g_timeNetworkSystemClock
00000000000465c8 0000000000000010 b g_timeSrv
00000000000465d8 0000000000000010 b g_timeTimeZoneService
00000000000465e8 0000000000000010 b g_timeUserSystemClock
00000000000465f8 0000000000000008 V __nx_vi_layer_id
0000000000046600 0000000000000008 b g_viGuard
0000000000046608 0000000000000010 b g_viIApplicationDisplayService
0000000000046618 0000000000000010 b g_viIHOSBinderDriverIndirect
0000000000046628 0000000000000010 b g_viIHOSBinderDriverRelay
0000000000046638 0000000000000010 b g_viIManagerDisplayService
0000000000046648 0000000000000010 b g_viISystemDisplayService
0000000000046658 0000000000000008 b g_setsysGuard
0000000000046660 0000000000000010 b g_setsysSrv
0000000000046670 0000000000000008 b g_fsGuard
0000000000046678 0000000000000054 b g_fsSessionMgr
00000000000466d0 0000000000000010 b g_fsSrv
00000000000466e0 0000000000000008 b g_NvEventUsedMask
00000000000466e8 0000000000000300 b g_NvEvents
00000000000469e8 0000000000000008 b g_refCnt
00000000000469f0 0000000000000008 b g_refCnt
00000000000469f8 0000000000000028 B __malloc_current_mallinfo
0000000000046a20 0000000000000008 B __malloc_max_sbrked_mem
0000000000046a28 0000000000000008 B __malloc_max_total_mem
0000000000046a30 0000000000000008 B __malloc_top_pad
0000000000046a38 000000000000000c b __malloc_recursive_mutex
0000000000046a44 0000000000000004 b alloced.4188
0000000000046a48 000000000000000c B __atexit_recursive_mutex
0000000000046a58 0000000000000008 b initial_env
0000000000046a60 000000000000000c b __env_recursive_mutex
0000000000046a70 000000000000000c b __sfp_recursive_mutex
0000000000046a80 000000000000000c b __sinit_recursive_mutex
0000000000046a90 0000000000000008 b heap_start.5367
0000000000046a98 0000000000000008 B fake_heap_end
0000000000046aa0 0000000000000008 B fake_heap_start
0000000000046aa8 0000000000000400 b temp_cwd
0000000000046ea8 0000000000000004 b __hndl_lock
0000000000046eb0 0000000000000340 B __nx_exceptiondump
00000000000471f0 0000000000000008 B __stack_top
00000000000471f8 0000000000000008 B __system_argv
0000000000047200 0000000000000004 B __system_argc
0000000000047208 0000000000000004 B __nxlink_host
0000000000047210 B __tls_start
0000000000047620 B __bss_end__
0000000000047620 A __end__
0000000000047620 B __tls_end
0000000000048000 A __argdata__
