0000000000000000 T __code_start
0000000000000000 0000000000000004 b fsdev_last_result
0000000000000000 A __start__
0000000000000000 T _start
0000000000000000 b _TLS_MODULE_BASE_
0000000000000004 0000000000000004 b g_fsPriority
0000000000000008 0000000000000401 B __nx_dev_path_buf
0000000000000080 t startup
00000000000000a4 t bssclr_start
00000000000000cc t bss_loop
0000000000000120 T __nx_exit
0000000000000130 T __nx_mod0
0000000000000158 T _init
00000000000001c0 0000000000000038 T exit
0000000000000200 000000000000005c T main
0000000000000260 t deregister_tm_clones
0000000000000290 t register_tm_clones
00000000000002d0 t __do_global_dtors_aux
0000000000000318 t frame_dummy
0000000000000350 0000000000000024 t _appletInfiniteSleepLoop
0000000000000380 00000000000000c8 t _appletCmdNoIO
0000000000000450 00000000000000e0 t _appletCmdNoInOutU64
0000000000000530 00000000000000f4 t _appletCmdGetSession
0000000000000630 00000000000000dc t _appletCmdNoInOutU32
0000000000000710 00000000000000e4 t _appletCmdNoInOutU8
0000000000000800 0000000000000040 t _appletCmdNoInOutBool
0000000000000840 0000000000000100 t _appletGetLaunchReason
0000000000000940 00000000000000ec t _appletSetFocusHandlingMode
0000000000000a30 00000000000000dc t _appletGetLibraryAppletInfo
0000000000000b10 00000000000000c4 t _appletCmdInU8NoOut.isra.0
0000000000000be0 00000000000000c4 t _appletCmdInU32NoOut.isra.0
0000000000000cb0 0000000000000118 t _appletGetSessionProxy.constprop.0
0000000000000dd0 0000000000000134 t _appletOpenLibraryAppletProxy.constprop.0
0000000000000f10 00000000000000d8 t _appletCmdGetHandle.constprop.0
0000000000000ff0 0000000000000068 t _appletCmdGetEvent
0000000000001060 0000000000000010 T appletGetAppletType
0000000000001070 0000000000000110 T appletSetFocusHandlingMode
0000000000001180 0000000000000060 T appletSetCpuBoostMode
00000000000011e0 0000000000000028 T appletCreateManagedDisplayLayer
0000000000001210 0000000000000028 T appletGetAppletResourceUserId
0000000000001240 000000000000010c t _appletGetIndirectLayerConsumerHandle.isra.0
0000000000001350 0000000000000078 t _appletHolderCreateState
00000000000013d0 00000000000000b4 T appletHolderClose
0000000000001490 0000000000000018 T appletHolderGetLibraryAppletInfo
00000000000014b0 0000000000000058 T appletNotifyRunning
0000000000001510 0000000000000088 T appletSetGamePlayRecordingState
00000000000015a0 0000000000000ad0 t _appletCleanup
0000000000002070 0000000000000044 T appletExit
00000000000020c0 0000000000000020 t _appletExitProcess
00000000000020e0 000000000000003c T appletGetLibraryAppletInfo
0000000000002120 0000000000000a14 T appletInitialize
0000000000002b40 0000000000000070 T appletGetMessage
0000000000002bb0 0000000000000230 T appletProcessMessage
0000000000002de0 0000000000000034 T appletMainLoop
0000000000002e20 00000000000000ec t _hidCmdWithNoInput
0000000000002f10 0000000000000104 t _hidCmdWithInputU32
0000000000003020 00000000000000f8 t _hidCreateAppletResource.constprop.0
0000000000003120 00000000000000c4 t _hidCmdGetHandle.isra.0.constprop.0
00000000000031f0 00000000000000f4 t _hidCmdWithInputU64.constprop.0
00000000000032f0 00000000000001f8 T hidReset
00000000000034f0 000000000000000c T hidGetSharedmemAddr
0000000000003500 000000000000006c T hidKeysDown
0000000000003570 000000000000000c T hidTouchCount
0000000000003580 00000000000005c0 T hidScanInput
0000000000003b40 0000000000000008 T hidSetSupportedNpadStyleSet
0000000000003b50 0000000000000190 T hidSetSupportedNpadIdType
0000000000003ce0 0000000000000008 T hidSetNpadJoyHoldType
0000000000003cf0 0000000000000020 T hidSetNpadJoyAssignmentModeDual
0000000000003d10 0000000000000080 T hidFinalizeSevenSixAxisSensor
0000000000003d90 0000000000000100 t _hidCleanup
0000000000003e90 00000000000001d8 T hidInitialize
0000000000004070 0000000000000044 T hidExit
00000000000040c0 00000000000000c0 t _apmCleanup
0000000000004180 00000000000000dc t _apmCmdGetSession.constprop.0
0000000000004260 00000000000000a0 T apmInitialize
0000000000004300 0000000000000044 T apmExit
0000000000004350 00000000000000c4 T apmSetPerformanceConfiguration
0000000000004420 00000000000001a0 t _fatalCmd
00000000000045c0 000000000000000c T fatalThrowWithPolicy
00000000000045d0 0000000000000014 T fatalSimple
00000000000045d0 0000000000000014 T fatalThrow
00000000000045f0 0000000000000068 t _smCleanup
0000000000004660 0000000000000048 T smAddOverrideHandle
00000000000046b0 0000000000000054 T smGetServiceOverride
0000000000004710 0000000000000044 T smExit
0000000000004760 00000000000000cc T smGetServiceOriginal
0000000000004830 000000000000027c T smInitialize
0000000000004ab0 0000000000000110 T smGetServiceWrapper
0000000000004bc0 0000000000000010 T hosversionGet
0000000000004bd0 0000000000000010 T hosversionSet
0000000000004be0 0000000000000234 T envSetup
0000000000004e20 0000000000000020 T envGetMainThreadHandle
0000000000004e40 000000000000000c T envIsNso
0000000000004e50 0000000000000014 T envHasHeapOverride
0000000000004e70 000000000000000c T envGetHeapOverrideAddr
0000000000004e80 000000000000000c T envGetHeapOverrideSize
0000000000004e90 0000000000000014 T envHasArgv
0000000000004eb0 000000000000000c T envGetArgv
0000000000004ec0 000000000000000c T envGetExitFuncPtr
0000000000004ed0 000000000000000c T envSetExitFuncPtr
0000000000004ee0 0000000000000048 t consoleDrawChar
0000000000004f30 0000000000000140 t consoleClearLine
0000000000005070 0000000000000048 t consoleNewRow
00000000000050c0 0000000000000120 t consolePrintChar
00000000000051e0 0000000000000150 t consoleCls
0000000000005330 0000000000000814 t con_write
0000000000005b50 000000000000011c T consoleInit
0000000000005c70 0000000000000048 T consoleExit
0000000000005cc0 000000000000002c T consoleUpdate
0000000000005cf0 0000000000000070 t ConsoleSwRenderer_flushAndSwap
0000000000005d60 00000000000000c8 t ConsoleSwRenderer_scrollWindow
0000000000005e30 0000000000000194 t ConsoleSwRenderer_drawChar
0000000000005fd0 000000000000003c t ConsoleSwRenderer_deinit
0000000000006010 00000000000000f4 t ConsoleSwRenderer_init
0000000000006110 000000000000000c W getDefaultConsoleRenderer
000000000000611c T svcSetHeapSize
0000000000006130 T svcSetMemoryAttribute
0000000000006138 T svcUnmapMemory
0000000000006140 T svcQueryMemory
0000000000006154 T svcExitProcess
000000000000615c T svcSleepThread
0000000000006164 T svcMapSharedMemory
000000000000616c T svcUnmapSharedMemory
0000000000006174 T svcCreateTransferMemory
0000000000006188 T svcCloseHandle
0000000000006190 T svcResetSignal
0000000000006198 T svcWaitSynchronization
00000000000061ac T svcArbitrateLock
00000000000061b4 T svcArbitrateUnlock
00000000000061bc T svcWaitProcessWideKeyAtomic
00000000000061c4 T svcSignalProcessWideKey
00000000000061cc T svcConnectToNamedPort
00000000000061e0 T svcSendSyncRequest
00000000000061e8 T svcBreak
00000000000061f0 T svcReturnFromException
00000000000061f8 T svcGetInfo
000000000000620c T svcUnmapTransferMemory
0000000000006220 000000000000017c T detectKernelVersion
00000000000063a0 0000000000000030 T detectDebugger
00000000000063d0 0000000000000014 T shmemLoadRemote
00000000000063f0 0000000000000084 T shmemMap
0000000000006480 0000000000000058 T shmemUnmap
00000000000064e0 0000000000000044 T shmemClose
0000000000006530 0000000000000104 t _waitLoop
0000000000006640 0000000000000328 t _waitObjectsImpl
0000000000006970 000000000000000c T waitObjects
0000000000006980 0000000000000098 T rwlockReadLock
0000000000006a20 00000000000000b4 T rwlockReadUnlock
0000000000006ae0 00000000000000a4 T rwlockWriteLock
0000000000006b90 0000000000000078 T rwlockWriteUnlock
0000000000006c10 00000000000000a8 T tmemCreate
0000000000006cc0 0000000000000058 T tmemUnmap
0000000000006d20 0000000000000068 T tmemClose
0000000000006d90 000000000000008c T mutexLock
0000000000006e20 0000000000000030 T mutexUnlock
0000000000006e50 000000000000004c T rmutexLock
0000000000006ea0 000000000000001c T rmutexUnlock
0000000000006ec0 000000000000007c t _GetRegionFromInfo.isra.0
0000000000006f40 0000000000000114 T virtmemSetup
0000000000007060 0000000000000124 T virtmemReserve
0000000000007190 0000000000000004 T virtmemFree
00000000000071a0 000000000000000c T eventLoadRemote
00000000000071b0 0000000000000038 T eventWait
00000000000071f0 0000000000000050 T eventClose
0000000000007240 0000000000000060 T condvarWaitTimeout
00000000000072a0 0000000000000080 T framebufferMakeLinear
0000000000007320 0000000000000084 T framebufferClose
00000000000073b0 000000000000029c T framebufferCreate
0000000000007650 0000000000000088 T framebufferBegin
00000000000076e0 0000000000000174 T framebufferEnd
0000000000007860 000000000000000c T nwindowGetDefault
0000000000007870 00000000000000c0 T __nx_win_init
0000000000007930 0000000000000034 T __nx_win_exit
0000000000007970 0000000000000054 t _nwindowConnect
00000000000079d0 0000000000000040 t _nwindowDisconnect
0000000000007a10 0000000000000024 T nwindowIsValid
0000000000007a40 000000000000006c T nwindowClose
0000000000007ab0 00000000000000d0 T nwindowCreate
0000000000007b80 0000000000000034 T nwindowCreateFromLayer
0000000000007bc0 0000000000000088 T nwindowSetDimensions
0000000000007c50 0000000000000154 T nwindowConfigureBuffer
0000000000007db0 00000000000001e0 T nwindowDequeueBuffer
0000000000007f90 0000000000000144 T nwindowQueueBuffer
00000000000080e0 00000000000000ac T nwindowReleaseBuffers
0000000000008190 00000000000000a0 T __nx_dynamic
0000000000008230 00000000000000d8 W __libnx_initheap
0000000000008310 00000000000000e8 W __appInit
0000000000008400 0000000000000044 W __appExit
0000000000008450 0000000000000028 W __libnx_init
0000000000008480 0000000000000020 W __libnx_exit
00000000000084a0 000000000000001c T __syscall_exit
00000000000084c0 0000000000000034 T __syscall_getreent
0000000000008500 0000000000000004 T __syscall_lock_acquire
0000000000008510 0000000000000004 T __syscall_lock_release
0000000000008520 0000000000000004 T __syscall_lock_acquire_recursive
0000000000008530 0000000000000004 T __syscall_lock_release_recursive
0000000000008540 000000000000023c T __libnx_init_time
0000000000008780 0000000000000084 T newlibSetup
0000000000008810 0000000000000328 T argvSetup
0000000000008b40 0000000000000014 t fsdev_link
0000000000008b60 0000000000000014 t fsdev_dirreset
0000000000008b80 0000000000000014 t fsdev_chmod
0000000000008ba0 000000000000001c t error_cmp
0000000000008bc0 000000000000005c t fsdev_translate_error
0000000000008c20 0000000000000040 t fsdev_fsync
0000000000008c60 0000000000000058 t fsdev_ftruncate
0000000000008cc0 0000000000000020 t fsdev_dirclose
0000000000008ce0 000000000000001c t fsdev_close
0000000000008d00 0000000000000080 t fsdev_converttimetoutc
0000000000008d80 00000000000000d0 t fsdev_fstat
0000000000008e50 00000000000000b0 t fsdev_seek
0000000000008f00 000000000000010c t fsdev_read_safe.isra.0
0000000000009010 00000000000000c4 t fsdev_read
00000000000090e0 00000000000000fc t fsdev_write_safe.isra.0
00000000000091e0 00000000000000e0 t fsdev_write
00000000000092c0 00000000000000b8 t fsdevFindDevice.part.0
0000000000009380 0000000000000214 t fsdev_getfspath
00000000000095a0 0000000000000078 t fsdev_rmdir
0000000000009620 00000000000000cc t fsdev_statvfs
00000000000096f0 00000000000000f0 t fsdev_diropen
00000000000097e0 0000000000000078 t fsdev_mkdir
0000000000009860 0000000000000104 t fsdev_rename
0000000000009970 0000000000000114 t fsdev_chdir
0000000000009a90 0000000000000078 t fsdev_unlink
0000000000009b10 00000000000001c8 t fsdev_stat
0000000000009ce0 0000000000000190 t fsdev_open
0000000000009e70 00000000000000a8 t _fsdevUnmountDeviceStruct.part.0
0000000000009f20 0000000000000180 t fsdev_dirnext
000000000000a0a0 0000000000000014 t fsdev_fchmod
000000000000a0c0 00000000000001c8 T fsdevMountDevice
000000000000a290 0000000000000048 T fsdevMountSdmc
000000000000a2e0 00000000000000cc T __libnx_init_cwd
000000000000a3b0 0000000000000064 T fsdevUnmountAll
000000000000a420 000000000000012c T decode_utf8
000000000000a54c T armDCacheFlush
000000000000a570 t armDCacheFlush_L0
000000000000a588 W __libnx_exception_entry
000000000000a614 t __libnx_exception_entry_start
000000000000a73c t __libnx_exception_entry_abort
000000000000a740 t __libnx_exception_entry_end
000000000000a748 T __libnx_exception_returnentry
000000000000a760 T __aarch64_read_tp
000000000000a770 00000000000000cc t _nvSetClientPID
000000000000a840 00000000000000d0 t _nvCleanup
000000000000a910 00000000000000dc t _nvCmdInitialize.constprop.0
000000000000a9f0 0000000000000248 T nvInitialize
000000000000ac40 0000000000000044 T nvExit
000000000000ac90 0000000000000140 T nvConvertError
000000000000add0 0000000000000110 T nvOpen
000000000000aee0 000000000000024c T nvIoctl
000000000000b130 00000000000000d4 T nvClose
000000000000b210 0000000000000104 T nvQueryEvent
000000000000b320 00000000000001c8 t _timeCleanup
000000000000b4f0 00000000000000c4 t _timeCmdNoInOutU64.isra.0.constprop.0
000000000000b5c0 00000000000000e4 t _timeCmdGetSession.constprop.0
000000000000b6b0 00000000000001d0 T timeInitialize
000000000000b880 0000000000000044 T timeExit
000000000000b8d0 0000000000000038 T timeGetServiceSession_SystemClock
000000000000b910 0000000000000038 T timeGetCurrentTime
000000000000b950 0000000000000114 T timeToCalendarTimeWithMyRule
000000000000ba70 0000000000000100 T timeToPosixTimeWithMyRule
000000000000bb70 00000000000001dc t _viCleanup
000000000000bd50 00000000000000e4 t _viCmdGetSessionNoParams.constprop.0
000000000000be40 00000000000000e0 t _viCmdGetSession.constprop.0
000000000000bf20 0000000000000260 T viInitialize
000000000000c180 0000000000000044 T viExit
000000000000c1d0 000000000000000c T viGetSession_IHOSBinderDriverRelay
000000000000c1e0 000000000000011c T viOpenDisplay
000000000000c300 00000000000000f4 T viCloseDisplay
000000000000c400 00000000000000f4 T viCloseLayer
000000000000c500 00000000000003a0 T viCreateLayer
000000000000c8a0 00000000000000d4 T viSetLayerScalingMode
000000000000c980 00000000000000d0 t _setsysGetFirmwareVersionImpl
000000000000ca50 0000000000000068 t _setsysCleanup
000000000000cac0 00000000000000a0 T setsysInitialize
000000000000cb60 0000000000000044 T setsysExit
000000000000cbb0 0000000000000044 T setsysGetFirmwareVersion
000000000000cc00 00000000000000b4 t _fsCleanup
000000000000ccc0 00000000000001dc t _fsCmdNoIO
000000000000cea0 00000000000001d4 t _fsFsCmdWithInPath
000000000000d080 00000000000001fc t _fsFsCmdWithTwoInPaths
000000000000d280 000000000000022c t _fsFsOpenCommon
000000000000d4b0 00000000000001f0 t _fsFsCmdWithInPathAndOutU64
000000000000d6a0 00000000000000f4 t _fsObjectClose
000000000000d7a0 000000000000016c t _fsCmdGetSession.constprop.0
000000000000d910 000000000000030c T fsInitialize
000000000000dc20 0000000000000044 T fsExit
000000000000dc70 0000000000000008 T fsOpenSdCardFileSystem
000000000000dc80 00000000000001e4 T fsFsCreateFile
000000000000de70 0000000000000008 T fsFsDeleteFile
000000000000de80 0000000000000008 T fsFsCreateDirectory
000000000000de90 0000000000000008 T fsFsDeleteDirectory
000000000000dea0 0000000000000008 T fsFsRenameFile
000000000000deb0 0000000000000008 T fsFsRenameDirectory
000000000000dec0 00000000000001e8 T fsFsGetEntryType
000000000000e0b0 0000000000000008 T fsFsOpenFile
000000000000e0c0 0000000000000008 T fsFsOpenDirectory
000000000000e0d0 0000000000000008 T fsFsGetFreeSpace
000000000000e0e0 0000000000000008 T fsFsGetTotalSpace
000000000000e0f0 000000000000022c T fsFsGetFileTimeStampRaw
000000000000e320 0000000000000004 T fsFsClose
000000000000e330 0000000000000218 T fsFileRead
000000000000e550 0000000000000208 T fsFileWrite
000000000000e760 0000000000000008 T fsFileFlush
000000000000e770 00000000000001e0 T fsFileSetSize
000000000000e950 00000000000001f0 T fsFileGetSize
000000000000eb40 0000000000000004 T fsFileClose
000000000000eb50 0000000000000004 T fsDirClose
000000000000eb60 0000000000000200 T fsDirRead
000000000000ed60 0000000000000060 t _nvFenceEventWaitCommon
000000000000edc0 000000000000005c T nvFenceInit
000000000000ee20 00000000000000b0 T nvFenceExit
000000000000eed0 00000000000001cc T nvFenceWait
000000000000f0a0 0000000000000074 T nvMultiFenceWait
000000000000f120 000000000000006c T nvMapInit
000000000000f190 0000000000000068 T nvMapExit
000000000000f200 0000000000000080 T nvMapClose
000000000000f280 0000000000000160 T nvMapCreate
000000000000f3e0 0000000000000028 T nvioctlNvhostCtrl_EventSignal
000000000000f410 0000000000000044 T nvioctlNvhostCtrl_EventWait
000000000000f460 0000000000000030 T nvioctlNvhostCtrl_EventWaitAsync
000000000000f490 0000000000000028 T nvioctlNvhostCtrl_EventRegister
000000000000f4c0 0000000000000028 T nvioctlNvhostCtrl_EventUnregister
000000000000f4f0 0000000000000040 T nvioctlNvmap_Create
000000000000f530 0000000000000044 T nvioctlNvmap_Alloc
000000000000f580 0000000000000030 T nvioctlNvmap_Free
000000000000f5b0 0000000000000040 T nvioctlNvmap_GetId
000000000000f5f0 00000000000000d8 T bqRequestBuffer
000000000000f6d0 0000000000000168 T bqDequeueBuffer
000000000000f840 000000000000009c T bqDetachBuffer
000000000000f8e0 00000000000000dc T bqQueueBuffer
000000000000f9c0 0000000000000094 T bqCancelBuffer
000000000000fa60 00000000000000e8 T bqConnect
000000000000fb50 000000000000009c T bqDisconnect
000000000000fbf0 0000000000000174 T bqSetPreallocatedBuffer
000000000000fd70 0000000000000018 T binderCreate
000000000000fd90 000000000000039c T binderTransactParcel
0000000000010130 0000000000000124 T binderConvertErrorCode
0000000000010260 0000000000000120 T binderAdjustRefcount
0000000000010380 0000000000000098 T binderInitSession
0000000000010420 0000000000000068 T binderClose
0000000000010490 0000000000000154 T binderGetNativeHandle
00000000000105f0 0000000000000030 T parcelCreate
0000000000010620 000000000000019c T parcelTransact
00000000000107c0 0000000000000088 T parcelWriteData
0000000000010850 0000000000000098 T parcelReadData
00000000000108f0 0000000000000020 T parcelWriteInt32
0000000000010910 0000000000000020 T parcelWriteUInt32
0000000000010930 000000000000007c T parcelWriteString16
00000000000109b0 0000000000000030 T parcelWriteInterfaceToken
00000000000109e0 0000000000000024 T parcelReadInt32
0000000000010a10 0000000000000068 T parcelReadFlattenedObject
0000000000010a80 000000000000004c T parcelWriteFlattenedObject
0000000000010ad0 00000000000000c4 T nxlinkSetup
0000000000010ba0 0000000000000180 T sessionmgrCreate
0000000000010d20 0000000000000084 T sessionmgrClose
0000000000010db0 00000000000000a4 T sessionmgrAttachClient
0000000000010e60 0000000000000074 T sessionmgrDetachClient
0000000000010ed8 000000000000003c T aligned_alloc
0000000000010f18 00000000000000b8 T bsearch
0000000000010fd0 000000000000002c T calloc
0000000000011000 0000000000000094 T _calloc_r
0000000000011098 0000000000000014 T __errno
00000000000110b0 000000000000004c T __libc_fini_array
0000000000011100 000000000000002c T gmtime
0000000000011130 000000000000029c T gmtime_r
00000000000113d0 000000000000009c T __libc_init_array
0000000000011470 000000000000002c T memalign
00000000000114a0 00000000000001a0 T _memalign_r
0000000000011640 0000000000000024 T malloc
0000000000011668 0000000000000024 T free
0000000000011690 0000000000000874 T _malloc_r
0000000000011f04 00000000000000d8 T memchr
0000000000012000 000000000000016c T memcpy
0000000000012180 00000000000001dc T memset
0000000000012360 000000000000000c T __malloc_lock
0000000000012370 000000000000000c T __malloc_unlock
0000000000012380 00000000000000d0 T _puts_r
0000000000012450 0000000000000024 T puts
0000000000012478 000000000000003c T setenv
00000000000124b8 0000000000000268 T _setenv_r
0000000000012720 0000000000000278 T setvbuf
0000000000012998 00000000000000c0 T sscanf
0000000000012a58 0000000000000050 T __sread
0000000000012aa8 0000000000000008 T __seofread
0000000000012ab0 000000000000006c T __swrite
0000000000012b20 0000000000000050 T __sseek
0000000000012b70 0000000000000008 T __sclose
0000000000012b78 00000000000000dc T strchr
0000000000012c80 00000000000000e4 T strcmp
0000000000012d80 0000000000000140 T strlen
0000000000012ec0 0000000000000084 T strncat
0000000000012f9c 00000000000001b8 T strncmp
0000000000013158 000000000000009c T strncpy
0000000000013224 00000000000000e0 T strnlen
00000000000132e0 00000000000001ac t _strtoul_l.isra.0
0000000000013490 0000000000000044 T _strtoul_r
00000000000134d8 0000000000000048 T strtoul
0000000000013520 0000000000000074 t get_arg
0000000000013594 0000000000003204 T __ssvfscanf_r
0000000000016798 00000000000000d0 T _wcrtomb_r
0000000000016868 0000000000000010 T _wcsrtombs_r
0000000000016878 0000000000000138 T __swsetup_r
00000000000169b0 000000000000012c T __call_exitprocs
0000000000016ae0 000000000000019c t quorem
0000000000016c80 0000000000001124 T _dtoa_r
0000000000017da8 000000000000000c T __env_lock
0000000000017db8 000000000000000c T __env_unlock
0000000000017dc8 0000000000000214 T __sflush_r
0000000000017fe0 00000000000000b8 T _fflush_r
0000000000018098 0000000000000080 t std
0000000000018118 000000000000000c T _cleanup_r
0000000000018128 000000000000000c T __sfp_lock_acquire
0000000000018138 000000000000000c T __sfp_lock_release
0000000000018148 000000000000000c T __sinit_lock_acquire
0000000000018158 000000000000000c T __sinit_lock_release
0000000000018168 0000000000000080 T __sinit
00000000000181e8 0000000000000118 T _malloc_trim_r
0000000000018300 0000000000000300 T _free_r
0000000000018600 00000000000004b8 T __sfvwrite_r
0000000000018ab8 00000000000000a4 T _fwalk_reent
0000000000018b60 0000000000000100 T _findenv_r
0000000000018c60 0000000000000008 T iswspace
0000000000018c68 0000000000000008 T __localeconv_l
0000000000018c70 0000000000000028 T _localeconv_r
0000000000018c98 000000000000002c T __locale_mb_cur_max
0000000000018cc8 00000000000000a4 T __swhatbuf_r
0000000000018d70 000000000000010c T __smakebuf_r
0000000000018e80 00000000000000e8 T _mbrtowc_r
0000000000018f68 00000000000002c8 T __utf8_mbtowc
0000000000019240 00000000000000ac T memmove
00000000000192f0 0000000000000090 T _Balloc
0000000000019380 000000000000001c T _Bfree
00000000000193a0 00000000000000d8 T __multadd
0000000000019478 000000000000012c T __s2b
00000000000195a8 000000000000005c T __hi0bits
0000000000019608 00000000000000a0 T __lo0bits
00000000000196a8 000000000000002c T __i2b
00000000000196d8 00000000000001dc T __multiply
00000000000198b8 0000000000000100 T __pow5mult
00000000000199b8 0000000000000154 T __lshift
0000000000019b10 0000000000000050 T __mcmp
0000000000019b60 000000000000017c T __mdiff
0000000000019ce0 0000000000000068 T __ulp
0000000000019d48 0000000000000150 T __b2d
0000000000019e98 0000000000000138 T __d2b
0000000000019fd0 00000000000000a0 T __ratio
000000000001a070 0000000000000068 T __copybits
000000000001a0d8 000000000000006c T __any_on
000000000001a148 000000000000002c T realloc
000000000001a178 000000000000056c T _realloc_r
000000000001a6e8 00000000000000d4 T __sccl
000000000001a7c0 000000000000000c T nanf
000000000001a7d0 000000000000007c T frexp
000000000001a850 00000000000000ac T sprintf
000000000001a900 0000000000000098 T stpncpy
000000000001a998 0000000000000054 t sulp
000000000001a9f0 000000000000112c T _strtod_l
000000000001bb20 0000000000000054 T _strtod_r
000000000001bb78 000000000000019c t _strtoll_l.isra.0
000000000001bd18 0000000000000044 T _strtoll_r
000000000001bd60 000000000000019c t _strtol_l.isra.0
000000000001bf00 0000000000000044 T _strtol_r
000000000001bf48 00000000000001ac t _strtoull_l.isra.0
000000000001c0f8 0000000000000044 T _strtoull_r
000000000001c13c 00000000000001c0 T __ssprint_r
000000000001c2fc 00000000000000f0 T _sungetc_r
000000000001c3ec 0000000000000070 T __ssrefill_r
000000000001c45c 00000000000000e0 T _sfread_r
000000000001c53c 0000000000000784 t get_arg
000000000001ccc0 0000000000003be8 T _svfprintf_r
00000000000208a8 00000000000000c8 T __submore
0000000000020970 00000000000001e4 T _wcsnrtombs_l
0000000000020b58 0000000000000074 T _wcsnrtombs_r
0000000000020bd0 00000000000000e4 T __utf8_wctomb
0000000000020cb8 000000000000015c T _fclose_r
0000000000020e18 0000000000000114 t rshift
0000000000020f30 0000000000000814 T __gethex
0000000000021748 0000000000000048 T __match
0000000000021790 000000000000024c T __hexnan
00000000000219e0 000000000000004c T iswspace_l
0000000000021a30 0000000000000248 t __jp2uc
0000000000021c78 00000000000000bc T _jp2uc_l
0000000000021d38 000000000000000c T nan
0000000000021d48 0000000000000088 T category
0000000000021dd0 0000000000000008 t null_write
0000000000021dd8 0000000000000018 T setDefaultDevice
0000000000021df0 0000000000000108 T FindDevice
0000000000021ef8 0000000000000034 T RemoveDevice
0000000000021f30 00000000000000dc T AddDevice
0000000000022010 0000000000000034 T GetDeviceOpTab
0000000000022048 00000000000000a8 T _close_r
00000000000220f0 0000000000000084 T _fstat_r
0000000000022178 0000000000000008 T _isatty_r
0000000000022180 0000000000000098 T _lseek_r
0000000000022218 00000000000000a4 T _read_r
00000000000222c0 0000000000000078 T _sbrk_r
0000000000022338 00000000000000a4 T _write_r
00000000000223e0 0000000000000020 T _exit
0000000000022400 0000000000000228 T _concatenate_path
0000000000022628 0000000000000178 T chdir
00000000000227a0 0000000000000014 T __libc_lock_acquire
00000000000227b8 0000000000000014 T __libc_lock_release
00000000000227d0 000000000000000c T __libc_lock_init_recursive
00000000000227e0 0000000000000014 T __libc_lock_acquire_recursive
00000000000227f8 0000000000000014 T __libc_lock_release_recursive
0000000000022810 0000000000000004 T __libc_lock_close_recursive
0000000000022818 000000000000003c T __free_handle
0000000000022858 0000000000000058 T __release_handle
00000000000228b0 0000000000000020 T __get_handle
00000000000228d0 0000000000000020 T __getreent
00000000000228f0 0000000000000150 t __extenddftf2
0000000000022a40 000000000000030c t __trunctfdf2
0000000000022d50 0000000000000070 t __sfp_handle_exceptions
0000000000022dc0 0000000000000100 T strrchr
0000000000022ec0 T _fini
0000000000023000 R __rodata_start
0000000000023028 0000000000000014 r CSWTCH.525
0000000000023148 0000000000000030 r colorTable
0000000000023178 R default_font_bin
0000000000025178 R default_font_bin_end
0000000000025178 R default_font_bin_size
0000000000025180 0000000000000038 r g_nvColorFmtTable
00000000000251e8 0000000000000020 r error_table
0000000000025230 0000000000000023 r g_bq_InterfaceDescriptor
0000000000025268 0000000000000101 R _ctype_
0000000000025460 0000000000000022 r basefix.6725
0000000000025520 0000000000000028 R __mprec_bigtens
0000000000025548 00000000000000c8 R __mprec_tens
0000000000025610 000000000000000c r p05.5441
0000000000025650 0000000000000014 r fpi.5521
0000000000025668 0000000000000014 r fpinan.5557
0000000000025680 0000000000000028 r tinytens
00000000000256a8 000000000000006c R __action_table
0000000000025718 0000000000000100 R __chclass
0000000000025818 000000000000006c R __state_table
0000000000025a10 0000000000000010 r blanks.6692
0000000000025a20 0000000000000010 r zeroes.6693
0000000000025a30 0000000000000100 R __hexdig
0000000000025b48 00000000000000bc r a1
0000000000025c08 00000000000000bc r a2
0000000000025cc8 000000000000005b r a3
0000000000025d28 0000000000000070 r a6
0000000000025d98 00000000000000a2 r a7
0000000000025e40 0000000000000040 r a8
0000000000025e80 000000000000172a r b02cf
00000000000275b0 0000000000001a7c r d02f4
0000000000029030 000000000000309c r categories
000000000002c0d0 r __EH_FRAME_BEGIN__
000000000002c0d0 R __eh_frame_hdr_end
000000000002c0d0 R __eh_frame_hdr_start
0000000000031a9c r __FRAME_END__
0000000000031aa0 a _DYNAMIC
0000000000035000 R __data_start
0000000000035000 t __frame_dummy_init_array_entry
0000000000035000 T __init_array_start
0000000000035000 B __preinit_array_end
0000000000035000 B __preinit_array_start
0000000000035000 D __tdata_lma
0000000000035000 D __tdata_lma_end
0000000000035008 t __do_global_dtors_aux_fini_array_entry
0000000000035008 T __fini_array_start
0000000000035008 T __init_array_end
0000000000035010 T __fini_array_end
0000000000035010 a _GLOBAL_OFFSET_TABLE_
0000000000035010 T __got_start__
00000000000352a0 D __got_end__
00000000000352a0 0000000000000001 V __nx_applet_auto_notifyrunning
00000000000352a4 0000000000000004 V __nx_applet_type
00000000000352a8 0000000000000001 d firstConsoleInit.6285
00000000000352b0 0000000000000058 d defaultConsole
0000000000035308 0000000000000008 d currentConsole
0000000000035310 00000000000000e0 d dotab_stdout
00000000000353f0 0000000000000088 d s_consoleSwRenderer
0000000000035478 0000000000000008 V __nx_exception_stack_size
0000000000035480 0000000000000004 V __nx_fsdev_direntry_cache_size
0000000000035484 0000000000000001 V __nx_fsdev_support_cwd
0000000000035488 00000000000000e0 d fsdev_devoptab
0000000000035568 0000000000000004 V __nx_nv_transfermem_size
000000000003556c 0000000000000004 V __nx_vi_stray_layer_flags
0000000000035570 0000000000000004 d g_viServiceType
0000000000035574 0000000000000004 V __nx_fs_num_sessions
0000000000035578 0000000000000004 d g_ctrl_fd
000000000003557c 0000000000000004 d g_nvmap_fd
0000000000035580 0000000000000008 D _impure_ptr
0000000000035588 0000000000000768 d impure_data
0000000000035cf0 0000000000000008 D _global_impure_ptr
0000000000035cf8 0000000000000008 D __malloc_sbrk_base
0000000000035d00 0000000000000008 D __malloc_trim_threshold
0000000000035d08 0000000000000810 D __malloc_av_
0000000000036518 0000000000000008 D environ
0000000000036520 00000000000001a8 D __global_locale
00000000000366c8 0000000000000002 d numempty
00000000000366d0 0000000000000018 D _C_numeric_locale
00000000000366e8 0000000000000004 d defaultDevice
00000000000366f0 0000000000000080 D devoptab_list
0000000000036770 00000000000000e0 D dotab_stdnull
0000000000036850 0000000000000400 d _current_working_directory
0000000000036c50 0000000000000010 d __stderr_handle
0000000000036c60 0000000000000010 d __stdin_handle
0000000000036c70 0000000000000010 d __stdout_handle
0000000000036c80 0000000000002000 d handles
0000000000038c80 D __bss_start__
0000000000038c80 b completed.8111
0000000000038c80 D __TMC_END__
0000000000038c88 b object.8116
0000000000038cb8 0000000000000080 V __nx_applet_AppletAttribute
0000000000038d38 0000000000000008 V __nx_applet_PerformanceConfiguration
0000000000038d40 0000000000000004 V __nx_applet_exit_mode
0000000000038d44 0000000000000001 b g_appletCopyrightInitialized
0000000000038d48 0000000000000028 b g_appletCopyrightTmem
0000000000038d70 0000000000000004 b g_appletCpuBoostMode
0000000000038d74 0000000000000001 b g_appletExitProcessFlag
0000000000038d78 0000000000000004 b g_appletExitProcessResult
0000000000038d80 0000000000000018 b g_appletFirstHook
0000000000038d98 0000000000000001 b g_appletFocusState
0000000000038da0 0000000000000008 b g_appletGuard
0000000000038da8 0000000000000010 b g_appletIAppletCommonFunctions
0000000000038db8 0000000000000010 b g_appletIApplicationCreator
0000000000038dc8 0000000000000010 b g_appletIAudioController
0000000000038dd8 0000000000000010 b g_appletICommonStateGetter
0000000000038de8 0000000000000010 b g_appletIDebugFunctions
0000000000038df8 0000000000000010 b g_appletIDisplayController
0000000000038e08 0000000000000010 b g_appletIFunctions
0000000000038e18 0000000000000010 b g_appletIGlobalStateController
0000000000038e28 0000000000000010 b g_appletILibraryAppletCreator
0000000000038e38 0000000000000010 b g_appletILibraryAppletSelfAccessor
0000000000038e48 0000000000000010 b g_appletIProcessWindingController
0000000000038e58 0000000000000010 b g_appletISelfController
0000000000038e68 0000000000000010 b g_appletIWindowController
0000000000038e78 0000000000000050 b g_appletInfo
0000000000038ec8 0000000000000001 b g_appletInfoInitialized
0000000000038ed0 0000000000000008 b g_appletInitTickBase
0000000000038ed8 0000000000000001 b g_appletLeftInitialized
0000000000038ee0 000000000000000c b g_appletLibraryAppletLaunchableEvent
0000000000038ef0 000000000000000c b g_appletMessageEvent
0000000000038efc 0000000000000001 b g_appletNotifiedRunning
0000000000038efd 0000000000000001 b g_appletOperationMode
0000000000038f00 0000000000000004 b g_appletPerformanceMode
0000000000038f08 0000000000000010 b g_appletProxySession
0000000000038f18 0000000000000004 b g_appletRecordingInitialized
0000000000038f20 0000000000000028 b g_appletRecordingTmem
0000000000038f48 0000000000000008 b g_appletResourceUserId
0000000000038f50 0000000000000010 b g_appletSrv
0000000000038f60 0000000000000008 b g_appletSuspendedTick
0000000000038f68 000000000000000c b g_appletSuspendedTickEvent
0000000000038f74 0000000000000001 b g_appletSuspendedTickInitialized
0000000000038f78 0000000000000050 b g_controllerDown
0000000000038fc8 00000000000001e0 b g_controllerEntries
00000000000391a8 0000000000000190 b g_controllerHeaders
0000000000039338 0000000000000050 b g_controllerHeld
0000000000039388 0000000000000028 b g_controllerLayout
00000000000393b0 0000000000000500 b g_controllerMisc
00000000000398b0 0000000000000050 b g_controllerOld
0000000000039900 0000000000000004 b g_controllerP1AutoID
0000000000039908 0000000000000050 b g_controllerTimestamps
0000000000039958 0000000000000050 b g_controllerUp
00000000000399a8 0000000000000008 b g_hidGuard
00000000000399b0 0000000000000010 b g_hidIAppletResource
00000000000399c0 0000000000000020 b g_hidLock
00000000000399e0 0000000000000020 b g_hidSharedmem
0000000000039a00 0000000000000010 b g_hidSrv
0000000000039a10 0000000000000020 b g_keyboardDown
0000000000039a30 0000000000000038 b g_keyboardEntry
0000000000039a68 0000000000000020 b g_keyboardHeld
0000000000039a88 0000000000000008 b g_keyboardModDown
0000000000039a90 0000000000000008 b g_keyboardModHeld
0000000000039a98 0000000000000008 b g_keyboardModOld
0000000000039aa0 0000000000000008 b g_keyboardModUp
0000000000039aa8 0000000000000020 b g_keyboardOld
0000000000039ac8 0000000000000008 b g_keyboardTimestamp
0000000000039ad0 0000000000000020 b g_keyboardUp
0000000000039af0 0000000000000400 b g_mouse
0000000000039ef0 0000000000000008 b g_mouseDown
0000000000039ef8 0000000000000008 b g_mouseEntry
0000000000039f00 0000000000000008 b g_mouseHeld
0000000000039f08 0000000000000008 b g_mouseOld
0000000000039f10 0000000000000008 b g_mouseTimestamp
0000000000039f18 0000000000000008 b g_mouseUp
0000000000039f20 0000000000000008 b g_sevenSixAxisSensorBuffer
0000000000039f28 0000000000000028 b g_sevenSixAxisSensorTmem0
0000000000039f50 0000000000000028 b g_sevenSixAxisSensorTmem1
0000000000039f78 000000000000000a b g_sixaxisEnabled
0000000000039f88 0000000000004650 b g_sixaxisLayouts
000000000003e5d8 0000000000000298 b g_touchEntry
000000000003e870 0000000000000008 b g_touchTimestamp
000000000003e878 0000000000000008 b g_apmGuard
000000000003e880 0000000000000010 b g_apmISession
000000000003e890 0000000000000010 b g_apmSrv
000000000003e8a0 0000000000000008 b g_smGuard
000000000003e8a8 0000000000000180 b g_smOverrides
000000000003ea28 0000000000000008 b g_smOverridesNum
000000000003ea30 0000000000000010 b g_smSrv
000000000003ea40 0000000000000004 b g_hosVersion
000000000003ea44 0000000000000001 b g_hasRandomSeed
000000000003ea45 0000000000000001 b g_isNso
000000000003ea48 0000000000000004 b g_lastLoadResult
000000000003ea50 0000000000000008 b g_loaderInfo
000000000003ea58 0000000000000008 b g_loaderInfoSize
000000000003ea60 0000000000000008 b g_loaderRetAddr
000000000003ea68 0000000000000004 b g_mainThreadHandle
000000000003ea70 0000000000000008 b g_nextLoadArgv
000000000003ea78 0000000000000008 b g_nextLoadPath
000000000003ea80 0000000000000008 b g_overrideArgv
000000000003ea88 0000000000000008 b g_overrideHeapAddr
000000000003ea90 0000000000000008 b g_overrideHeapSize
000000000003ea98 0000000000000004 b g_processHandle
000000000003eaa0 0000000000000010 b g_randomSeed
000000000003eab0 0000000000000010 b g_syscallHints
000000000003eac0 0000000000000008 b g_userIdStorage
000000000003eac8 0000000000000058 b currentCopy
000000000003eb20 0000000000000004 b g_Version
000000000003eb24 0000000000000001 b g_VersionCached
000000000003eb28 0000000000000004 b g_VersionMutex
000000000003eb30 0000000000000010 b g_AddressSpace
000000000003eb40 0000000000000008 b g_CurrentAddr
000000000003eb48 0000000000000030 b g_Region
000000000003eb78 0000000000000004 b g_VirtMemMutex
000000000003eb80 0000000000000080 b g_defaultWin
000000000003ec00 0000000000000050 b g_viDisplay
000000000003ec50 0000000000000010 b g_viLayer
000000000003ec60 0000000000000004 V __nx_exception_ignoredebug
000000000003ec70 0000000000000400 V __nx_exception_stack
000000000003f070 0000000000000008 V __nx_heap_size
000000000003f078 0000000000000008 b __bootticks
000000000003f080 0000000000000008 b __boottime
000000000003f088 0000000000000004 V __nx_time_type
000000000003f090 0000000000000008 b g_argv_empty
000000000003f098 0000000000000004 b fsdev_fsdevice_cwd
000000000003f0a0 0000000000002400 b fsdev_fsdevices
00000000000414a0 0000000000000001 b fsdev_initialised
00000000000414a8 0000000000000008 b g_nvGuard
00000000000414b0 0000000000000010 b g_nvSrv
00000000000414c0 0000000000000010 b g_nvSrvClone
00000000000414d0 0000000000000028 b g_nvTransfermem
00000000000414f8 0000000000000004 V __nx_time_service_type
0000000000041500 0000000000000008 b g_timeGuard
0000000000041508 0000000000000010 b g_timeLocalSystemClock
0000000000041518 0000000000000010 b g_timeNetworkSystemClock
0000000000041528 0000000000000010 b g_timeSrv
0000000000041538 0000000000000010 b g_timeTimeZoneService
0000000000041548 0000000000000010 b g_timeUserSystemClock
0000000000041558 0000000000000008 V __nx_vi_layer_id
0000000000041560 0000000000000008 b g_viGuard
0000000000041568 0000000000000010 b g_viIApplicationDisplayService
0000000000041578 0000000000000010 b g_viIHOSBinderDriverIndirect
0000000000041588 0000000000000010 b g_viIHOSBinderDriverRelay
0000000000041598 0000000000000010 b g_viIManagerDisplayService
00000000000415a8 0000000000000010 b g_viISystemDisplayService
00000000000415b8 0000000000000008 b g_setsysGuard
00000000000415c0 0000000000000010 b g_setsysSrv
00000000000415d0 0000000000000008 b g_fsGuard
00000000000415d8 0000000000000054 b g_fsSessionMgr
0000000000041630 0000000000000010 b g_fsSrv
0000000000041640 0000000000000008 b g_NvEventUsedMask
0000000000041648 0000000000000300 b g_NvEvents
0000000000041948 0000000000000008 b g_refCnt
0000000000041950 0000000000000008 b g_refCnt
0000000000041958 0000000000000028 B __malloc_current_mallinfo
0000000000041980 0000000000000008 B __malloc_max_sbrked_mem
0000000000041988 0000000000000008 B __malloc_max_total_mem
0000000000041990 0000000000000008 B __malloc_top_pad
0000000000041998 000000000000000c b __malloc_recursive_mutex
00000000000419a4 0000000000000004 b alloced.4188
00000000000419a8 000000000000000c B __atexit_recursive_mutex
00000000000419b8 0000000000000008 b initial_env
00000000000419c0 000000000000000c b __env_recursive_mutex
00000000000419d0 000000000000000c b __sfp_recursive_mutex
00000000000419e0 000000000000000c b __sinit_recursive_mutex
00000000000419f0 0000000000000008 b heap_start.5367
00000000000419f8 0000000000000008 B fake_heap_end
0000000000041a00 0000000000000008 B fake_heap_start
0000000000041a08 0000000000000400 b temp_cwd
0000000000041e08 0000000000000004 b __hndl_lock
0000000000041e10 0000000000000340 B __nx_exceptiondump
0000000000042150 0000000000000008 B __stack_top
0000000000042158 0000000000000008 B __system_argv
0000000000042160 0000000000000004 B __system_argc
0000000000042168 0000000000000004 B __nxlink_host
0000000000042170 B __tls_start
0000000000042580 B __bss_end__
0000000000042580 A __end__
0000000000042580 B __tls_end
0000000000043000 A __argdata__
